###############################################################
#  Generated by:      Cadence Innovus 18.10-p002_1
#  OS:                Linux x86_64(Host ID ensc-esil-t1.engineering.sfu.ca)
#  Generated on:      Sat Mar 23 14:33:28 2019
#  Design:            rgb2gray
#  Command:           summaryReport -outfile results/summary/09-finishing.rpt
###############################################################


==============================
General Design Information
==============================
Design Status: Routed  
Design Name: rgb2gray  
# Instances: 1040  
# Hard Macros: 0  
# Std Cells: 1040  
    ------------------------------
    Standard Cells in Netlist
    ------------------------------
               Cell Type   Instance Count  Area (um^2)  
                 AND2_X1               16          17.0240  
                 AND3_X1                4           5.3200  
                AOI21_X1                4           4.2560  
                AOI21_X2                1           1.8620  
                AOI22_X1                1           1.3300  
                  BUF_X1                1           0.7980  
               CLKBUF_X2                1           1.0640  
                 DFFR_X1               32         170.2400  
             FILLCELL_X1              510         135.6600  
            FILLCELL_X16               39         165.9840  
            FILLCELL_X32               79         672.4480  
             FILLCELL_X4               66          70.2240  
             FILLCELL_X8               33          70.2240  
                  INV_X1               59          31.3880  
                  INV_X2                1           0.7980  
                NAND2_X1               46          36.7080  
                NAND2_X2                2           2.6600  
                NAND3_X1                9           9.5760  
                NAND4_X1               15          19.9500  
                 NOR2_X1               26          20.7480  
                 NOR3_X1                8           8.5120  
                 NOR4_X1                4           5.3200  
               OAI211_X1               12          15.9600  
                OAI21_X1               20          21.2800  
               OAI222_X1               16          34.0480  
                OAI22_X1                2           2.6600  
                OAI33_X1                8          14.8960  
                  OR2_X1               17          18.0880  
                  OR2_X2                1           1.3300  
                XNOR2_X1                4           6.3840  
                 XOR2_X1                3           4.7880  
# Pads: 0  
# Net: 370  
# Special Net: 2  
# IO Pins: 
    ------------------------------
    Issued IO Information
    ------------------------------
    # Unplaced IO Pin  0  
    # Floating IO  0  
    # IO Connected to Non-IO Inst  
        ------------------------------
        IO Connected to Non-IO Inst
        ------------------------------
                     IO Name      Non-IO Inst Name  
                     gray[0]           gray_reg[0]  
                     gray[1]           gray_reg[1]  
                     gray[2]           gray_reg[2]  
                     gray[3]           gray_reg[3]  
                     gray[4]           gray_reg[4]  
                     gray[5]           gray_reg[5]  
                     gray[6]           gray_reg[6]  
                     gray[7]           gray_reg[7]  
                        g[0]          g_int_reg[0]  
                        g[1]          g_int_reg[1]  
                        g[2]          g_int_reg[2]  
                        g[3]          g_int_reg[3]  
                        g[4]          g_int_reg[4]  
                        g[5]          g_int_reg[5]  
                        g[6]          g_int_reg[6]  
                        g[7]          g_int_reg[7]  
                        b[0]          b_int_reg[0]  
                        b[1]          b_int_reg[1]  
                        b[2]          b_int_reg[2]  
                        b[3]          b_int_reg[3]  
                        b[4]          b_int_reg[4]  
                        b[5]          b_int_reg[5]  
                        b[6]          b_int_reg[6]  
                        b[7]          b_int_reg[7]  
                        r[0]          r_int_reg[0]  
                        r[1]          r_int_reg[1]  
                        r[2]          r_int_reg[2]  
                        r[3]          r_int_reg[3]  
                        r[4]          r_int_reg[4]  
                        r[5]          r_int_reg[5]  
                        r[6]          r_int_reg[6]  
                        r[7]          r_int_reg[7]  
                      resetn       FE_OFC24_resetn  
                         clk          r_int_reg[7]  34  34  
# Pins: 
    ------------------------------
    Correctness of Pin Connectivity for All Instances
    ------------------------------
    # Floating Terms  0  
    # Output Term Marked Tie Hi/Lo  0  
    # Output Term Shorted to PG Net  0  1143  
# PG Pins: 
    ------------------------------
    Correctness of PG Pin Connectivity for All Instances
    ------------------------------
    # Instances that No Net Defined for Any PG Pin  
        ------------------------------
        The Instances that No Net Defined for any PG Pin
        ------------------------------
               Instance Name  
                    FILL_727  
                    FILL_726  
                    FILL_725  
                    FILL_724  
                    FILL_723  
                    FILL_722  
                    FILL_721  
                    FILL_720  
                    FILL_719  
                    FILL_718  
                    FILL_717  
                    FILL_716  
                    FILL_715  
                    FILL_714  
                    FILL_713  
                    FILL_712  
                    FILL_711  
                    FILL_710  
                    FILL_709  
                    FILL_708  
                    FILL_707  
                    FILL_706  
                    FILL_705  
                    FILL_704  
                    FILL_703  
                    FILL_702  
                    FILL_701  
                    FILL_700  
                    FILL_699  
                    FILL_698  
                    FILL_697  
                    FILL_696  
                    FILL_695  
                    FILL_694  
                    FILL_693  
                    FILL_692  
                    FILL_691  
                    FILL_690  
                    FILL_689  
                    FILL_688  
                    FILL_687  
                    FILL_686  
                    FILL_685  
                    FILL_684  
                    FILL_683  
                    FILL_682  
                    FILL_681  
                    FILL_680  
                    FILL_679  
                    FILL_678  
                    FILL_677  
                    FILL_676  
                    FILL_675  
                    FILL_674  
                    FILL_673  
                    FILL_672  
                    FILL_671  
                    FILL_670  
                    FILL_669  
                    FILL_668  
                    FILL_667  
                    FILL_666  
                    FILL_665  
                    FILL_664  
                    FILL_663  
                    FILL_662  
                    FILL_661  
                    FILL_660  
                    FILL_659  
                    FILL_658  
                    FILL_657  
                    FILL_656  
                    FILL_655  
                    FILL_654  
                    FILL_653  
                    FILL_652  
                    FILL_651  
                    FILL_650  
                    FILL_649  
                    FILL_648  
                    FILL_647  
                    FILL_646  
                    FILL_645  
                    FILL_644  
                    FILL_643  
                    FILL_642  
                    FILL_641  
                    FILL_640  
                    FILL_639  
                    FILL_638  
                    FILL_637  
                    FILL_636  
                    FILL_635  
                    FILL_634  
                    FILL_633  
                    FILL_632  
                    FILL_631  
                    FILL_630  
                    FILL_629  
                    FILL_628  
                    FILL_627  
                    FILL_626  
                    FILL_625  
                    FILL_624  
                    FILL_623  
                    FILL_622  
                    FILL_621  
                    FILL_620  
                    FILL_619  
                    FILL_618  
                    FILL_617  
                    FILL_616  
                    FILL_615  
                    FILL_614  
                    FILL_613  
                    FILL_612  
                    FILL_611  
                    FILL_610  
                    FILL_609  
                    FILL_608  
                    FILL_607  
                    FILL_606  
                    FILL_605  
                    FILL_604  
                    FILL_603  
                    FILL_602  
                    FILL_601  
                    FILL_600  
                    FILL_599  
                    FILL_598  
                    FILL_597  
                    FILL_596  
                    FILL_595  
                    FILL_594  
                    FILL_593  
                    FILL_592  
                    FILL_591  
                    FILL_590  
                    FILL_589  
                    FILL_588  
                    FILL_587  
                    FILL_586  
                    FILL_585  
                    FILL_584  
                    FILL_583  
                    FILL_582  
                    FILL_581  
                    FILL_580  
                    FILL_579  
                    FILL_578  
                    FILL_577  
                    FILL_576  
                    FILL_575  
                    FILL_574  
                    FILL_573  
                    FILL_572  
                    FILL_571  
                    FILL_570  
                    FILL_569  
                    FILL_568  
                    FILL_567  
                    FILL_566  
                    FILL_565  
                    FILL_564  
                    FILL_563  
                    FILL_562  
                    FILL_561  
                    FILL_560  
                    FILL_559  
                    FILL_558  
                    FILL_557  
                    FILL_556  
                    FILL_555  
                    FILL_554  
                    FILL_553  
                    FILL_552  
                    FILL_551  
                    FILL_550  
                    FILL_549  
                    FILL_548  
                    FILL_547  
                    FILL_546  
                    FILL_545  
                    FILL_544  
                    FILL_543  
                    FILL_542  
                    FILL_541  
                    FILL_540  
                    FILL_539  
                    FILL_538  
                    FILL_537  
                    FILL_536  
                    FILL_535  
                    FILL_534  
                    FILL_533  
                    FILL_532  
                    FILL_531  
                    FILL_530  
                    FILL_529  
                    FILL_528  
                    FILL_527  
                    FILL_526  
                    FILL_525  
                    FILL_524  
                    FILL_523  
                    FILL_522  
                    FILL_521  
                    FILL_520  
                    FILL_519  
                    FILL_518  
                    FILL_517  
                    FILL_516  
                    FILL_515  
                    FILL_514  
                    FILL_513  
                    FILL_512  
                    FILL_511  
                    FILL_510  
                    FILL_509  
                    FILL_508  
                    FILL_507  
                    FILL_506  
                    FILL_505  
                    FILL_504  
                    FILL_503  
                    FILL_502  
                    FILL_501  
                    FILL_500  
                    FILL_499  
                    FILL_498  
                    FILL_497  
                    FILL_496  
                    FILL_495  
                    FILL_494  
                    FILL_493  
                    FILL_492  
                    FILL_491  
                    FILL_490  
                    FILL_489  
                    FILL_488  
                    FILL_487  
                    FILL_486  
                    FILL_485  
                    FILL_484  
                    FILL_483  
                    FILL_482  
                    FILL_481  
                    FILL_480  
                    FILL_479  
                    FILL_478  
                    FILL_477  
                    FILL_476  
                    FILL_475  
                    FILL_474  
                    FILL_473  
                    FILL_472  
                    FILL_471  
                    FILL_470  
                    FILL_469  
                    FILL_468  
                    FILL_467  
                    FILL_466  
                    FILL_465  
                    FILL_464  
                    FILL_463  
                    FILL_462  
                    FILL_461  
                    FILL_460  
                    FILL_459  
                    FILL_458  
                    FILL_457  
                    FILL_456  
                    FILL_455  
                    FILL_454  
                    FILL_453  
                    FILL_452  
                    FILL_451  
                    FILL_450  
                    FILL_449  
                    FILL_448  
                    FILL_447  
                    FILL_446  
                    FILL_445  
                    FILL_444  
                    FILL_443  
                    FILL_442  
                    FILL_441  
                    FILL_440  
                    FILL_439  
                    FILL_438  
                    FILL_437  
                    FILL_436  
                    FILL_435  
                    FILL_434  
                    FILL_433  
                    FILL_432  
                    FILL_431  
                    FILL_430  
                    FILL_429  
                    FILL_428  
                    FILL_427  
                    FILL_426  
                    FILL_425  
                    FILL_424  
                    FILL_423  
                    FILL_422  
                    FILL_421  
                    FILL_420  
                    FILL_419  
                    FILL_418  
                    FILL_417  
                    FILL_416  
                    FILL_415  
                    FILL_414  
                    FILL_413  
                    FILL_412  
                    FILL_411  
                    FILL_410  
                    FILL_409  
                    FILL_408  
                    FILL_407  
                    FILL_406  
                    FILL_405  
                    FILL_404  
                    FILL_403  
                    FILL_402  
                    FILL_401  
                    FILL_400  
                    FILL_399  
                    FILL_398  
                    FILL_397  
                    FILL_396  
                    FILL_395  
                    FILL_394  
                    FILL_393  
                    FILL_392  
                    FILL_391  
                    FILL_390  
                    FILL_389  
                    FILL_388  
                    FILL_387  
                    FILL_386  
                    FILL_385  
                    FILL_384  
                    FILL_383  
                    FILL_382  
                    FILL_381  
                    FILL_380  
                    FILL_379  
                    FILL_378  
                    FILL_377  
                    FILL_376  
                    FILL_375  
                    FILL_374  
                    FILL_373  
                    FILL_372  
                    FILL_371  
                    FILL_370  
                    FILL_369  
                    FILL_368  
                    FILL_367  
                    FILL_366  
                    FILL_365  
                    FILL_364  
                    FILL_363  
                    FILL_362  
                    FILL_361  
                    FILL_360  
                    FILL_359  
                    FILL_358  
                    FILL_357  
                    FILL_356  
                    FILL_355  
                    FILL_354  
                    FILL_353  
                    FILL_352  
                    FILL_351  
                    FILL_350  
                    FILL_349  
                    FILL_348  
                    FILL_347  
                    FILL_346  
                    FILL_345  
                    FILL_344  
                    FILL_343  
                    FILL_342  
                    FILL_341  
                    FILL_340  
                    FILL_339  
                    FILL_338  
                    FILL_337  
                    FILL_336  
                    FILL_335  
                    FILL_334  
                    FILL_333  
                    FILL_332  
                    FILL_331  
                    FILL_330  
                    FILL_329  
                    FILL_328  
                    FILL_327  
                    FILL_326  
                    FILL_325  
                    FILL_324  
                    FILL_323  
                    FILL_322  
                    FILL_321  
                    FILL_320  
                    FILL_319  
                    FILL_318  
                    FILL_317  
                    FILL_316  
                    FILL_315  
                    FILL_314  
                    FILL_313  
                    FILL_312  
                    FILL_311  
                    FILL_310  
                    FILL_309  
                    FILL_308  
                    FILL_307  
                    FILL_306  
                    FILL_305  
                    FILL_304  
                    FILL_303  
                    FILL_302  
                    FILL_301  
                    FILL_300  
                    FILL_299  
                    FILL_298  
                    FILL_297  
                    FILL_296  
                    FILL_295  
                    FILL_294  
                    FILL_293  
                    FILL_292  
                    FILL_291  
                    FILL_290  
                    FILL_289  
                    FILL_288  
                    FILL_287  
                    FILL_286  
                    FILL_285  
                    FILL_284  
                    FILL_283  
                    FILL_282  
                    FILL_281  
                    FILL_280  
                    FILL_279  
                    FILL_278  
                    FILL_277  
                    FILL_276  
                    FILL_275  
                    FILL_274  
                    FILL_273  
                    FILL_272  
                    FILL_271  
                    FILL_270  
                    FILL_269  
                    FILL_268  
                    FILL_267  
                    FILL_266  
                    FILL_265  
                    FILL_264  
                    FILL_263  
                    FILL_262  
                    FILL_261  
                    FILL_260  
                    FILL_259  
                    FILL_258  
                    FILL_257  
                    FILL_256  
                    FILL_255  
                    FILL_254  
                    FILL_253  
                    FILL_252  
                    FILL_251  
                    FILL_250  
                    FILL_249  
                    FILL_248  
                    FILL_247  
                    FILL_246  
                    FILL_245  
                    FILL_244  
                    FILL_243  
                    FILL_242  
                    FILL_241  
                    FILL_240  
                    FILL_239  
                    FILL_238  
                    FILL_237  
                    FILL_236  
                    FILL_235  
                    FILL_234  
                    FILL_233  
                    FILL_232  
                    FILL_231  
                    FILL_230  
                    FILL_229  
                    FILL_228  
                    FILL_227  
                    FILL_226  
                    FILL_225  
                    FILL_224  
                    FILL_223  
                    FILL_222  
                    FILL_221  
                    FILL_220  
                    FILL_219  
                    FILL_218  
                    FILL_217  
                    FILL_216  
                    FILL_215  
                    FILL_214  
                    FILL_213  
                    FILL_212  
                    FILL_211  
                    FILL_210  
                    FILL_209  
                    FILL_208  
                    FILL_207  
                    FILL_206  
                    FILL_205  
                    FILL_204  
                    FILL_203  
                    FILL_202  
                    FILL_201  
                    FILL_200  
                    FILL_199  
                    FILL_198  
                    FILL_197  
                    FILL_196  
                    FILL_195  
                    FILL_194  
                    FILL_193  
                    FILL_192  
                    FILL_191  
                    FILL_190  
                    FILL_189  
                    FILL_188  
                    FILL_187  
                    FILL_186  
                    FILL_185  
                    FILL_184  
                    FILL_183  
                    FILL_182  
                    FILL_181  
                    FILL_180  
                    FILL_179  
                    FILL_178  
                    FILL_177  
                    FILL_176  
                    FILL_175  
                    FILL_174  
                    FILL_173  
                    FILL_172  
                    FILL_171  
                    FILL_170  
                    FILL_169  
                    FILL_168  
                    FILL_167  
                    FILL_166  
                    FILL_165  
                    FILL_164  
                    FILL_163  
                    FILL_162  
                    FILL_161  
                    FILL_160  
                    FILL_159  
                    FILL_158  
                    FILL_157  
                    FILL_156  
                    FILL_155  
                    FILL_154  
                    FILL_153  
                    FILL_152  
                    FILL_151  
                    FILL_150  
                    FILL_149  
                    FILL_148  
                    FILL_147  
                    FILL_146  
                    FILL_145  
                    FILL_144  
                    FILL_143  
                    FILL_142  
                    FILL_141  
                    FILL_140  
                    FILL_139  
                    FILL_138  
                    FILL_137  
                    FILL_136  
                    FILL_135  
                    FILL_134  
                    FILL_133  
                    FILL_132  
                    FILL_131  
                    FILL_130  
                    FILL_129  
                    FILL_128  
                    FILL_127  
                    FILL_126  
                    FILL_125  
                    FILL_124  
                    FILL_123  
                    FILL_122  
                    FILL_121  
                    FILL_120  
                    FILL_119  
                    FILL_118  
                    FILL_117  
                    FILL_116  
                    FILL_115  
                    FILL_114  
                    FILL_113  
                    FILL_112  
                    FILL_111  
                    FILL_110  
                    FILL_109  
                    FILL_108  
                    FILL_107  
                    FILL_106  
                    FILL_105  
                    FILL_104  
                    FILL_103  
                    FILL_102  
                    FILL_101  
                    FILL_100  
                     FILL_99  
                     FILL_98  
                     FILL_97  
                     FILL_96  
                     FILL_95  
                     FILL_94  
                     FILL_93  
                     FILL_92  
                     FILL_91  
                     FILL_90  
                     FILL_89  
                     FILL_88  
                     FILL_87  
                     FILL_86  
                     FILL_85  
                     FILL_84  
                     FILL_83  
                     FILL_82  
                     FILL_81  
                     FILL_80  
                     FILL_79  
                     FILL_78  
                     FILL_77  
                     FILL_76  
                     FILL_75  
                     FILL_74  
                     FILL_73  
                     FILL_72  
                     FILL_71  
                     FILL_70  
                     FILL_69  
                     FILL_68  
                     FILL_67  
                     FILL_66  
                     FILL_65  
                     FILL_64  
                     FILL_63  
                     FILL_62  
                     FILL_61  
                     FILL_60  
                     FILL_59  
                     FILL_58  
                     FILL_57  
                     FILL_56  
                     FILL_55  
                     FILL_54  
                     FILL_53  
                     FILL_52  
                     FILL_51  
                     FILL_50  
                     FILL_49  
                     FILL_48  
                     FILL_47  
                     FILL_46  
                     FILL_45  
                     FILL_44  
                     FILL_43  
                     FILL_42  
                     FILL_41  
                     FILL_40  
                     FILL_39  
                     FILL_38  
                     FILL_37  
                     FILL_36  
                     FILL_35  
                     FILL_34  
                     FILL_33  
                     FILL_32  
                     FILL_31  
                     FILL_30  
                     FILL_29  
                     FILL_28  
                     FILL_27  
                     FILL_26  
                     FILL_25  
                     FILL_24  
                     FILL_23  
                     FILL_22  
                     FILL_21  
                     FILL_20  
                     FILL_19  
                     FILL_18  
                     FILL_17  
                     FILL_16  
                     FILL_15  
                     FILL_14  
                     FILL_13  
                     FILL_12  
                     FILL_11  
                     FILL_10  
                      FILL_9  
                      FILL_8  
                      FILL_7  
                      FILL_6  
                      FILL_5  
                      FILL_4  
                      FILL_3  
                      FILL_2  
                      FILL_1  
                        U257  
                        U256  
                        U255  
                        U254  
                        U253  
                        U252  
                        U251  
                        U250  
                        U249  
                        U248  
                        U247  
                        U246  
                        U245  
                        U244  
                        U243  
                        U242  
                        U241  
                        U240  
                        U239  
                        U238  
                        U237  
                        U236  
                        U235  
                        U234  
                        U233  
                        U232  
                        U231  
                        U230  
                        U229  
                        U228  
                        U227  
                        U226  
                        U224  
                        U220  
                        U219  
                        U218  
                        U216  
                        U214  
                        U213  
                        U211  
                        U209  
                        U207  
                        U206  
                        U205  
                        U204  
                        U203  
                        U202  
                        U201  
                        U200  
                        U199  
                        U198  
                        U197  
                        U196  
                        U195  
                        U194  
                        U193  
                        U192  
                        U191  
                        U190  
                        U189  
                        U188  
                        U187  
                        U186  
                        U185  
                        U184  
                        U183  
                        U182  
                        U181  
                        U180  
                        U179  
                        U178  
                        U177  
                        U176  
                        U175  
                        U174  
                        U173  
                        U172  
                        U171  
                        U170  
                        U169  
                        U168  
                        U167  
                        U166  
                        U165  
                        U164  
                        U163  
                        U162  
                        U161  
                        U159  
                        U156  
                        U155  
                        U154  
                        U153  
                        U152  
                        U151  
                        U150  
                        U149  
                        U147  
                        U146  
                        U145  
                        U144  
                        U143  
                        U142  
                        U141  
                        U140  
                        U139  
                        U138  
                        U137  
                        U136  
                        U135  
                        U134  
                        U133  
                        U132  
                        U131  
                        U130  
                        U129  
                        U128  
                        U127  
                        U126  
                        U125  
                        U124  
                        U123  
                        U121  
                        U117  
                        U116  
                        U115  
                        U113  
                        U111  
                        U110  
                        U108  
                        U106  
                        U104  
                        U103  
                        U102  
                        U101  
                        U100  
                         U99  
                         U98  
                         U96  
                         U95  
                         U94  
                         U93  
                         U92  
                         U91  
                         U90  
                         U89  
                         U88  
                         U87  
                         U86  
                         U85  
                         U84  
                         U83  
                         U82  
                         U81  
                         U80  
                         U79  
                         U78  
                         U77  
                         U76  
                         U75  
                         U74  
                         U73  
                         U72  
                         U71  
                         U69  
                         U68  
                         U67  
                         U66  
                         U65  
                         U64  
                         U63  
                         U62  
                         U61  
                         U59  
                         U56  
                         U55  
                         U54  
                         U53  
                         U52  
                         U51  
                         U50  
                         U49  
                         U48  
                         U46  
                         U44  
                         U41  
                         U39  
                         U38  
                         U37  
                         U36  
                         U33  
                         U30  
                r_int_reg[1]  
                 add_66/U118  
                 add_66/U117  
                 add_66/U116  
                 add_66/U115  
                 add_66/U114  
                 add_66/U113  
                 add_66/U112  
                 add_66/U111  
                 add_66/U110  
                 add_66/U109  
                 add_66/U108  
                 add_66/U107  
                 add_66/U106  
                 add_66/U105  
                 add_66/U104  
                 add_66/U103  
                 add_66/U102  
                 add_66/U101  
                 add_66/U100  
                  add_66/U99  
                  add_66/U98  
                  add_66/U97  
                  add_66/U96  
                  add_66/U95  
                  add_66/U94  
                  add_66/U93  
                  add_66/U92  
                  add_66/U91  
                  add_66/U90  
                  add_66/U89  
                  add_66/U87  
                  add_66/U86  
                  add_66/U85  
                  add_66/U83  
                  add_66/U82  
                  add_66/U81  
                  add_66/U80  
                  add_66/U79  
                  add_66/U78  
                  add_66/U77  
                  add_66/U76  
                  add_66/U75  
                  add_66/U74  
                  add_66/U73  
                  add_66/U71  
                  add_66/U69  
                  add_66/U68  
                  add_66/U67  
                  add_66/U66  
                  add_66/U65  
                  add_66/U64  
                  add_66/U29  
                  add_66/U19  
                  add_66/U12  
                  add_66/U11  
                   add_66/U9  
                   add_66/U8  
        add_66/FE_OCPC50_min_3  
                         U26  
                         U24  
                         U23  
                         U22  
                         U21  
                         U20  
                         U19  
                         U15  
                         U10  
                          U9  
                          U3  
                 gray_reg[7]  
                 gray_reg[6]  
                 gray_reg[5]  
                 gray_reg[4]  
                 gray_reg[3]  
                 gray_reg[2]  
                 gray_reg[1]  
                 gray_reg[0]  
                g_int_reg[0]  
                g_int_reg[1]  
                g_int_reg[2]  
                g_int_reg[3]  
                g_int_reg[4]  
                g_int_reg[5]  
                g_int_reg[6]  
                g_int_reg[7]  
                b_int_reg[0]  
                b_int_reg[1]  
                b_int_reg[2]  
                b_int_reg[3]  
                b_int_reg[4]  
                b_int_reg[5]  
                b_int_reg[6]  
                b_int_reg[7]  
                r_int_reg[0]  
                r_int_reg[2]  
                r_int_reg[3]  
                r_int_reg[4]  
                r_int_reg[5]  
                r_int_reg[6]  
                r_int_reg[7]  
                        C195  
                        C198  
                        C200  
                        C203  
            FE_DBTC0_g_int_0  
            FE_DBTC1_g_int_3  
            FE_DBTC2_b_int_1  
            FE_DBTC3_b_int_6  
            FE_DBTC4_b_int_2  
            FE_DBTC5_b_int_7  
            FE_DBTC6_b_int_4  
            FE_DBTC7_b_int_5  
            FE_DBTC8_r_int_0  
            FE_DBTC9_r_int_3  
             FE_OFC24_resetn  
                   FE_RC_0_0  
                   FE_RC_1_0  
                   FE_RC_2_0  
                   FE_RC_3_0  
                   FE_RC_4_0  1040  
    # Floating PG Terms  0  
    # PG Pins Connect to Non-PG Net  0  
    # Power Pins Connect Ground Net  0  
    # Ground Pins Connect Power Net  0  2080  
Average Pins Per Net(Signal): 3.089  

==============================
General Library Information
==============================
# Routing Layers: 10  
# Masterslice Layers: 2  
# Pin Layers: 
    General Caution:
        1) Library have metal1 and metal2 pins, you should setPlaceMode -prerouteAsObs {1 2 3}                                 to ensure these pins are accessible after placement

    ------------------------------
    Pin Layers
    ------------------------------
    metal2  
    metal1  2  
# Layers: 
    ------------------------------
    Layer OVERLAP Information
    ------------------------------
    Type  Overlap  
    ------------------------------
    Layer OVERLAP InformationLayer metal10 Information
    ------------------------------
    Type  Routing  
    Wire Pitch X  1.600 um  
    Wire Pitch Y  1.600 um  
    Offset X  0.095 um  
    Offset Y  0.070 um  
    Wire Width  0.800 um  
    Spacing  0.800 um  
    ------------------------------
    Layer OVERLAP InformationLayer metal10 InformationLayer via9 Information
    ------------------------------
    Type  Cut  
    Wire Width  0.800 um  
    Vias  
        ------------------------------
        Via list in layer via9
        ------------------------------
                Vias in via9  Default  
                      via9_0      Yes  For complete list click here  
    Multiple Orientation Vias  CAUTION: There is only one default via in this layer  
    ------------------------------
    Layer OVERLAP InformationLayer metal10 InformationLayer via9 InformationLayer metal9 Information
    ------------------------------
    Type  Routing  
    Wire Pitch X  1.600 um  
    Wire Pitch Y  1.600 um  
    Offset X  0.095 um  
    Offset Y  0.070 um  
    Wire Width  0.800 um  
    Spacing  0.800 um  
    ------------------------------
    Layer OVERLAP InformationLayer metal10 InformationLayer via9 InformationLayer metal9 InformationLayer via8 Information
    ------------------------------
    Type  Cut  
    Wire Width  0.400 um  
    Vias  
        ------------------------------
        Via list in layer via8
        ------------------------------
                Vias in via8  Default  
                      via8_0      Yes  For complete list click here  
    Multiple Orientation Vias  CAUTION: There is only one default via in this layer  
    ------------------------------
    Layer OVERLAP InformationLayer metal10 InformationLayer via9 InformationLayer metal9 InformationLayer via8 InformationLayer metal8 Information
    ------------------------------
    Type  Routing  
    Wire Pitch X  0.800 um  
    Wire Pitch Y  0.800 um  
    Offset X  0.095 um  
    Offset Y  0.070 um  
    Wire Width  0.400 um  
    Spacing  0.400 um  
    ------------------------------
    Layer OVERLAP InformationLayer metal10 InformationLayer via9 InformationLayer metal9 InformationLayer via8 InformationLayer metal8 InformationLayer via7 Information
    ------------------------------
    Type  Cut  
    Wire Width  0.400 um  
    Vias  
        ------------------------------
        Via list in layer via7
        ------------------------------
                Vias in via7  Default  
                      via7_0      Yes  For complete list click here  
    Multiple Orientation Vias  CAUTION: There is only one default via in this layer  
    ------------------------------
    Layer OVERLAP InformationLayer metal10 InformationLayer via9 InformationLayer metal9 InformationLayer via8 InformationLayer metal8 InformationLayer via7 InformationLayer metal7 Information
    ------------------------------
    Type  Routing  
    Wire Pitch X  0.800 um  
    Wire Pitch Y  0.800 um  
    Offset X  0.095 um  
    Offset Y  0.070 um  
    Wire Width  0.400 um  
    Spacing  0.400 um  
    ------------------------------
    Layer OVERLAP InformationLayer metal10 InformationLayer via9 InformationLayer metal9 InformationLayer via8 InformationLayer metal8 InformationLayer via7 InformationLayer metal7 InformationLayer via6 Information
    ------------------------------
    Type  Cut  
    Wire Width  0.140 um  
    Vias  
        ------------------------------
        Via list in layer via6
        ------------------------------
                Vias in via6  Default  
                      via6_0      Yes  For complete list click here  
    Multiple Orientation Vias  CAUTION: There is only one default via in this layer  
    ------------------------------
    Layer OVERLAP InformationLayer metal10 InformationLayer via9 InformationLayer metal9 InformationLayer via8 InformationLayer metal8 InformationLayer via7 InformationLayer metal7 InformationLayer via6 InformationLayer metal6 Information
    ------------------------------
    Type  Routing  
    Wire Pitch X  0.280 um  
    Wire Pitch Y  0.280 um  
    Offset X  0.095 um  
    Offset Y  0.070 um  
    Wire Width  0.140 um  
    Spacing  0.140 um  
    ------------------------------
    Layer OVERLAP InformationLayer metal10 InformationLayer via9 InformationLayer metal9 InformationLayer via8 InformationLayer metal8 InformationLayer via7 InformationLayer metal7 InformationLayer via6 InformationLayer metal6 InformationLayer via5 Information
    ------------------------------
    Type  Cut  
    Wire Width  0.140 um  
    Vias  
        ------------------------------
        Via list in layer via5
        ------------------------------
                Vias in via5  Default  
                      via5_0      Yes  For complete list click here  
    Multiple Orientation Vias  CAUTION: There is only one default via in this layer  
    ------------------------------
    Layer OVERLAP InformationLayer metal10 InformationLayer via9 InformationLayer metal9 InformationLayer via8 InformationLayer metal8 InformationLayer via7 InformationLayer metal7 InformationLayer via6 InformationLayer metal6 InformationLayer via5 InformationLayer metal5 Information
    ------------------------------
    Type  Routing  
    Wire Pitch X  0.280 um  
    Wire Pitch Y  0.280 um  
    Offset X  0.095 um  
    Offset Y  0.070 um  
    Wire Width  0.140 um  
    Spacing  0.140 um  
    ------------------------------
    Layer OVERLAP InformationLayer metal10 InformationLayer via9 InformationLayer metal9 InformationLayer via8 InformationLayer metal8 InformationLayer via7 InformationLayer metal7 InformationLayer via6 InformationLayer metal6 InformationLayer via5 InformationLayer metal5 InformationLayer via4 Information
    ------------------------------
    Type  Cut  
    Wire Width  0.140 um  
    Vias  
        ------------------------------
        Via list in layer via4
        ------------------------------
                Vias in via4  Default  
                      via4_0      Yes  For complete list click here  
    Multiple Orientation Vias  CAUTION: There is only one default via in this layer  
    ------------------------------
    Layer OVERLAP InformationLayer metal10 InformationLayer via9 InformationLayer metal9 InformationLayer via8 InformationLayer metal8 InformationLayer via7 InformationLayer metal7 InformationLayer via6 InformationLayer metal6 InformationLayer via5 InformationLayer metal5 InformationLayer via4 InformationLayer metal4 Information
    ------------------------------
    Type  Routing  
    Wire Pitch X  0.280 um  
    Wire Pitch Y  0.280 um  
    Offset X  0.095 um  
    Offset Y  0.070 um  
    Wire Width  0.140 um  
    Spacing  0.140 um  
    ------------------------------
    Layer OVERLAP InformationLayer metal10 InformationLayer via9 InformationLayer metal9 InformationLayer via8 InformationLayer metal8 InformationLayer via7 InformationLayer metal7 InformationLayer via6 InformationLayer metal6 InformationLayer via5 InformationLayer metal5 InformationLayer via4 InformationLayer metal4 InformationLayer via3 Information
    ------------------------------
    Type  Cut  
    Wire Width  0.070 um  
    Vias  
        ------------------------------
        Via list in layer via3
        ------------------------------
                Vias in via3  Default  
                      via3_1      Yes  
                      via3_0      Yes  
                      via3_2      Yes  For complete list click here  
    ------------------------------
    Layer OVERLAP InformationLayer metal10 InformationLayer via9 InformationLayer metal9 InformationLayer via8 InformationLayer metal8 InformationLayer via7 InformationLayer metal7 InformationLayer via6 InformationLayer metal6 InformationLayer via5 InformationLayer metal5 InformationLayer via4 InformationLayer metal4 InformationLayer via3 InformationLayer metal3 Information
    ------------------------------
    Type  Routing  
    Wire Pitch X  0.140 um  
    Wire Pitch Y  0.140 um  
    Offset X  0.095 um  
    Offset Y  0.070 um  
    Wire Width  0.070 um  
    Spacing  0.070 um  
    ------------------------------
    Layer OVERLAP InformationLayer metal10 InformationLayer via9 InformationLayer metal9 InformationLayer via8 InformationLayer metal8 InformationLayer via7 InformationLayer metal7 InformationLayer via6 InformationLayer metal6 InformationLayer via5 InformationLayer metal5 InformationLayer via4 InformationLayer metal4 InformationLayer via3 InformationLayer metal3 InformationLayer via2 Information
    ------------------------------
    Type  Cut  
    Wire Width  0.070 um  
    Vias  
        ------------------------------
        Via list in layer via2
        ------------------------------
                Vias in via2  Default  
                      via2_3      Yes  
                      via2_2      Yes  
                      via2_1      Yes  
                      via2_0      Yes  
                      via2_6      Yes  
                      via2_7      Yes  
                      via2_5      Yes  
                      via2_4      Yes  
                      via2_8      Yes  For complete list click here  
    ------------------------------
    Layer OVERLAP InformationLayer metal10 InformationLayer via9 InformationLayer metal9 InformationLayer via8 InformationLayer metal8 InformationLayer via7 InformationLayer metal7 InformationLayer via6 InformationLayer metal6 InformationLayer via5 InformationLayer metal5 InformationLayer via4 InformationLayer metal4 InformationLayer via3 InformationLayer metal3 InformationLayer via2 InformationLayer metal2 Information
    ------------------------------
    Type  Routing  
    Wire Pitch X  0.190 um  
    Wire Pitch Y  0.190 um  
    Offset X  0.095 um  
    Offset Y  0.070 um  
    Wire Width  0.070 um  
    Spacing  0.070 um  
    ------------------------------
    Layer OVERLAP InformationLayer metal10 InformationLayer via9 InformationLayer metal9 InformationLayer via8 InformationLayer metal8 InformationLayer via7 InformationLayer metal7 InformationLayer via6 InformationLayer metal6 InformationLayer via5 InformationLayer metal5 InformationLayer via4 InformationLayer metal4 InformationLayer via3 InformationLayer metal3 InformationLayer via2 InformationLayer metal2 InformationLayer via1 Information
    ------------------------------
    Type  Cut  
    Wire Width  0.070 um  
    Vias  
        ------------------------------
        Via list in layer via1
        ------------------------------
                Vias in via1  Default  
                      via1_8      Yes  
                      via1_7      Yes  
                      via1_6      Yes  
                      via1_5      Yes  
                      via1_3      Yes  
                      via1_2      Yes  
                      via1_1      Yes  
                      via1_0      Yes  
                      via1_4      Yes  For complete list click here  
    ------------------------------
    Layer OVERLAP InformationLayer metal10 InformationLayer via9 InformationLayer metal9 InformationLayer via8 InformationLayer metal8 InformationLayer via7 InformationLayer metal7 InformationLayer via6 InformationLayer metal6 InformationLayer via5 InformationLayer metal5 InformationLayer via4 InformationLayer metal4 InformationLayer via3 InformationLayer metal3 InformationLayer via2 InformationLayer metal2 InformationLayer via1 InformationLayer metal1 Information
    ------------------------------
    Type  Routing  
    Wire Pitch X  0.140 um  
    Wire Pitch Y  0.140 um  
    Offset X  0.095 um  
    Offset Y  0.070 um  
    Wire Width  0.070 um  
    Spacing  0.065 um  
    ------------------------------
    Layer OVERLAP InformationLayer metal10 InformationLayer via9 InformationLayer metal9 InformationLayer via8 InformationLayer metal8 InformationLayer via7 InformationLayer metal7 InformationLayer via6 InformationLayer metal6 InformationLayer via5 InformationLayer metal5 InformationLayer via4 InformationLayer metal4 InformationLayer via3 InformationLayer metal3 InformationLayer via2 InformationLayer metal2 InformationLayer via1 InformationLayer metal1 InformationLayer active Information
    ------------------------------
    Type  Masterslice  
    ------------------------------
    Layer OVERLAP InformationLayer metal10 InformationLayer via9 InformationLayer metal9 InformationLayer via8 InformationLayer metal8 InformationLayer via7 InformationLayer metal7 InformationLayer via6 InformationLayer metal6 InformationLayer via5 InformationLayer metal5 InformationLayer via4 InformationLayer metal4 InformationLayer via3 InformationLayer metal3 InformationLayer via2 InformationLayer metal2 InformationLayer via1 InformationLayer metal1 InformationLayer active InformationLayer poly Information
    ------------------------------
    Type  Masterslice  22  
# Pins without Physical Port: 0  
# Pins in Library without Timing Lib: 0  
# Pins Missing Direction: 0  
Antenna Summary Report: 
    General Caution:
        1) All Antenna Constructs are absent for the layer section of LEF.
    ------------------------------
    These Pins have antenna info
    ------------------------------
               Cell Name      List of Pin Name  
                 AND2_X1                    ZN  
                 AND2_X1                    A2  
                 AND2_X1                    A1  
                 AND2_X2                    ZN  
                 AND2_X2                    A2  
                 AND2_X2                    A1  
                 AND2_X4                    ZN  
                 AND2_X4                    A2  
                 AND2_X4                    A1  
                 AND3_X1                    ZN  
                 AND3_X1                    A3  
                 AND3_X1                    A2  
                 AND3_X1                    A1  
                 AND3_X2                    ZN  
                 AND3_X2                    A3  
                 AND3_X2                    A2  
                 AND3_X2                    A1  
                 AND3_X4                    ZN  
                 AND3_X4                    A3  
                 AND3_X4                    A2  
                 AND3_X4                    A1  
                 AND4_X1                    ZN  
                 AND4_X1                    A4  
                 AND4_X1                    A3  
                 AND4_X1                    A2  
                 AND4_X1                    A1  
                 AND4_X2                    ZN  
                 AND4_X2                    A4  
                 AND4_X2                    A3  
                 AND4_X2                    A2  
                 AND4_X2                    A1  
                 AND4_X4                    ZN  
                 AND4_X4                    A4  
                 AND4_X4                    A3  
                 AND4_X4                    A2  
                 AND4_X4                    A1  
              ANTENNA_X1                     A  
               AOI211_X1                    ZN  
               AOI211_X1                    C2  
               AOI211_X1                    C1  
               AOI211_X1                     B  
               AOI211_X1                     A  
               AOI211_X2                    ZN  
               AOI211_X2                    C2  
               AOI211_X2                    C1  
               AOI211_X2                     B  
               AOI211_X2                     A  
               AOI211_X4                    ZN  
               AOI211_X4                    C2  
               AOI211_X4                    C1  
               AOI211_X4                     B  
               AOI211_X4                     A  
                AOI21_X1                    ZN  
                AOI21_X1                    B2  
                AOI21_X1                    B1  
                AOI21_X1                     A  
                AOI21_X2                    ZN  
                AOI21_X2                    B2  
                AOI21_X2                    B1  
                AOI21_X2                     A  
                AOI21_X4                    ZN  
                AOI21_X4                    B2  
                AOI21_X4                    B1  
                AOI21_X4                     A  
               AOI221_X1                    ZN  
               AOI221_X1                    C2  
               AOI221_X1                    C1  
               AOI221_X1                    B2  
               AOI221_X1                    B1  
               AOI221_X1                     A  
               AOI221_X2                    ZN  
               AOI221_X2                    C2  
               AOI221_X2                    C1  
               AOI221_X2                    B2  
               AOI221_X2                    B1  
               AOI221_X2                     A  
               AOI221_X4                    ZN  
               AOI221_X4                    C2  
               AOI221_X4                    C1  
               AOI221_X4                    B2  
               AOI221_X4                    B1  
               AOI221_X4                     A  
               AOI222_X1                    ZN  
               AOI222_X1                    C2  
               AOI222_X1                    C1  
               AOI222_X1                    B2  
               AOI222_X1                    B1  
               AOI222_X1                    A2  
               AOI222_X1                    A1  
               AOI222_X2                    ZN  
               AOI222_X2                    C2  
               AOI222_X2                    C1  
               AOI222_X2                    B2  
               AOI222_X2                    B1  
               AOI222_X2                    A2  
               AOI222_X2                    A1  
               AOI222_X4                    ZN  
               AOI222_X4                    C2  
               AOI222_X4                    C1  
               AOI222_X4                    B2  
               AOI222_X4                    B1  
               AOI222_X4                    A2  
               AOI222_X4                    A1  
                AOI22_X1                    ZN  
                AOI22_X1                    B2  
                AOI22_X1                    B1  
                AOI22_X1                    A2  
                AOI22_X1                    A1  
                AOI22_X2                    ZN  
                AOI22_X2                    B2  
                AOI22_X2                    B1  
                AOI22_X2                    A2  
                AOI22_X2                    A1  
                AOI22_X4                    ZN  
                AOI22_X4                    B2  
                AOI22_X4                    B1  
                AOI22_X4                    A2  
                AOI22_X4                    A1  
                  BUF_X1                     Z  
                  BUF_X1                     A  
                 BUF_X16                     Z  
                 BUF_X16                     A  
                  BUF_X2                     Z  
                  BUF_X2                     A  
                 BUF_X32                     Z  
                 BUF_X32                     A  
                  BUF_X4                     Z  
                  BUF_X4                     A  
                  BUF_X8                     Z  
                  BUF_X8                     A  
               CLKBUF_X1                     Z  
               CLKBUF_X1                     A  
               CLKBUF_X2                     Z  
               CLKBUF_X2                     A  
               CLKBUF_X3                     Z  
               CLKBUF_X3                     A  
           CLKGATETST_X1                   GCK  
           CLKGATETST_X1                    SE  
           CLKGATETST_X1                     E  
           CLKGATETST_X1                    CK  
           CLKGATETST_X2                   GCK  
           CLKGATETST_X2                    SE  
           CLKGATETST_X2                     E  
           CLKGATETST_X2                    CK  
           CLKGATETST_X4                   GCK  
           CLKGATETST_X4                    SE  
           CLKGATETST_X4                     E  
           CLKGATETST_X4                    CK  
           CLKGATETST_X8                   GCK  
           CLKGATETST_X8                    SE  
           CLKGATETST_X8                     E  
           CLKGATETST_X8                    CK  
              CLKGATE_X1                   GCK  
              CLKGATE_X1                     E  
              CLKGATE_X1                    CK  
              CLKGATE_X2                   GCK  
              CLKGATE_X2                     E  
              CLKGATE_X2                    CK  
              CLKGATE_X4                   GCK  
              CLKGATE_X4                     E  
              CLKGATE_X4                    CK  
              CLKGATE_X8                   GCK  
              CLKGATE_X8                     E  
              CLKGATE_X8                    CK  
                DFFRS_X1                    QN  
                DFFRS_X1                     Q  
                DFFRS_X1                    CK  
                DFFRS_X1                    SN  
                DFFRS_X1                    RN  
                DFFRS_X1                     D  
                DFFRS_X2                    QN  
                DFFRS_X2                     Q  
                DFFRS_X2                    CK  
                DFFRS_X2                    SN  
                DFFRS_X2                    RN  
                DFFRS_X2                     D  
                 DFFR_X1                    QN  
                 DFFR_X1                     Q  
                 DFFR_X1                    CK  
                 DFFR_X1                    RN  
                 DFFR_X1                     D  
                 DFFR_X2                    QN  
                 DFFR_X2                     Q  
                 DFFR_X2                    CK  
                 DFFR_X2                    RN  
                 DFFR_X2                     D  
                 DFFS_X1                    QN  
                 DFFS_X1                     Q  
                 DFFS_X1                    CK  
                 DFFS_X1                    SN  
                 DFFS_X1                     D  
                 DFFS_X2                    QN  
                 DFFS_X2                     Q  
                 DFFS_X2                    CK  
                 DFFS_X2                    SN  
                 DFFS_X2                     D  
                  DFF_X1                    QN  
                  DFF_X1                     Q  
                  DFF_X1                    CK  
                  DFF_X1                     D  
                  DFF_X2                    QN  
                  DFF_X2                     Q  
                  DFF_X2                    CK  
                  DFF_X2                     D  
                  DLH_X1                     Q  
                  DLH_X1                     G  
                  DLH_X1                     D  
                  DLH_X2                     Q  
                  DLH_X2                     G  
                  DLH_X2                     D  
                  DLL_X1                     Q  
                  DLL_X1                    GN  
                  DLL_X1                     D  
                  DLL_X2                     Q  
                  DLL_X2                    GN  
                  DLL_X2                     D  
                   FA_X1                     S  
                   FA_X1                    CO  
                   FA_X1                    CI  
                   FA_X1                     B  
                   FA_X1                     A  
                   HA_X1                     S  
                   HA_X1                    CO  
                   HA_X1                     B  
                   HA_X1                     A  
                  INV_X1                    ZN  
                  INV_X1                     A  
                 INV_X16                    ZN  
                 INV_X16                     A  
                  INV_X2                    ZN  
                  INV_X2                     A  
                 INV_X32                    ZN  
                 INV_X32                     A  
                  INV_X4                    ZN  
                  INV_X4                     A  
                  INV_X8                    ZN  
                  INV_X8                     A  
               LOGIC0_X1                     Z  
               LOGIC1_X1                     Z  
                 MUX2_X1                     Z  
                 MUX2_X1                     S  
                 MUX2_X1                     B  
                 MUX2_X1                     A  
                 MUX2_X2                     Z  
                 MUX2_X2                     S  
                 MUX2_X2                     B  
                 MUX2_X2                     A  
                NAND2_X1                    ZN  
                NAND2_X1                    A2  
                NAND2_X1                    A1  
                NAND2_X2                    ZN  
                NAND2_X2                    A2  
                NAND2_X2                    A1  
                NAND2_X4                    ZN  
                NAND2_X4                    A2  
                NAND2_X4                    A1  
                NAND3_X1                    ZN  
                NAND3_X1                    A3  
                NAND3_X1                    A2  
                NAND3_X1                    A1  
                NAND3_X2                    ZN  
                NAND3_X2                    A3  
                NAND3_X2                    A2  
                NAND3_X2                    A1  
                NAND3_X4                    ZN  
                NAND3_X4                    A3  
                NAND3_X4                    A2  
                NAND3_X4                    A1  
                NAND4_X1                    ZN  
                NAND4_X1                    A4  
                NAND4_X1                    A3  
                NAND4_X1                    A2  
                NAND4_X1                    A1  
                NAND4_X2                    ZN  
                NAND4_X2                    A4  
                NAND4_X2                    A3  
                NAND4_X2                    A2  
                NAND4_X2                    A1  
                NAND4_X4                    ZN  
                NAND4_X4                    A4  
                NAND4_X4                    A3  
                NAND4_X4                    A2  
                NAND4_X4                    A1  
                 NOR2_X1                    ZN  
                 NOR2_X1                    A2  
                 NOR2_X1                    A1  
                 NOR2_X2                    ZN  
                 NOR2_X2                    A2  
                 NOR2_X2                    A1  
                 NOR2_X4                    ZN  
                 NOR2_X4                    A2  
                 NOR2_X4                    A1  
                 NOR3_X1                    ZN  
                 NOR3_X1                    A3  
                 NOR3_X1                    A2  
                 NOR3_X1                    A1  
                 NOR3_X2                    ZN  
                 NOR3_X2                    A3  
                 NOR3_X2                    A2  
                 NOR3_X2                    A1  
                 NOR3_X4                    ZN  
                 NOR3_X4                    A3  
                 NOR3_X4                    A2  
                 NOR3_X4                    A1  
                 NOR4_X1                    ZN  
                 NOR4_X1                    A4  
                 NOR4_X1                    A3  
                 NOR4_X1                    A2  
                 NOR4_X1                    A1  
                 NOR4_X2                    ZN  
                 NOR4_X2                    A4  
                 NOR4_X2                    A3  
                 NOR4_X2                    A2  
                 NOR4_X2                    A1  
                 NOR4_X4                    ZN  
                 NOR4_X4                    A4  
                 NOR4_X4                    A3  
                 NOR4_X4                    A2  
                 NOR4_X4                    A1  
               OAI211_X1                    ZN  
               OAI211_X1                    C2  
               OAI211_X1                    C1  
               OAI211_X1                     B  
               OAI211_X1                     A  
               OAI211_X2                    ZN  
               OAI211_X2                    C2  
               OAI211_X2                    C1  
               OAI211_X2                     B  
               OAI211_X2                     A  
               OAI211_X4                    ZN  
               OAI211_X4                    C2  
               OAI211_X4                    C1  
               OAI211_X4                     B  
               OAI211_X4                     A  
                OAI21_X1                    ZN  
                OAI21_X1                    B2  
                OAI21_X1                    B1  
                OAI21_X1                     A  
                OAI21_X2                    ZN  
                OAI21_X2                    B2  
                OAI21_X2                    B1  
                OAI21_X2                     A  
                OAI21_X4                    ZN  
                OAI21_X4                    B2  
                OAI21_X4                    B1  
                OAI21_X4                     A  
               OAI221_X1                    ZN  
               OAI221_X1                    C2  
               OAI221_X1                    C1  
               OAI221_X1                    B2  
               OAI221_X1                    B1  
               OAI221_X1                     A  
               OAI221_X2                    ZN  
               OAI221_X2                    C2  
               OAI221_X2                    C1  
               OAI221_X2                    B2  
               OAI221_X2                    B1  
               OAI221_X2                     A  
               OAI221_X4                    ZN  
               OAI221_X4                    C2  
               OAI221_X4                    C1  
               OAI221_X4                    B2  
               OAI221_X4                    B1  
               OAI221_X4                     A  
               OAI222_X1                    ZN  
               OAI222_X1                    C2  
               OAI222_X1                    C1  
               OAI222_X1                    B2  
               OAI222_X1                    B1  
               OAI222_X1                    A2  
               OAI222_X1                    A1  
               OAI222_X2                    ZN  
               OAI222_X2                    C2  
               OAI222_X2                    C1  
               OAI222_X2                    B2  
               OAI222_X2                    B1  
               OAI222_X2                    A2  
               OAI222_X2                    A1  
               OAI222_X4                    ZN  
               OAI222_X4                    C2  
               OAI222_X4                    C1  
               OAI222_X4                    B2  
               OAI222_X4                    B1  
               OAI222_X4                    A2  
               OAI222_X4                    A1  
                OAI22_X1                    ZN  
                OAI22_X1                    B2  
                OAI22_X1                    B1  
                OAI22_X1                    A2  
                OAI22_X1                    A1  
                OAI22_X2                    ZN  
                OAI22_X2                    B2  
                OAI22_X2                    B1  
                OAI22_X2                    A2  
                OAI22_X2                    A1  
                OAI22_X4                    ZN  
                OAI22_X4                    B2  
                OAI22_X4                    B1  
                OAI22_X4                    A2  
                OAI22_X4                    A1  
                OAI33_X1                    ZN  
                OAI33_X1                    B3  
                OAI33_X1                    B2  
                OAI33_X1                    B1  
                OAI33_X1                    A3  
                OAI33_X1                    A2  
                OAI33_X1                    A1  
                  OR2_X1                    ZN  
                  OR2_X1                    A2  
                  OR2_X1                    A1  
                  OR2_X2                    ZN  
                  OR2_X2                    A2  
                  OR2_X2                    A1  
                  OR2_X4                    ZN  
                  OR2_X4                    A2  
                  OR2_X4                    A1  
                  OR3_X1                    ZN  
                  OR3_X1                    A3  
                  OR3_X1                    A2  
                  OR3_X1                    A1  
                  OR3_X2                    ZN  
                  OR3_X2                    A3  
                  OR3_X2                    A2  
                  OR3_X2                    A1  
                  OR3_X4                    ZN  
                  OR3_X4                    A3  
                  OR3_X4                    A2  
                  OR3_X4                    A1  
                  OR4_X1                    ZN  
                  OR4_X1                    A4  
                  OR4_X1                    A3  
                  OR4_X1                    A2  
                  OR4_X1                    A1  
                  OR4_X2                    ZN  
                  OR4_X2                    A4  
                  OR4_X2                    A3  
                  OR4_X2                    A2  
                  OR4_X2                    A1  
                  OR4_X4                    ZN  
                  OR4_X4                    A4  
                  OR4_X4                    A3  
                  OR4_X4                    A2  
                  OR4_X4                    A1  
               SDFFRS_X1                    QN  
               SDFFRS_X1                     Q  
               SDFFRS_X1                    CK  
               SDFFRS_X1                    SN  
               SDFFRS_X1                    SI  
               SDFFRS_X1                    SE  
               SDFFRS_X1                    RN  
               SDFFRS_X1                     D  
               SDFFRS_X2                    QN  
               SDFFRS_X2                     Q  
               SDFFRS_X2                    CK  
               SDFFRS_X2                    SN  
               SDFFRS_X2                    SI  
               SDFFRS_X2                    SE  
               SDFFRS_X2                    RN  
               SDFFRS_X2                     D  
                SDFFR_X1                    QN  
                SDFFR_X1                     Q  
                SDFFR_X1                    CK  
                SDFFR_X1                    SI  
                SDFFR_X1                    SE  
                SDFFR_X1                    RN  
                SDFFR_X1                     D  
                SDFFR_X2                    QN  
                SDFFR_X2                     Q  
                SDFFR_X2                    CK  
                SDFFR_X2                    SI  
                SDFFR_X2                    SE  
                SDFFR_X2                    RN  
                SDFFR_X2                     D  
                SDFFS_X1                    QN  
                SDFFS_X1                     Q  
                SDFFS_X1                    CK  
                SDFFS_X1                    SN  
                SDFFS_X1                    SI  
                SDFFS_X1                    SE  
                SDFFS_X1                     D  
                SDFFS_X2                    QN  
                SDFFS_X2                     Q  
                SDFFS_X2                    CK  
                SDFFS_X2                    SN  
                SDFFS_X2                    SI  
                SDFFS_X2                    SE  
                SDFFS_X2                     D  
                 SDFF_X1                    QN  
                 SDFF_X1                     Q  
                 SDFF_X1                    CK  
                 SDFF_X1                    SI  
                 SDFF_X1                    SE  
                 SDFF_X1                     D  
                 SDFF_X2                    QN  
                 SDFF_X2                     Q  
                 SDFF_X2                    CK  
                 SDFF_X2                    SI  
                 SDFF_X2                    SE  
                 SDFF_X2                     D  
                 TBUF_X1                     Z  
                 TBUF_X1                    EN  
                 TBUF_X1                     A  
                TBUF_X16                     Z  
                TBUF_X16                    EN  
                TBUF_X16                     A  
                 TBUF_X2                     Z  
                 TBUF_X2                    EN  
                 TBUF_X2                     A  
                 TBUF_X4                     Z  
                 TBUF_X4                    EN  
                 TBUF_X4                     A  
                 TBUF_X8                     Z  
                 TBUF_X8                    EN  
                 TBUF_X8                     A  
                 TINV_X1                    ZN  
                 TINV_X1                     I  
                 TINV_X1                    EN  
                 TLAT_X1                     Q  
                 TLAT_X1                    OE  
                 TLAT_X1                     G  
                 TLAT_X1                     D  
                XNOR2_X1                    ZN  
                XNOR2_X1                     B  
                XNOR2_X1                     A  
                XNOR2_X2                    ZN  
                XNOR2_X2                     B  
                XNOR2_X2                     A  
                 XOR2_X1                     Z  
                 XOR2_X1                     B  
                 XOR2_X1                     A  
                 XOR2_X2                     Z  
                 XOR2_X2                     B  
                 XOR2_X2                     A  For more information click here  
# Cells Missing LEF Info: 0  
# Cells with Dimension Errors: 0  

==============================
Netlist Information
==============================
# HFO (>200) Nets: 0  
# No-driven Nets: 2  
    General Caution:
        1) TODO
    No-driven Nets  
    add_66/CO  
    SYNOPSYS_UNCONNECTED__0  
# Multi-driven Nets: 0  
# Assign Statements: 0  
Is Design Uniquified: YES  
# Pins in Netlist without timing lib: 0  

==============================

==============================
: Internal  External  
No of Nets:        363           0  
No of Connections:        814           0  
Total Net Length (X): 1.1601e+03  0.0000e+00  
Total Net Length (Y): 1.5973e+03  0.0000e+00  
Total Net Length: 2.7574e+03  0.0000e+00  

==============================
Timing Information
==============================
# Clocks in design: 
    ------------------------------
    Clocks in Design
    ------------------------------
    @  
    *  
    CLK  3  
# Generated clocks: 0  
# "dont_use" cells from .libs: 
    ------------------------------
    Dont_use Cell List
    ------------------------------
    ANTENNA_X1  
    FILLCELL_X1  
    FILLCELL_X16  
    FILLCELL_X2  
    FILLCELL_X32  
    FILLCELL_X4  
    FILLCELL_X8  
    LOGIC0_X1  
    LOGIC1_X1  9  
# "dont_touch" cells from .libs: 
    ------------------------------
    Dont_touch Cell List
    ------------------------------
    ANTENNA_X1  
    FILLCELL_X1  
    FILLCELL_X16  
    FILLCELL_X2  
    FILLCELL_X32  
    FILLCELL_X4  
    FILLCELL_X8  
    LOGIC0_X1  
    LOGIC1_X1  9  
# Cells in .lib with max_tran: 
    ------------------------------
    Cell List with max_tran
    ------------------------------
               Cell Name  Max Transition (ps)  
                 AND2_X1  500  
                 AND2_X2  500  
                 AND2_X4  500  
                 AND3_X1  500  
                 AND3_X2  500  
                 AND3_X4  500  
                 AND4_X1  500  
                 AND4_X2  500  
                 AND4_X4  500  
              ANTENNA_X1  500  
               AOI211_X1  500  
               AOI211_X2  500  
               AOI211_X4  500  
                AOI21_X1  500  
                AOI21_X2  500  
                AOI21_X4  500  
               AOI221_X1  500  
               AOI221_X2  500  
               AOI221_X4  500  
               AOI222_X1  500  
               AOI222_X2  500  
               AOI222_X4  500  
                AOI22_X1  500  
                AOI22_X2  500  
                AOI22_X4  500  
                  BUF_X1  500  
                 BUF_X16  500  
                  BUF_X2  500  
                 BUF_X32  500  
                  BUF_X4  500  
                  BUF_X8  500  
               CLKBUF_X1  500  
               CLKBUF_X2  500  
               CLKBUF_X3  500  
           CLKGATETST_X1  500  
           CLKGATETST_X2  500  
           CLKGATETST_X4  500  
           CLKGATETST_X8  500  
              CLKGATE_X1  500  
              CLKGATE_X2  500  
              CLKGATE_X4  500  
              CLKGATE_X8  500  
                DFFRS_X1  500  
                DFFRS_X2  500  
                 DFFR_X1  500  
                 DFFR_X2  500  
                 DFFS_X1  500  
                 DFFS_X2  500  
                  DFF_X1  500  
                  DFF_X2  500  
                  DLH_X1  500  
                  DLH_X2  500  
                  DLL_X1  500  
                  DLL_X2  500  
                   FA_X1  500  
                   HA_X1  500  
                  INV_X1  500  
                 INV_X16  500  
                  INV_X2  500  
                 INV_X32  500  
                  INV_X4  500  
                  INV_X8  500  
               LOGIC0_X1  500  
               LOGIC1_X1  500  
                 MUX2_X1  500  
                 MUX2_X2  500  
                NAND2_X1  500  
                NAND2_X2  500  
                NAND2_X4  500  
                NAND3_X1  500  
                NAND3_X2  500  
                NAND3_X4  500  
                NAND4_X1  500  
                NAND4_X2  500  
                NAND4_X4  500  
                 NOR2_X1  500  
                 NOR2_X2  500  
                 NOR2_X4  500  
                 NOR3_X1  500  
                 NOR3_X2  500  
                 NOR3_X4  500  
                 NOR4_X1  500  
                 NOR4_X2  500  
                 NOR4_X4  500  
               OAI211_X1  500  
               OAI211_X2  500  
               OAI211_X4  500  
                OAI21_X1  500  
                OAI21_X2  500  
                OAI21_X4  500  
               OAI221_X1  500  
               OAI221_X2  500  
               OAI221_X4  500  
               OAI222_X1  500  
               OAI222_X2  500  
               OAI222_X4  500  
                OAI22_X1  500  
                OAI22_X2  500  
                OAI22_X4  500  
                OAI33_X1  500  
                  OR2_X1  500  
                  OR2_X2  500  
                  OR2_X4  500  
                  OR3_X1  500  
                  OR3_X2  500  
                  OR3_X4  500  
                  OR4_X1  500  
                  OR4_X2  500  
                  OR4_X4  500  
               SDFFRS_X1  500  
               SDFFRS_X2  500  
                SDFFR_X1  500  
                SDFFR_X2  500  
                SDFFS_X1  500  
                SDFFS_X2  500  
                 SDFF_X1  500  
                 SDFF_X2  500  
                 TBUF_X1  500  
                TBUF_X16  500  
                 TBUF_X2  500  
                 TBUF_X4  500  
                 TBUF_X8  500  
                 TINV_X1  500  
                 TLAT_X1  500  
                XNOR2_X1  500  
                XNOR2_X2  500  
                 XOR2_X1  500  
                 XOR2_X2  500  128  
# Cells in .lib with max_cap: 
    ------------------------------
    Cell List with max_cap
    ------------------------------
               Cell Name  Max Capacitance (pf)  
                 AND2_X1  0.060494  
                 AND2_X2  0.120821  
                 AND2_X4  0.241652  
                 AND3_X1  0.060380  
                 AND3_X2  0.120544  
                 AND3_X4  0.241089  
                 AND4_X1  0.060215  
                 AND4_X2  0.120339  
                 AND4_X4  0.240849  
               AOI211_X1  0.014473  
               AOI211_X2  0.028926  
               AOI211_X4  0.242306  
                AOI21_X1  0.025274  
                AOI21_X2  0.050610  
                AOI21_X4  0.101013  
               AOI221_X1  0.013799  
               AOI221_X2  0.027532  
               AOI221_X4  0.242260  
               AOI222_X1  0.012968  
               AOI222_X2  0.025578  
               AOI222_X4  0.242254  
                AOI22_X1  0.024574  
                AOI22_X2  0.049060  
                AOI22_X4  0.097961  
                  BUF_X1  0.060631  
                 BUF_X16  0.965358  
                  BUF_X2  0.121101  
                 BUF_X32  1.904300  
                  BUF_X4  0.242237  
                  BUF_X8  0.483910  
               CLKBUF_X1  0.060696  
               CLKBUF_X2  0.121307  
               CLKBUF_X3  0.181867  
           CLKGATETST_X1  0.060730  
           CLKGATETST_X2  0.121361  
           CLKGATETST_X4  0.242584  
           CLKGATETST_X8  0.483984  
              CLKGATE_X1  0.060700  
              CLKGATE_X2  0.121242  
              CLKGATE_X4  0.242310  
              CLKGATE_X8  0.484125  
                DFFRS_X1  0.060254  
                DFFRS_X2  0.120834  
                 DFFR_X1  0.059973  
                 DFFR_X2  0.119245  
                 DFFS_X1  0.060272  
                 DFFS_X2  0.120544  
                  DFF_X1  0.060272  
                  DFF_X2  0.120544  
                  DLH_X1  0.060543  
                  DLH_X2  0.120697  
                  DLL_X1  0.060261  
                  DLL_X2  0.120544  
                   FA_X1  0.060160  
                   HA_X1  0.025241  
                  INV_X1  0.060688  
                 INV_X16  0.968217  
                  INV_X2  0.121264  
                 INV_X32  1.922333  
                  INV_X4  0.242693  
                  INV_X8  0.485108  
                 MUX2_X1  0.060462  
                 MUX2_X2  0.120798  
                NAND2_X1  0.059345  
                NAND2_X2  0.118669  
                NAND2_X4  0.237363  
                NAND3_X1  0.058309  
                NAND3_X2  0.116272  
                NAND3_X4  0.232839  
                NAND4_X1  0.055968  
                NAND4_X2  0.111503  
                NAND4_X4  0.222778  
                 NOR2_X1  0.026647  
                 NOR2_X2  0.053302  
                 NOR2_X4  0.106783  
                 NOR3_X1  0.015981  
                 NOR3_X2  0.031692  
                 NOR3_X4  0.063202  
                 NOR4_X1  0.010456  
                 NOR4_X2  0.020876  
                 NOR4_X4  0.041492  
               OAI211_X1  0.025538  
               OAI211_X2  0.050802  
               OAI211_X4  0.101443  
                OAI21_X1  0.026022  
                OAI21_X2  0.052030  
                OAI21_X4  0.104065  
               OAI221_X1  0.022146  
               OAI221_X2  0.043855  
               OAI221_X4  0.242310  
               OAI222_X1  0.020046  
               OAI222_X2  0.039597  
               OAI222_X4  0.242249  
                OAI22_X1  0.023215  
                OAI22_X2  0.046273  
                OAI22_X4  0.092355  
                OAI33_X1  0.011475  
                  OR2_X1  0.060577  
                  OR2_X2  0.121052  
                  OR2_X4  0.242232  
                  OR3_X1  0.060565  
                  OR3_X2  0.121010  
                  OR3_X4  0.242086  
                  OR4_X1  0.060524  
                  OR4_X2  0.120850  
                  OR4_X4  0.241699  
               SDFFRS_X1  0.060564  
               SDFFRS_X2  0.120757  
                SDFFR_X1  0.060425  
                SDFFR_X2  0.121155  
                SDFFS_X1  0.060577  
                SDFFS_X2  0.120850  
                 SDFF_X1  0.060413  
                 SDFF_X2  0.121155  
                 TBUF_X1  0.051536  
                TBUF_X16  0.820074  
                 TBUF_X2  0.103551  
                 TBUF_X4  0.206681  
                 TBUF_X8  0.412598  
                 TINV_X1  0.022500  
                 TLAT_X1  0.022583  
                XNOR2_X1  0.025960  
                XNOR2_X2  0.051917  
                 XOR2_X1  0.025271  
                 XOR2_X2  0.050422  125  
# Cells in .lib with max_fanout: 0  
SDC max_cap: N/A  
SDC max_tran: N/A  
SDC max_fanout: N/A  
Default Ext. Scale Factor: 1.000  
Detail Ext. Scale Factor: 1.000  

==============================
Floorplan/Placement Information
==============================
Total area of Standard cells: 1571.528 um^2  
Total area of Standard cells(Subtracting Physical Cells): 456.988 um^2  
Total area of Macros: 0.000 um^2  
Total area of Blockages: 0.000 um^2  
Total area of Pad cells: 0.000 um^2  
Total area of Core: 1599.591 um^2  
Total area of Chip: 2497.501 um^2  
Effective Utilization: 1.0000e+00  
Number of Cell Rows: 28  
% Pure Gate Density #1 (Subtracting BLOCKAGES): 98.246%  
% Pure Gate Density #2 (Subtracting BLOCKAGES and Physical Cells): 28.569%  
% Pure Gate Density #3 (Subtracting MACROS): 98.246%  
% Pure Gate Density #4 (Subtracting MACROS and Physical Cells): 28.569%  
% Pure Gate Density #5 (Subtracting MACROS and BLOCKAGES): 98.246%  
% Pure Gate Density #6 (Subtracting MACROS and BLOCKAGES for insts are not placed): 28.569%  
% Core Density (Counting Std Cells and MACROs): 98.246%  
% Core Density #2(Subtracting Physical Cells): 28.569%  
% Chip Density (Counting Std Cells and MACROs and IOs): 62.924%  
% Chip Density #2(Subtracting Physical Cells): 18.298%  
# Macros within 5 sites of IO pad: No  
Macro halo defined?: No  

==============================
Wire Length Distribution
==============================
Total metal1 wire length: 120.8400 um  
Total metal2 wire length: 1196.6000 um  
Total metal3 wire length: 992.9900 um  
Total metal4 wire length: 442.2600 um  
Total metal5 wire length: 131.0400 um  
Total metal6 wire length: 39.7600 um  
Total metal7 wire length: 0.0000 um  
Total metal8 wire length: 0.0000 um  
Total metal9 wire length: 0.0000 um  
Total metal10 wire length: 0.0000 um  
Total wire length: 2923.4900 um  
Average wire length/net: 7.9013 um  
Area of Power Net Distribution: 
    ------------------------------
    Area of Power Net Distribution
    ------------------------------
    Layer Name  Area of Power Net  Routable Area  Percentage  
    metal1  112.7865  1599.5910  7.0510%  
    metal2  0.0000  1599.5910  0.0000%  
    metal3  0.0000  1599.5910  0.0000%  
    metal4  0.0000  1599.5910  0.0000%  
    metal5  0.0000  1599.5910  0.0000%  
    metal6  0.0000  1599.5910  0.0000%  
    metal7  0.0000  1599.5910  0.0000%  
    metal8  0.0000  1599.5910  0.0000%  
    metal9  70.7680  1599.5910  4.4241%  
    metal10  220.0960  1599.5910  13.7595%  For more information click here  
