###############################################################
#  Generated by:      Cadence Innovus 18.10-p002_1
#  OS:                Linux x86_64(Host ID ensc-esil-t1.engineering.sfu.ca)
#  Generated on:      Sat Mar 23 13:46:47 2019
#  Design:            rgb2gray
#  Command:           report_timing -net -format {instance arc cell slew net annotation load delay arrival} -max_paths 10 > results/timing/03-place.setup.rpt
###############################################################
Path 1: MET Setup Check with Pin gray_reg[3]/CK 
Endpoint:   gray_reg[3]/D  (v) checked with  leading edge of 'CLK'
Beginpoint: g_int_reg[4]/Q (^) triggered by  leading edge of 'CLK'
Path Groups: {CLK}
Analysis View: rgb_av
Other End Arrival Time          0.000
- Setup                         0.168
+ Phase Shift                   2.500
= Required Time                 2.332
- Arrival Time                  2.285
= Slack Time                    0.046
     Clock Rise Edge                 0.000
     + Clock Network Latency (Ideal) 0.000
     = Beginpoint Arrival Time       0.000
     +------------------------------------------------------------------------------------------------------+ 
     |   Instance   |     Arc      |   Cell    |  Slew |    Net     |    Arc     |  Load  | Delay | Arrival | 
     |              |              |           |       |            | Annotation |        |       |  Time   | 
     |--------------+--------------+-----------+-------+------------+------------+--------+-------+---------| 
     | g_int_reg[4] | CK ^         |           | 0.000 | clk        |            | 46.244 |       |   0.000 | 
     | g_int_reg[4] | CK ^ -> Q ^  | DFFR_X1   | 0.101 | g_int[4]   |            | 11.306 | 0.416 |   0.416 | 
     | U63          |              | INV_X1    | 0.101 | g_int[4]   |       SPEF | 11.306 | 0.000 |   0.416 | 
     | U63          | A ^ -> ZN v  | INV_X1    | 0.028 | n78        |            |  2.984 | 0.049 |   0.465 | 
     | U83          |              | OR2_X1    | 0.028 | n78        |       SPEF |  2.984 | 0.000 |   0.465 | 
     | U83          | A1 v -> ZN v | OR2_X1    | 0.035 | n89        |            |  3.350 | 0.182 |   0.646 | 
     | U84          |              | AND2_X1   | 0.035 | n89        |       SPEF |  3.350 | 0.000 |   0.647 | 
     | U84          | A1 v -> ZN v | AND2_X1   | 0.023 | n105       |            |  3.973 | 0.114 |   0.761 | 
     | U48          |              | NAND3_X1  | 0.023 | n105       |       SPEF |  3.973 | 0.000 |   0.761 | 
     | U48          | A1 v -> ZN ^ | NAND3_X1  | 0.040 | n68        |            |  1.832 | 0.053 |   0.814 | 
     | U50          |              | INV_X1    | 0.040 | n68        |       SPEF |  1.832 | 0.000 |   0.814 | 
     | U50          | A ^ -> ZN v  | INV_X1    | 0.013 | n69        |            |  2.001 | 0.029 |   0.843 | 
     | U49          |              | NAND2_X1  | 0.013 | n69        |       SPEF |  2.001 | 0.000 |   0.843 | 
     | U49          | A2 v -> ZN ^ | NAND2_X1  | 0.033 | n82        |            |  1.872 | 0.051 |   0.894 | 
     | U87          |              | NAND4_X1  | 0.033 | n82        |       SPEF |  1.872 | 0.000 |   0.894 | 
     | U87          | A2 ^ -> ZN v | NAND4_X1  | 0.047 | n94        |            |  2.232 | 0.086 |   0.980 | 
     | U94          |              | NOR3_X1   | 0.047 | n94        |       SPEF |  2.232 | 0.000 |   0.980 | 
     | U94          | A1 v -> ZN ^ | NOR3_X1   | 0.157 | N4         |            |  3.650 | 0.199 |   1.179 | 
     | C195         |              | AND2_X2   | 0.157 | N4         |       SPEF |  3.650 | 0.000 |   1.180 | 
     | C195         | A1 ^ -> ZN ^ | AND2_X2   | 0.043 | N6         |            |  7.532 | 0.155 |   1.335 | 
     | U55          |              | INV_X2    | 0.043 | N6         |       SPEF |  7.532 | 0.000 |   1.335 | 
     | U55          | A ^ -> ZN v  | INV_X2    | 0.026 | n57        |            | 20.977 | 0.056 |   1.391 | 
     | U24          |              | OAI222_X1 | 0.026 | n57        |       SPEF | 20.977 | 0.000 |   1.392 | 
     | U24          | C2 v -> ZN ^ | OAI222_X1 | 0.235 | max[2]     |            |  5.577 | 0.287 |   1.679 | 
     | add_66/U100  |              | NAND2_X1  | 0.235 | max[2]     |       SPEF |  5.577 | 0.000 |   1.679 | 
     | add_66/U100  | A1 ^ -> ZN v | NAND2_X1  | 0.075 | add_66/n40 |            |  5.352 | 0.121 |   1.800 | 
     | add_66/U77   |              | OAI21_X1  | 0.075 | add_66/n40 |       SPEF |  5.352 | 0.000 |   1.800 | 
     | add_66/U77   | B2 v -> ZN ^ | OAI21_X1  | 0.133 | add_66/n35 |            |  5.367 | 0.213 |   2.013 | 
     | add_66/U88   |              | AOI21_X1  | 0.133 | add_66/n35 |       SPEF |  5.367 | 0.000 |   2.013 | 
     | add_66/U88   | A ^ -> ZN v  | AOI21_X1  | 0.045 | add_66/n88 |            |  4.503 | 0.083 |   2.096 | 
     | add_66/U110  |              | XOR2_X1   | 0.045 | add_66/n88 |       SPEF |  4.503 | 0.000 |   2.096 | 
     | add_66/U110  | A v -> Z v   | XOR2_X1   | 0.040 | sum[4]     |            |  1.506 | 0.190 |   2.285 | 
     | gray_reg[3]  |              | DFFR_X1   | 0.040 | sum[4]     |       SPEF |  1.506 | 0.000 |   2.285 | 
     +------------------------------------------------------------------------------------------------------+ 
Path 2: MET Setup Check with Pin gray_reg[4]/CK 
Endpoint:   gray_reg[4]/D  (^) checked with  leading edge of 'CLK'
Beginpoint: g_int_reg[4]/Q (^) triggered by  leading edge of 'CLK'
Path Groups: {CLK}
Analysis View: rgb_av
Other End Arrival Time          0.000
- Setup                         0.097
+ Phase Shift                   2.500
= Required Time                 2.403
- Arrival Time                  2.352
= Slack Time                    0.051
     Clock Rise Edge                 0.000
     + Clock Network Latency (Ideal) 0.000
     = Beginpoint Arrival Time       0.000
     +------------------------------------------------------------------------------------------------------+ 
     |   Instance   |     Arc      |   Cell    |  Slew |    Net     |    Arc     |  Load  | Delay | Arrival | 
     |              |              |           |       |            | Annotation |        |       |  Time   | 
     |--------------+--------------+-----------+-------+------------+------------+--------+-------+---------| 
     | g_int_reg[4] | CK ^         |           | 0.000 | clk        |            | 46.244 |       |   0.000 | 
     | g_int_reg[4] | CK ^ -> Q ^  | DFFR_X1   | 0.101 | g_int[4]   |            | 11.306 | 0.416 |   0.416 | 
     | U63          |              | INV_X1    | 0.101 | g_int[4]   |       SPEF | 11.306 | 0.000 |   0.416 | 
     | U63          | A ^ -> ZN v  | INV_X1    | 0.028 | n78        |            |  2.984 | 0.049 |   0.465 | 
     | U83          |              | OR2_X1    | 0.028 | n78        |       SPEF |  2.984 | 0.000 |   0.465 | 
     | U83          | A1 v -> ZN v | OR2_X1    | 0.035 | n89        |            |  3.350 | 0.182 |   0.646 | 
     | U84          |              | AND2_X1   | 0.035 | n89        |       SPEF |  3.350 | 0.000 |   0.647 | 
     | U84          | A1 v -> ZN v | AND2_X1   | 0.023 | n105       |            |  3.973 | 0.114 |   0.761 | 
     | U48          |              | NAND3_X1  | 0.023 | n105       |       SPEF |  3.973 | 0.000 |   0.761 | 
     | U48          | A1 v -> ZN ^ | NAND3_X1  | 0.040 | n68        |            |  1.832 | 0.053 |   0.814 | 
     | U50          |              | INV_X1    | 0.040 | n68        |       SPEF |  1.832 | 0.000 |   0.814 | 
     | U50          | A ^ -> ZN v  | INV_X1    | 0.013 | n69        |            |  2.001 | 0.029 |   0.843 | 
     | U49          |              | NAND2_X1  | 0.013 | n69        |       SPEF |  2.001 | 0.000 |   0.843 | 
     | U49          | A2 v -> ZN ^ | NAND2_X1  | 0.033 | n82        |            |  1.872 | 0.051 |   0.894 | 
     | U87          |              | NAND4_X1  | 0.033 | n82        |       SPEF |  1.872 | 0.000 |   0.894 | 
     | U87          | A2 ^ -> ZN v | NAND4_X1  | 0.047 | n94        |            |  2.232 | 0.086 |   0.980 | 
     | U94          |              | NOR3_X1   | 0.047 | n94        |       SPEF |  2.232 | 0.000 |   0.980 | 
     | U94          | A1 v -> ZN ^ | NOR3_X1   | 0.157 | N4         |            |  3.650 | 0.199 |   1.179 | 
     | C195         |              | AND2_X2   | 0.157 | N4         |       SPEF |  3.650 | 0.000 |   1.180 | 
     | C195         | A1 ^ -> ZN ^ | AND2_X2   | 0.043 | N6         |            |  7.532 | 0.155 |   1.335 | 
     | U55          |              | INV_X2    | 0.043 | N6         |       SPEF |  7.532 | 0.000 |   1.335 | 
     | U55          | A ^ -> ZN v  | INV_X2    | 0.026 | n57        |            | 20.977 | 0.056 |   1.391 | 
     | U24          |              | OAI222_X1 | 0.026 | n57        |       SPEF | 20.977 | 0.000 |   1.392 | 
     | U24          | C2 v -> ZN ^ | OAI222_X1 | 0.235 | max[2]     |            |  5.577 | 0.287 |   1.679 | 
     | add_66/U100  |              | NAND2_X1  | 0.235 | max[2]     |       SPEF |  5.577 | 0.000 |   1.679 | 
     | add_66/U100  | A1 ^ -> ZN v | NAND2_X1  | 0.075 | add_66/n40 |            |  5.352 | 0.121 |   1.800 | 
     | add_66/U77   |              | OAI21_X1  | 0.075 | add_66/n40 |       SPEF |  5.352 | 0.000 |   1.800 | 
     | add_66/U77   | B2 v -> ZN ^ | OAI21_X1  | 0.133 | add_66/n35 |            |  5.367 | 0.213 |   2.013 | 
     | add_66/U89   |              | AOI21_X2  | 0.133 | add_66/n35 |       SPEF |  5.367 | 0.000 |   2.013 | 
     | add_66/U89   | A ^ -> ZN v  | AOI21_X2  | 0.041 | add_66/n1  |            |  5.760 | 0.073 |   2.087 | 
     | add_66/U113  |              | OAI21_X1  | 0.041 | add_66/n1  |       SPEF |  5.760 | 0.000 |   2.087 | 
     | add_66/U113  | B1 v -> ZN ^ | OAI21_X1  | 0.090 | add_66/n30 |            |  2.864 | 0.128 |   2.215 | 
     | add_66/U95   |              | XNOR2_X1  | 0.090 | add_66/n30 |       SPEF |  2.864 | 0.000 |   2.215 | 
     | add_66/U95   | A ^ -> ZN ^  | XNOR2_X1  | 0.064 | sum[5]     |            |  1.319 | 0.137 |   2.352 | 
     | gray_reg[4]  |              | DFFR_X1   | 0.064 | sum[5]     |       SPEF |  1.319 | 0.000 |   2.352 | 
     +------------------------------------------------------------------------------------------------------+ 
Path 3: MET Setup Check with Pin gray_reg[5]/CK 
Endpoint:   gray_reg[5]/D  (^) checked with  leading edge of 'CLK'
Beginpoint: g_int_reg[4]/Q (^) triggered by  leading edge of 'CLK'
Path Groups: {CLK}
Analysis View: rgb_av
Other End Arrival Time          0.000
- Setup                         0.099
+ Phase Shift                   2.500
= Required Time                 2.401
- Arrival Time                  2.347
= Slack Time                    0.054
     Clock Rise Edge                 0.000
     + Clock Network Latency (Ideal) 0.000
     = Beginpoint Arrival Time       0.000
     +------------------------------------------------------------------------------------------------------+ 
     |   Instance   |     Arc      |   Cell    |  Slew |    Net     |    Arc     |  Load  | Delay | Arrival | 
     |              |              |           |       |            | Annotation |        |       |  Time   | 
     |--------------+--------------+-----------+-------+------------+------------+--------+-------+---------| 
     | g_int_reg[4] | CK ^         |           | 0.000 | clk        |            | 46.244 |       |   0.000 | 
     | g_int_reg[4] | CK ^ -> Q ^  | DFFR_X1   | 0.101 | g_int[4]   |            | 11.306 | 0.416 |   0.416 | 
     | U63          |              | INV_X1    | 0.101 | g_int[4]   |       SPEF | 11.306 | 0.000 |   0.416 | 
     | U63          | A ^ -> ZN v  | INV_X1    | 0.028 | n78        |            |  2.984 | 0.049 |   0.465 | 
     | U83          |              | OR2_X1    | 0.028 | n78        |       SPEF |  2.984 | 0.000 |   0.465 | 
     | U83          | A1 v -> ZN v | OR2_X1    | 0.035 | n89        |            |  3.350 | 0.182 |   0.646 | 
     | U84          |              | AND2_X1   | 0.035 | n89        |       SPEF |  3.350 | 0.000 |   0.647 | 
     | U84          | A1 v -> ZN v | AND2_X1   | 0.023 | n105       |            |  3.973 | 0.114 |   0.761 | 
     | U48          |              | NAND3_X1  | 0.023 | n105       |       SPEF |  3.973 | 0.000 |   0.761 | 
     | U48          | A1 v -> ZN ^ | NAND3_X1  | 0.040 | n68        |            |  1.832 | 0.053 |   0.814 | 
     | U50          |              | INV_X1    | 0.040 | n68        |       SPEF |  1.832 | 0.000 |   0.814 | 
     | U50          | A ^ -> ZN v  | INV_X1    | 0.013 | n69        |            |  2.001 | 0.029 |   0.843 | 
     | U49          |              | NAND2_X1  | 0.013 | n69        |       SPEF |  2.001 | 0.000 |   0.843 | 
     | U49          | A2 v -> ZN ^ | NAND2_X1  | 0.033 | n82        |            |  1.872 | 0.051 |   0.894 | 
     | U87          |              | NAND4_X1  | 0.033 | n82        |       SPEF |  1.872 | 0.000 |   0.894 | 
     | U87          | A2 ^ -> ZN v | NAND4_X1  | 0.047 | n94        |            |  2.232 | 0.086 |   0.980 | 
     | U94          |              | NOR3_X1   | 0.047 | n94        |       SPEF |  2.232 | 0.000 |   0.980 | 
     | U94          | A1 v -> ZN ^ | NOR3_X1   | 0.157 | N4         |            |  3.650 | 0.199 |   1.179 | 
     | C195         |              | AND2_X2   | 0.157 | N4         |       SPEF |  3.650 | 0.000 |   1.180 | 
     | C195         | A1 ^ -> ZN ^ | AND2_X2   | 0.043 | N6         |            |  7.532 | 0.155 |   1.335 | 
     | U55          |              | INV_X2    | 0.043 | N6         |       SPEF |  7.532 | 0.000 |   1.335 | 
     | U55          | A ^ -> ZN v  | INV_X2    | 0.026 | n57        |            | 20.977 | 0.056 |   1.391 | 
     | U24          |              | OAI222_X1 | 0.026 | n57        |       SPEF | 20.977 | 0.000 |   1.392 | 
     | U24          | C2 v -> ZN ^ | OAI222_X1 | 0.235 | max[2]     |            |  5.577 | 0.287 |   1.679 | 
     | add_66/U100  |              | NAND2_X1  | 0.235 | max[2]     |       SPEF |  5.577 | 0.000 |   1.679 | 
     | add_66/U100  | A1 ^ -> ZN v | NAND2_X1  | 0.075 | add_66/n40 |            |  5.352 | 0.121 |   1.800 | 
     | add_66/U77   |              | OAI21_X1  | 0.075 | add_66/n40 |       SPEF |  5.352 | 0.000 |   1.800 | 
     | add_66/U77   | B2 v -> ZN ^ | OAI21_X1  | 0.133 | add_66/n35 |            |  5.367 | 0.213 |   2.013 | 
     | add_66/U89   |              | AOI21_X2  | 0.133 | add_66/n35 |       SPEF |  5.367 | 0.000 |   2.013 | 
     | add_66/U89   | A ^ -> ZN v  | AOI21_X2  | 0.041 | add_66/n1  |            |  5.760 | 0.073 |   2.087 | 
     | add_66/U112  |              | OAI21_X1  | 0.041 | add_66/n1  |       SPEF |  5.760 | 0.000 |   2.087 | 
     | add_66/U112  | B1 v -> ZN ^ | OAI21_X1  | 0.084 | add_66/n23 |            |  2.550 | 0.122 |   2.209 | 
     | add_66/U97   |              | XNOR2_X1  | 0.084 | add_66/n23 |       SPEF |  2.550 | 0.000 |   2.209 | 
     | add_66/U97   | A ^ -> ZN ^  | XNOR2_X1  | 0.070 | sum[6]     |            |  1.627 | 0.138 |   2.347 | 
     | gray_reg[5]  |              | DFFR_X1   | 0.070 | sum[6]     |       SPEF |  1.627 | 0.000 |   2.347 | 
     +------------------------------------------------------------------------------------------------------+ 
Path 4: MET Setup Check with Pin gray_reg[6]/CK 
Endpoint:   gray_reg[6]/D  (^) checked with  leading edge of 'CLK'
Beginpoint: g_int_reg[4]/Q (^) triggered by  leading edge of 'CLK'
Path Groups: {CLK}
Analysis View: rgb_av
Other End Arrival Time          0.000
- Setup                         0.101
+ Phase Shift                   2.500
= Required Time                 2.399
- Arrival Time                  2.344
= Slack Time                    0.055
     Clock Rise Edge                 0.000
     + Clock Network Latency (Ideal) 0.000
     = Beginpoint Arrival Time       0.000
     +------------------------------------------------------------------------------------------------------+ 
     |   Instance   |     Arc      |   Cell    |  Slew |    Net     |    Arc     |  Load  | Delay | Arrival | 
     |              |              |           |       |            | Annotation |        |       |  Time   | 
     |--------------+--------------+-----------+-------+------------+------------+--------+-------+---------| 
     | g_int_reg[4] | CK ^         |           | 0.000 | clk        |            | 46.244 |       |   0.000 | 
     | g_int_reg[4] | CK ^ -> Q ^  | DFFR_X1   | 0.101 | g_int[4]   |            | 11.306 | 0.416 |   0.416 | 
     | U63          |              | INV_X1    | 0.101 | g_int[4]   |       SPEF | 11.306 | 0.000 |   0.416 | 
     | U63          | A ^ -> ZN v  | INV_X1    | 0.028 | n78        |            |  2.984 | 0.049 |   0.465 | 
     | U83          |              | OR2_X1    | 0.028 | n78        |       SPEF |  2.984 | 0.000 |   0.465 | 
     | U83          | A1 v -> ZN v | OR2_X1    | 0.035 | n89        |            |  3.350 | 0.182 |   0.646 | 
     | U84          |              | AND2_X1   | 0.035 | n89        |       SPEF |  3.350 | 0.000 |   0.647 | 
     | U84          | A1 v -> ZN v | AND2_X1   | 0.023 | n105       |            |  3.973 | 0.114 |   0.761 | 
     | U48          |              | NAND3_X1  | 0.023 | n105       |       SPEF |  3.973 | 0.000 |   0.761 | 
     | U48          | A1 v -> ZN ^ | NAND3_X1  | 0.040 | n68        |            |  1.832 | 0.053 |   0.814 | 
     | U50          |              | INV_X1    | 0.040 | n68        |       SPEF |  1.832 | 0.000 |   0.814 | 
     | U50          | A ^ -> ZN v  | INV_X1    | 0.013 | n69        |            |  2.001 | 0.029 |   0.843 | 
     | U49          |              | NAND2_X1  | 0.013 | n69        |       SPEF |  2.001 | 0.000 |   0.843 | 
     | U49          | A2 v -> ZN ^ | NAND2_X1  | 0.033 | n82        |            |  1.872 | 0.051 |   0.894 | 
     | U87          |              | NAND4_X1  | 0.033 | n82        |       SPEF |  1.872 | 0.000 |   0.894 | 
     | U87          | A2 ^ -> ZN v | NAND4_X1  | 0.047 | n94        |            |  2.232 | 0.086 |   0.980 | 
     | U94          |              | NOR3_X1   | 0.047 | n94        |       SPEF |  2.232 | 0.000 |   0.980 | 
     | U94          | A1 v -> ZN ^ | NOR3_X1   | 0.157 | N4         |            |  3.650 | 0.199 |   1.179 | 
     | C195         |              | AND2_X2   | 0.157 | N4         |       SPEF |  3.650 | 0.000 |   1.180 | 
     | C195         | A1 ^ -> ZN ^ | AND2_X2   | 0.043 | N6         |            |  7.532 | 0.155 |   1.335 | 
     | U55          |              | INV_X2    | 0.043 | N6         |       SPEF |  7.532 | 0.000 |   1.335 | 
     | U55          | A ^ -> ZN v  | INV_X2    | 0.026 | n57        |            | 20.977 | 0.056 |   1.391 | 
     | U24          |              | OAI222_X1 | 0.026 | n57        |       SPEF | 20.977 | 0.000 |   1.392 | 
     | U24          | C2 v -> ZN ^ | OAI222_X1 | 0.235 | max[2]     |            |  5.577 | 0.287 |   1.679 | 
     | add_66/U100  |              | NAND2_X1  | 0.235 | max[2]     |       SPEF |  5.577 | 0.000 |   1.679 | 
     | add_66/U100  | A1 ^ -> ZN v | NAND2_X1  | 0.075 | add_66/n40 |            |  5.352 | 0.121 |   1.800 | 
     | add_66/U77   |              | OAI21_X1  | 0.075 | add_66/n40 |       SPEF |  5.352 | 0.000 |   1.800 | 
     | add_66/U77   | B2 v -> ZN ^ | OAI21_X1  | 0.133 | add_66/n35 |            |  5.367 | 0.213 |   2.013 | 
     | add_66/U89   |              | AOI21_X2  | 0.133 | add_66/n35 |       SPEF |  5.367 | 0.000 |   2.013 | 
     | add_66/U89   | A ^ -> ZN v  | AOI21_X2  | 0.041 | add_66/n1  |            |  5.760 | 0.073 |   2.087 | 
     | add_66/U111  |              | OAI21_X1  | 0.041 | add_66/n1  |       SPEF |  5.760 | 0.000 |   2.087 | 
     | add_66/U111  | B1 v -> ZN ^ | OAI21_X1  | 0.081 | add_66/n16 |            |  2.381 | 0.119 |   2.205 | 
     | add_66/U108  |              | XNOR2_X1  | 0.081 | add_66/n16 |       SPEF |  2.381 | 0.000 |   2.205 | 
     | add_66/U108  | A ^ -> ZN ^  | XNOR2_X1  | 0.073 | sum[7]     |            |  1.821 | 0.138 |   2.344 | 
     | gray_reg[6]  |              | DFFR_X1   | 0.073 | sum[7]     |       SPEF |  1.821 | 0.000 |   2.344 | 
     +------------------------------------------------------------------------------------------------------+ 
Path 5: MET Setup Check with Pin gray_reg[1]/CK 
Endpoint:   gray_reg[1]/D  (v) checked with  leading edge of 'CLK'
Beginpoint: g_int_reg[6]/Q (^) triggered by  leading edge of 'CLK'
Path Groups: {CLK}
Analysis View: rgb_av
Other End Arrival Time          0.000
- Setup                         0.164
+ Phase Shift                   2.500
= Required Time                 2.336
- Arrival Time                  2.224
= Slack Time                    0.112
     Clock Rise Edge                 0.000
     + Clock Network Latency (Ideal) 0.000
     = Beginpoint Arrival Time       0.000
     +------------------------------------------------------------------------------------------------------+ 
     |   Instance   |     Arc      |   Cell    |  Slew |    Net     |    Arc     |  Load  | Delay | Arrival | 
     |              |              |           |       |            | Annotation |        |       |  Time   | 
     |--------------+--------------+-----------+-------+------------+------------+--------+-------+---------| 
     | g_int_reg[6] | CK ^         |           | 0.000 | clk        |            | 46.244 |       |   0.000 | 
     | g_int_reg[6] | CK ^ -> Q ^  | DFFR_X1   | 0.180 | g_int[6]   |            | 21.564 | 0.495 |   0.495 | 
     | U33          |              | INV_X1    | 0.180 | g_int[6]   |       SPEF | 21.564 | 0.001 |   0.496 | 
     | U33          | A ^ -> ZN v  | INV_X1    | 0.048 | n60        |            |  5.016 | 0.076 |   0.572 | 
     | U46          |              | NAND2_X1  | 0.048 | n60        |       SPEF |  5.016 | 0.000 |   0.572 | 
     | U46          | A2 v -> ZN ^ | NAND2_X1  | 0.076 | n110       |            |  7.336 | 0.117 |   0.689 | 
     | U78          |              | OAI21_X1  | 0.076 | n110       |       SPEF |  7.336 | 0.000 |   0.689 | 
     | U78          | A ^ -> ZN v  | OAI21_X1  | 0.056 | n114       |            |  5.185 | 0.089 |   0.778 | 
     | U103         |              | OAI33_X1  | 0.056 | n114       |       SPEF |  5.185 | 0.000 |   0.778 | 
     | U103         | B2 v -> ZN ^ | OAI33_X1  | 0.241 | n117       |            |  2.696 | 0.346 |   1.124 | 
     | U104         |              | NOR2_X1   | 0.241 | n117       |       SPEF |  2.696 | 0.000 |   1.125 | 
     | U104         | A1 ^ -> ZN v | NOR2_X1   | 0.055 | N20        |            |  2.925 | 0.065 |   1.190 | 
     | C200         |              | AND2_X2   | 0.055 | N20        |       SPEF |  2.925 | 0.000 |   1.190 | 
     | C200         | A1 v -> ZN v | AND2_X2   | 0.024 | N22        |            |  8.866 | 0.123 |   1.313 | 
     | U54          |              | OR2_X4    | 0.024 | N22        |       SPEF |  8.866 | 0.000 |   1.313 | 
     | U54          | A1 v -> ZN v | OR2_X4    | 0.037 | n30        |            | 20.781 | 0.175 |   1.488 | 
     | U39          |              | OAI222_X1 | 0.038 | n30        |       SPEF | 20.781 | 0.002 |   1.490 | 
     | U39          | B1 v -> ZN ^ | OAI222_X1 | 0.261 | min[1]     |            |  7.160 | 0.265 |   1.755 | 
     | add_66/U65   |              | NAND2_X1  | 0.261 | min[1]     |       SPEF |  7.160 | 0.000 |   1.755 | 
     | add_66/U65   | A1 ^ -> ZN v | NAND2_X1  | 0.077 | add_66/n44 |            |  4.575 | 0.116 |   1.871 | 
     | add_66/U96   |              | OAI21_X2  | 0.077 | add_66/n44 |       SPEF |  4.575 | 0.000 |   1.871 | 
     | add_66/U96   | A v -> ZN ^  | OAI21_X2  | 0.103 | add_66/n42 |            |  7.585 | 0.116 |   1.988 | 
     | add_66/U78   |              | INV_X1    | 0.103 | add_66/n42 |       SPEF |  7.585 | 0.000 |   1.988 | 
     | add_66/U78   | A ^ -> ZN v  | INV_X1    | 0.030 | add_66/n41 |            |  4.099 | 0.056 |   2.043 | 
     | add_66/U79   |              | XOR2_X1   | 0.030 | add_66/n41 |       SPEF |  4.099 | 0.000 |   2.043 | 
     | add_66/U79   | A v -> Z v   | XOR2_X1   | 0.032 | sum[2]     |            |  1.261 | 0.181 |   2.224 | 
     | gray_reg[1]  |              | DFFR_X1   | 0.032 | sum[2]     |       SPEF |  1.261 | 0.000 |   2.224 | 
     +------------------------------------------------------------------------------------------------------+ 
Path 6: MET Setup Check with Pin gray_reg[2]/CK 
Endpoint:   gray_reg[2]/D  (^) checked with  leading edge of 'CLK'
Beginpoint: g_int_reg[6]/Q (^) triggered by  leading edge of 'CLK'
Path Groups: {CLK}
Analysis View: rgb_av
Other End Arrival Time          0.000
- Setup                         0.097
+ Phase Shift                   2.500
= Required Time                 2.403
- Arrival Time                  2.290
= Slack Time                    0.114
     Clock Rise Edge                 0.000
     + Clock Network Latency (Ideal) 0.000
     = Beginpoint Arrival Time       0.000
     +------------------------------------------------------------------------------------------------------+ 
     |   Instance   |     Arc      |   Cell    |  Slew |    Net     |    Arc     |  Load  | Delay | Arrival | 
     |              |              |           |       |            | Annotation |        |       |  Time   | 
     |--------------+--------------+-----------+-------+------------+------------+--------+-------+---------| 
     | g_int_reg[6] | CK ^         |           | 0.000 | clk        |            | 46.244 |       |   0.000 | 
     | g_int_reg[6] | CK ^ -> Q ^  | DFFR_X1   | 0.180 | g_int[6]   |            | 21.564 | 0.495 |   0.495 | 
     | U33          |              | INV_X1    | 0.180 | g_int[6]   |       SPEF | 21.564 | 0.001 |   0.496 | 
     | U33          | A ^ -> ZN v  | INV_X1    | 0.048 | n60        |            |  5.016 | 0.076 |   0.572 | 
     | U46          |              | NAND2_X1  | 0.048 | n60        |       SPEF |  5.016 | 0.000 |   0.572 | 
     | U46          | A2 v -> ZN ^ | NAND2_X1  | 0.076 | n110       |            |  7.336 | 0.117 |   0.689 | 
     | U78          |              | OAI21_X1  | 0.076 | n110       |       SPEF |  7.336 | 0.000 |   0.689 | 
     | U78          | A ^ -> ZN v  | OAI21_X1  | 0.056 | n114       |            |  5.185 | 0.089 |   0.778 | 
     | U103         |              | OAI33_X1  | 0.056 | n114       |       SPEF |  5.185 | 0.000 |   0.778 | 
     | U103         | B2 v -> ZN ^ | OAI33_X1  | 0.241 | n117       |            |  2.696 | 0.346 |   1.124 | 
     | U104         |              | NOR2_X1   | 0.241 | n117       |       SPEF |  2.696 | 0.000 |   1.124 | 
     | U104         | A1 ^ -> ZN v | NOR2_X1   | 0.055 | N20        |            |  2.925 | 0.065 |   1.190 | 
     | C200         |              | AND2_X2   | 0.055 | N20        |       SPEF |  2.925 | 0.000 |   1.190 | 
     | C200         | A1 v -> ZN v | AND2_X2   | 0.024 | N22        |            |  8.866 | 0.123 |   1.313 | 
     | U54          |              | OR2_X4    | 0.024 | N22        |       SPEF |  8.866 | 0.000 |   1.313 | 
     | U54          | A1 v -> ZN v | OR2_X4    | 0.037 | n30        |            | 20.781 | 0.175 |   1.488 | 
     | U39          |              | OAI222_X1 | 0.038 | n30        |       SPEF | 20.781 | 0.002 |   1.490 | 
     | U39          | B1 v -> ZN ^ | OAI222_X1 | 0.261 | min[1]     |            |  7.160 | 0.265 |   1.755 | 
     | add_66/U65   |              | NAND2_X1  | 0.261 | min[1]     |       SPEF |  7.160 | 0.000 |   1.755 | 
     | add_66/U65   | A1 ^ -> ZN v | NAND2_X1  | 0.077 | add_66/n44 |            |  4.575 | 0.116 |   1.871 | 
     | add_66/U96   |              | OAI21_X2  | 0.077 | add_66/n44 |       SPEF |  4.575 | 0.000 |   1.871 | 
     | add_66/U96   | A v -> ZN ^  | OAI21_X2  | 0.103 | add_66/n42 |            |  7.585 | 0.116 |   1.988 | 
     | add_66/U78   |              | INV_X1    | 0.103 | add_66/n42 |       SPEF |  7.585 | 0.000 |   1.988 | 
     | add_66/U78   | A ^ -> ZN v  | INV_X1    | 0.030 | add_66/n41 |            |  4.099 | 0.056 |   2.043 | 
     | add_66/U98   |              | OAI21_X1  | 0.030 | add_66/n41 |       SPEF |  4.099 | 0.000 |   2.043 | 
     | add_66/U98   | B1 v -> ZN ^ | OAI21_X1  | 0.080 | add_66/n38 |            |  2.324 | 0.113 |   2.156 | 
     | add_66/U75   |              | XNOR2_X1  | 0.080 | add_66/n38 |       SPEF |  2.324 | 0.000 |   2.156 | 
     | add_66/U75   | A ^ -> ZN ^  | XNOR2_X1  | 0.064 | sum[3]     |            |  1.309 | 0.133 |   2.290 | 
     | gray_reg[2]  |              | DFFR_X1   | 0.064 | sum[3]     |       SPEF |  1.309 | 0.000 |   2.290 | 
     +------------------------------------------------------------------------------------------------------+ 
Path 7: MET Setup Check with Pin gray_reg[7]/CK 
Endpoint:   gray_reg[7]/D  (^) checked with  leading edge of 'CLK'
Beginpoint: g_int_reg[6]/Q (^) triggered by  leading edge of 'CLK'
Path Groups: {CLK}
Analysis View: rgb_av
Other End Arrival Time          0.000
- Setup                         0.099
+ Phase Shift                   2.500
= Required Time                 2.401
- Arrival Time                  2.284
= Slack Time                    0.117
     Clock Rise Edge                 0.000
     + Clock Network Latency (Ideal) 0.000
     = Beginpoint Arrival Time       0.000
     +------------------------------------------------------------------------------------------------------+ 
     |   Instance   |     Arc      |   Cell    |  Slew |    Net     |    Arc     |  Load  | Delay | Arrival | 
     |              |              |           |       |            | Annotation |        |       |  Time   | 
     |--------------+--------------+-----------+-------+------------+------------+--------+-------+---------| 
     | g_int_reg[6] | CK ^         |           | 0.000 | clk        |            | 46.244 |       |   0.000 | 
     | g_int_reg[6] | CK ^ -> Q ^  | DFFR_X1   | 0.180 | g_int[6]   |            | 21.564 | 0.495 |   0.495 | 
     | U33          |              | INV_X1    | 0.180 | g_int[6]   |       SPEF | 21.564 | 0.001 |   0.496 | 
     | U33          | A ^ -> ZN v  | INV_X1    | 0.048 | n60        |            |  5.016 | 0.076 |   0.572 | 
     | U46          |              | NAND2_X1  | 0.048 | n60        |       SPEF |  5.016 | 0.000 |   0.572 | 
     | U46          | A2 v -> ZN ^ | NAND2_X1  | 0.076 | n110       |            |  7.336 | 0.117 |   0.689 | 
     | U78          |              | OAI21_X1  | 0.076 | n110       |       SPEF |  7.336 | 0.000 |   0.689 | 
     | U78          | A ^ -> ZN v  | OAI21_X1  | 0.056 | n114       |            |  5.185 | 0.089 |   0.778 | 
     | U103         |              | OAI33_X1  | 0.056 | n114       |       SPEF |  5.185 | 0.000 |   0.778 | 
     | U103         | B2 v -> ZN ^ | OAI33_X1  | 0.241 | n117       |            |  2.696 | 0.346 |   1.124 | 
     | U104         |              | NOR2_X1   | 0.241 | n117       |       SPEF |  2.696 | 0.000 |   1.124 | 
     | U104         | A1 ^ -> ZN v | NOR2_X1   | 0.055 | N20        |            |  2.925 | 0.065 |   1.190 | 
     | C200         |              | AND2_X2   | 0.055 | N20        |       SPEF |  2.925 | 0.000 |   1.190 | 
     | C200         | A1 v -> ZN v | AND2_X2   | 0.024 | N22        |            |  8.866 | 0.123 |   1.313 | 
     | U54          |              | OR2_X4    | 0.024 | N22        |       SPEF |  8.866 | 0.000 |   1.313 | 
     | U54          | A1 v -> ZN v | OR2_X4    | 0.037 | n30        |            | 20.781 | 0.175 |   1.488 | 
     | U3           |              | OAI222_X1 | 0.037 | n30        |       SPEF | 20.781 | 0.001 |   1.489 | 
     | U3           | B1 v -> ZN ^ | OAI222_X1 | 0.367 | min[7]     |            | 13.424 | 0.380 |   1.869 | 
     | add_66/U11   |              | NOR2_X4   | 0.367 | min[7]     |       SPEF | 13.424 | 0.000 |   1.869 | 
     | add_66/U11   | A1 ^ -> ZN v | NOR2_X4   | 0.075 | add_66/n14 |            | 10.530 | 0.064 |   1.934 | 
     | add_66/U68   |              | NOR2_X1   | 0.075 | add_66/n14 |       SPEF | 10.530 | 0.000 |   1.934 | 
     | add_66/U68   | A2 v -> ZN ^ | NOR2_X1   | 0.095 | add_66/n12 |            |  3.950 | 0.172 |   2.106 | 
     | add_66/U90   |              | NAND2_X1  | 0.095 | add_66/n12 |       SPEF |  3.950 | 0.000 |   2.106 | 
     | add_66/U90   | A2 ^ -> ZN v | NAND2_X1  | 0.026 | add_66/n10 |            |  1.618 | 0.060 |   2.166 | 
     | add_66/U109  |              | OAI21_X1  | 0.026 | add_66/n10 |       SPEF |  1.618 | 0.000 |   2.166 | 
     | add_66/U109  | B2 v -> ZN ^ | OAI21_X1  | 0.069 | sum[8]     |            |  1.661 | 0.117 |   2.284 | 
     | gray_reg[7]  |              | DFFR_X1   | 0.069 | sum[8]     |       SPEF |  1.661 | 0.000 |   2.284 | 
     +------------------------------------------------------------------------------------------------------+ 
Path 8: MET Setup Check with Pin gray_reg[0]/CK 
Endpoint:   gray_reg[0]/D  (v) checked with  leading edge of 'CLK'
Beginpoint: g_int_reg[6]/Q (^) triggered by  leading edge of 'CLK'
Path Groups: {CLK}
Analysis View: rgb_av
Other End Arrival Time          0.000
- Setup                         0.166
+ Phase Shift                   2.500
= Required Time                 2.334
- Arrival Time                  2.101
= Slack Time                    0.233
     Clock Rise Edge                 0.000
     + Clock Network Latency (Ideal) 0.000
     = Beginpoint Arrival Time       0.000
     +------------------------------------------------------------------------------------------------------+ 
     |   Instance   |     Arc      |   Cell    |  Slew |    Net     |    Arc     |  Load  | Delay | Arrival | 
     |              |              |           |       |            | Annotation |        |       |  Time   | 
     |--------------+--------------+-----------+-------+------------+------------+--------+-------+---------| 
     | g_int_reg[6] | CK ^         |           | 0.000 | clk        |            | 46.244 |       |   0.000 | 
     | g_int_reg[6] | CK ^ -> Q ^  | DFFR_X1   | 0.180 | g_int[6]   |            | 21.564 | 0.495 |   0.495 | 
     | U33          |              | INV_X1    | 0.180 | g_int[6]   |       SPEF | 21.564 | 0.001 |   0.496 | 
     | U33          | A ^ -> ZN v  | INV_X1    | 0.048 | n60        |            |  5.016 | 0.076 |   0.572 | 
     | U46          |              | NAND2_X1  | 0.048 | n60        |       SPEF |  5.016 | 0.000 |   0.572 | 
     | U46          | A2 v -> ZN ^ | NAND2_X1  | 0.076 | n110       |            |  7.336 | 0.117 |   0.689 | 
     | U78          |              | OAI21_X1  | 0.076 | n110       |       SPEF |  7.336 | 0.000 |   0.689 | 
     | U78          | A ^ -> ZN v  | OAI21_X1  | 0.056 | n114       |            |  5.185 | 0.089 |   0.778 | 
     | U103         |              | OAI33_X1  | 0.056 | n114       |       SPEF |  5.185 | 0.000 |   0.778 | 
     | U103         | B2 v -> ZN ^ | OAI33_X1  | 0.241 | n117       |            |  2.696 | 0.346 |   1.124 | 
     | U104         |              | NOR2_X1   | 0.241 | n117       |       SPEF |  2.696 | 0.000 |   1.124 | 
     | U104         | A1 ^ -> ZN v | NOR2_X1   | 0.055 | N20        |            |  2.925 | 0.065 |   1.190 | 
     | C200         |              | AND2_X2   | 0.055 | N20        |       SPEF |  2.925 | 0.000 |   1.190 | 
     | C200         | A1 v -> ZN v | AND2_X2   | 0.024 | N22        |            |  8.866 | 0.123 |   1.313 | 
     | U54          |              | OR2_X4    | 0.024 | N22        |       SPEF |  8.866 | 0.000 |   1.313 | 
     | U54          | A1 v -> ZN v | OR2_X4    | 0.037 | n30        |            | 20.781 | 0.175 |   1.488 | 
     | U39          |              | OAI222_X1 | 0.038 | n30        |       SPEF | 20.781 | 0.002 |   1.490 | 
     | U39          | B1 v -> ZN ^ | OAI222_X1 | 0.261 | min[1]     |            |  7.160 | 0.265 |   1.755 | 
     | add_66/U66   |              | NOR2_X2   | 0.261 | min[1]     |       SPEF |  7.160 | 0.000 |   1.755 | 
     | add_66/U66   | A1 ^ -> ZN v | NOR2_X2   | 0.059 | add_66/n43 |            |  6.194 | 0.069 |   1.824 | 
     | add_66/U115  |              | INV_X2    | 0.059 | add_66/n43 |       SPEF |  6.194 | 0.000 |   1.825 | 
     | add_66/U115  | A v -> ZN ^  | INV_X2    | 0.024 | add_66/n52 |            |  1.861 | 0.054 |   1.879 | 
     | add_66/U64   |              | NAND2_X1  | 0.024 | add_66/n52 |       SPEF |  1.861 | 0.000 |   1.879 | 
     | add_66/U64   | A1 ^ -> ZN v | NAND2_X1  | 0.022 | add_66/n8  |            |  2.659 | 0.039 |   1.917 | 
     | add_66/U86   |              | XOR2_X1   | 0.022 | add_66/n8  |       SPEF |  2.659 | 0.000 |   1.918 | 
     | add_66/U86   | A v -> Z v   | XOR2_X1   | 0.035 | sum[1]     |            |  2.488 | 0.184 |   2.101 | 
     | gray_reg[0]  |              | DFFR_X1   | 0.035 | sum[1]     |       SPEF |  2.488 | 0.000 |   2.101 | 
     +------------------------------------------------------------------------------------------------------+ 
Path 9: MET Setup Check with Pin b_int_reg[5]/CK 
Endpoint:   b_int_reg[5]/D (v) checked with  leading edge of 'CLK'
Beginpoint: b[5]           (v) triggered by  leading edge of 'CLK'
Path Groups: {CLK}
Analysis View: rgb_av
Other End Arrival Time          0.000
- Setup                         0.583
+ Phase Shift                   2.500
= Required Time                 1.917
- Arrival Time                  0.800
= Slack Time                    1.116
     Clock Rise Edge                      0.000
     + Input Delay                        0.800
     = Beginpoint Arrival Time            0.800
     +---------------------------------------------------------------------------------------+ 
     |   Instance   |  Arc   |  Cell   |  Slew |  Net |    Arc     |  Load | Delay | Arrival | 
     |              |        |         |       |      | Annotation |       |       |  Time   | 
     |--------------+--------+---------+-------+------+------------+-------+-------+---------| 
     |              | b[5] v |         | 1.000 | b[5] |       SPEF | 4.143 |       |   0.800 | 
     | b_int_reg[5] |        | DFFR_X1 | 1.000 | b[5] |       SPEF | 4.143 | 0.000 |   0.800 | 
     +---------------------------------------------------------------------------------------+ 
Path 10: MET Setup Check with Pin b_int_reg[7]/CK 
Endpoint:   b_int_reg[7]/D (v) checked with  leading edge of 'CLK'
Beginpoint: b[7]           (v) triggered by  leading edge of 'CLK'
Path Groups: {CLK}
Analysis View: rgb_av
Other End Arrival Time          0.000
- Setup                         0.583
+ Phase Shift                   2.500
= Required Time                 1.917
- Arrival Time                  0.800
= Slack Time                    1.116
     Clock Rise Edge                      0.000
     + Input Delay                        0.800
     = Beginpoint Arrival Time            0.800
     +---------------------------------------------------------------------------------------+ 
     |   Instance   |  Arc   |  Cell   |  Slew |  Net |    Arc     |  Load | Delay | Arrival | 
     |              |        |         |       |      | Annotation |       |       |  Time   | 
     |--------------+--------+---------+-------+------+------------+-------+-------+---------| 
     |              | b[7] v |         | 1.000 | b[7] |       SPEF | 4.173 |       |   0.800 | 
     | b_int_reg[7] |        | DFFR_X1 | 1.000 | b[7] |       SPEF | 4.173 | 0.000 |   0.800 | 
     +---------------------------------------------------------------------------------------+ 

