###############################################################
#  Generated by:      Cadence Innovus 18.10-p002_1
#  OS:                Linux x86_64(Host ID ensc-esil-t1.engineering.sfu.ca)
#  Generated on:      Sat Mar 23 13:49:11 2019
#  Design:            rgb2gray
#  Command:           report_timing -net -format {instance arc cell slew net annotation load delay arrival} -max_paths 10 > results/timing/05-postPlaceOpt.rpt
###############################################################
Path 1: MET Setup Check with Pin gray_reg[4]/CK 
Endpoint:   gray_reg[4]/D  (^) checked with  leading edge of 'CLK'
Beginpoint: g_int_reg[6]/Q (^) triggered by  leading edge of 'CLK'
Path Groups: {CLK}
Analysis View: rgb_av
Other End Arrival Time          0.000
- Setup                         0.101
+ Phase Shift                   2.500
= Required Time                 2.399
- Arrival Time                  2.385
= Slack Time                    0.014
     Clock Rise Edge                 0.000
     + Clock Network Latency (Ideal) 0.000
     = Beginpoint Arrival Time       0.000
     +------------------------------------------------------------------------------------------------------+ 
     |   Instance   |     Arc      |   Cell    |  Slew |    Net     |    Arc     |  Load  | Delay | Arrival | 
     |              |              |           |       |            | Annotation |        |       |  Time   | 
     |--------------+--------------+-----------+-------+------------+------------+--------+-------+---------| 
     | g_int_reg[6] | CK ^         |           | 0.000 | clk        |            | 42.984 |       |   0.000 | 
     | g_int_reg[6] | CK ^ -> Q ^  | DFFR_X1   | 0.154 | g_int[6]   |            | 18.240 | 0.469 |   0.469 | 
     | U33          |              | INV_X1    | 0.154 | g_int[6]   |       SPEF | 18.240 | 0.001 |   0.469 | 
     | U33          | A ^ -> ZN v  | INV_X1    | 0.043 | n60        |            |  5.330 | 0.074 |   0.543 | 
     | U46          |              | NAND2_X1  | 0.043 | n60        |       SPEF |  5.330 | 0.000 |   0.543 | 
     | U46          | A2 v -> ZN ^ | NAND2_X1  | 0.084 | n110       |            |  8.277 | 0.123 |   0.666 | 
     | U78          |              | OAI21_X1  | 0.084 | n110       |       SPEF |  8.277 | 0.000 |   0.666 | 
     | U78          | A ^ -> ZN v  | OAI21_X1  | 0.055 | n114       |            |  5.093 | 0.091 |   0.757 | 
     | U103         |              | OAI33_X1  | 0.055 | n114       |       SPEF |  5.093 | 0.000 |   0.758 | 
     | U103         | B2 v -> ZN ^ | OAI33_X1  | 0.232 | n117       |            |  2.403 | 0.336 |   1.094 | 
     | U104         |              | NOR2_X1   | 0.232 | n117       |       SPEF |  2.403 | 0.000 |   1.094 | 
     | U104         | A1 ^ -> ZN v | NOR2_X1   | 0.051 | N20        |            |  2.221 | 0.056 |   1.150 | 
     | C200         |              | AND2_X1   | 0.051 | N20        |       SPEF |  2.221 | 0.000 |   1.150 | 
     | C200         | A1 v -> ZN v | AND2_X1   | 0.024 | N22        |            |  4.007 | 0.124 |   1.274 | 
     | U54          |              | OR2_X1    | 0.024 | N22        |       SPEF |  4.007 | 0.000 |   1.274 | 
     | U54          | A1 v -> ZN v | OR2_X1    | 0.061 | n30        |            | 15.133 | 0.234 |   1.508 | 
     | U15          |              | OAI222_X1 | 0.061 | n30        |       SPEF | 15.133 | 0.000 |   1.509 | 
     | U15          | B1 v -> ZN ^ | OAI222_X1 | 0.172 | min[0]     |            |  2.193 | 0.182 |   1.691 | 
     | add_66/U87   |              | NAND2_X1  | 0.172 | min[0]     |       SPEF |  2.193 | 0.000 |   1.691 | 
     | add_66/U87   | A1 ^ -> ZN v | NAND2_X1  | 0.062 | add_66/n45 |            |  5.687 | 0.110 |   1.801 | 
     | add_66/U96   |              | OAI21_X1  | 0.062 | add_66/n45 |       SPEF |  5.687 | 0.000 |   1.801 | 
     | add_66/U96   | B2 v -> ZN ^ | OAI21_X1  | 0.144 | add_66/n42 |            |  6.172 | 0.219 |   2.020 | 
     | add_66/U89   |              | AOI21_X2  | 0.144 | add_66/n42 |       SPEF |  6.172 | 0.000 |   2.020 | 
     | add_66/U89   | B2 ^ -> ZN v | AOI21_X2  | 0.042 | add_66/n1  |            |  9.620 | 0.102 |   2.122 | 
     | add_66/U113  |              | OAI21_X1  | 0.042 | add_66/n1  |       SPEF |  9.620 | 0.000 |   2.122 | 
     | add_66/U113  | B1 v -> ZN ^ | OAI21_X1  | 0.084 | add_66/n30 |            |  2.542 | 0.122 |   2.245 | 
     | add_66/U95   |              | XNOR2_X1  | 0.084 | add_66/n30 |       SPEF |  2.542 | 0.000 |   2.245 | 
     | add_66/U95   | A ^ -> ZN ^  | XNOR2_X1  | 0.074 | sum[5]     |            |  1.869 | 0.140 |   2.385 | 
     | gray_reg[4]  |              | DFFR_X1   | 0.074 | sum[5]     |       SPEF |  1.869 | 0.000 |   2.385 | 
     +------------------------------------------------------------------------------------------------------+ 
Path 2: MET Setup Check with Pin gray_reg[5]/CK 
Endpoint:   gray_reg[5]/D  (^) checked with  leading edge of 'CLK'
Beginpoint: g_int_reg[6]/Q (^) triggered by  leading edge of 'CLK'
Path Groups: {CLK}
Analysis View: rgb_av
Other End Arrival Time          0.000
- Setup                         0.098
+ Phase Shift                   2.500
= Required Time                 2.402
- Arrival Time                  2.382
= Slack Time                    0.020
     Clock Rise Edge                 0.000
     + Clock Network Latency (Ideal) 0.000
     = Beginpoint Arrival Time       0.000
     +------------------------------------------------------------------------------------------------------+ 
     |   Instance   |     Arc      |   Cell    |  Slew |    Net     |    Arc     |  Load  | Delay | Arrival | 
     |              |              |           |       |            | Annotation |        |       |  Time   | 
     |--------------+--------------+-----------+-------+------------+------------+--------+-------+---------| 
     | g_int_reg[6] | CK ^         |           | 0.000 | clk        |            | 42.984 |       |   0.000 | 
     | g_int_reg[6] | CK ^ -> Q ^  | DFFR_X1   | 0.154 | g_int[6]   |            | 18.240 | 0.469 |   0.469 | 
     | U33          |              | INV_X1    | 0.154 | g_int[6]   |       SPEF | 18.240 | 0.001 |   0.469 | 
     | U33          | A ^ -> ZN v  | INV_X1    | 0.043 | n60        |            |  5.330 | 0.074 |   0.543 | 
     | U46          |              | NAND2_X1  | 0.043 | n60        |       SPEF |  5.330 | 0.000 |   0.543 | 
     | U46          | A2 v -> ZN ^ | NAND2_X1  | 0.084 | n110       |            |  8.277 | 0.123 |   0.666 | 
     | U78          |              | OAI21_X1  | 0.084 | n110       |       SPEF |  8.277 | 0.000 |   0.666 | 
     | U78          | A ^ -> ZN v  | OAI21_X1  | 0.055 | n114       |            |  5.093 | 0.091 |   0.757 | 
     | U103         |              | OAI33_X1  | 0.055 | n114       |       SPEF |  5.093 | 0.000 |   0.758 | 
     | U103         | B2 v -> ZN ^ | OAI33_X1  | 0.232 | n117       |            |  2.403 | 0.336 |   1.094 | 
     | U104         |              | NOR2_X1   | 0.232 | n117       |       SPEF |  2.403 | 0.000 |   1.094 | 
     | U104         | A1 ^ -> ZN v | NOR2_X1   | 0.051 | N20        |            |  2.221 | 0.056 |   1.150 | 
     | C200         |              | AND2_X1   | 0.051 | N20        |       SPEF |  2.221 | 0.000 |   1.150 | 
     | C200         | A1 v -> ZN v | AND2_X1   | 0.024 | N22        |            |  4.007 | 0.124 |   1.274 | 
     | U54          |              | OR2_X1    | 0.024 | N22        |       SPEF |  4.007 | 0.000 |   1.274 | 
     | U54          | A1 v -> ZN v | OR2_X1    | 0.061 | n30        |            | 15.133 | 0.234 |   1.508 | 
     | U15          |              | OAI222_X1 | 0.061 | n30        |       SPEF | 15.133 | 0.000 |   1.509 | 
     | U15          | B1 v -> ZN ^ | OAI222_X1 | 0.172 | min[0]     |            |  2.193 | 0.182 |   1.691 | 
     | add_66/U87   |              | NAND2_X1  | 0.172 | min[0]     |       SPEF |  2.193 | 0.000 |   1.691 | 
     | add_66/U87   | A1 ^ -> ZN v | NAND2_X1  | 0.062 | add_66/n45 |            |  5.687 | 0.110 |   1.801 | 
     | add_66/U96   |              | OAI21_X1  | 0.062 | add_66/n45 |       SPEF |  5.687 | 0.000 |   1.801 | 
     | add_66/U96   | B2 v -> ZN ^ | OAI21_X1  | 0.144 | add_66/n42 |            |  6.172 | 0.219 |   2.020 | 
     | add_66/U89   |              | AOI21_X2  | 0.144 | add_66/n42 |       SPEF |  6.172 | 0.000 |   2.020 | 
     | add_66/U89   | B2 ^ -> ZN v | AOI21_X2  | 0.042 | add_66/n1  |            |  9.620 | 0.102 |   2.122 | 
     | add_66/U112  |              | OAI21_X1  | 0.042 | add_66/n1  |       SPEF |  9.620 | 0.000 |   2.122 | 
     | add_66/U112  | B1 v -> ZN ^ | OAI21_X1  | 0.085 | add_66/n23 |            |  2.571 | 0.123 |   2.245 | 
     | add_66/U97   |              | XNOR2_X1  | 0.085 | add_66/n23 |       SPEF |  2.571 | 0.000 |   2.246 | 
     | add_66/U97   | A ^ -> ZN ^  | XNOR2_X1  | 0.066 | sum[6]     |            |  1.452 | 0.137 |   2.382 | 
     | gray_reg[5]  |              | DFFR_X1   | 0.067 | sum[6]     |       SPEF |  1.452 | 0.000 |   2.382 | 
     +------------------------------------------------------------------------------------------------------+ 
Path 3: MET Setup Check with Pin gray_reg[6]/CK 
Endpoint:   gray_reg[6]/D  (^) checked with  leading edge of 'CLK'
Beginpoint: g_int_reg[6]/Q (^) triggered by  leading edge of 'CLK'
Path Groups: {CLK}
Analysis View: rgb_av
Other End Arrival Time          0.000
- Setup                         0.100
+ Phase Shift                   2.500
= Required Time                 2.400
- Arrival Time                  2.378
= Slack Time                    0.022
     Clock Rise Edge                 0.000
     + Clock Network Latency (Ideal) 0.000
     = Beginpoint Arrival Time       0.000
     +------------------------------------------------------------------------------------------------------+ 
     |   Instance   |     Arc      |   Cell    |  Slew |    Net     |    Arc     |  Load  | Delay | Arrival | 
     |              |              |           |       |            | Annotation |        |       |  Time   | 
     |--------------+--------------+-----------+-------+------------+------------+--------+-------+---------| 
     | g_int_reg[6] | CK ^         |           | 0.000 | clk        |            | 42.984 |       |   0.000 | 
     | g_int_reg[6] | CK ^ -> Q ^  | DFFR_X1   | 0.154 | g_int[6]   |            | 18.240 | 0.469 |   0.469 | 
     | U33          |              | INV_X1    | 0.154 | g_int[6]   |       SPEF | 18.240 | 0.001 |   0.469 | 
     | U33          | A ^ -> ZN v  | INV_X1    | 0.043 | n60        |            |  5.330 | 0.074 |   0.543 | 
     | U46          |              | NAND2_X1  | 0.043 | n60        |       SPEF |  5.330 | 0.000 |   0.543 | 
     | U46          | A2 v -> ZN ^ | NAND2_X1  | 0.084 | n110       |            |  8.277 | 0.123 |   0.666 | 
     | U78          |              | OAI21_X1  | 0.084 | n110       |       SPEF |  8.277 | 0.000 |   0.666 | 
     | U78          | A ^ -> ZN v  | OAI21_X1  | 0.055 | n114       |            |  5.093 | 0.091 |   0.757 | 
     | U103         |              | OAI33_X1  | 0.055 | n114       |       SPEF |  5.093 | 0.000 |   0.758 | 
     | U103         | B2 v -> ZN ^ | OAI33_X1  | 0.232 | n117       |            |  2.403 | 0.336 |   1.094 | 
     | U104         |              | NOR2_X1   | 0.232 | n117       |       SPEF |  2.403 | 0.000 |   1.094 | 
     | U104         | A1 ^ -> ZN v | NOR2_X1   | 0.051 | N20        |            |  2.221 | 0.056 |   1.150 | 
     | C200         |              | AND2_X1   | 0.051 | N20        |       SPEF |  2.221 | 0.000 |   1.150 | 
     | C200         | A1 v -> ZN v | AND2_X1   | 0.024 | N22        |            |  4.007 | 0.124 |   1.274 | 
     | U54          |              | OR2_X1    | 0.024 | N22        |       SPEF |  4.007 | 0.000 |   1.274 | 
     | U54          | A1 v -> ZN v | OR2_X1    | 0.061 | n30        |            | 15.133 | 0.234 |   1.508 | 
     | U15          |              | OAI222_X1 | 0.061 | n30        |       SPEF | 15.133 | 0.000 |   1.509 | 
     | U15          | B1 v -> ZN ^ | OAI222_X1 | 0.172 | min[0]     |            |  2.193 | 0.182 |   1.691 | 
     | add_66/U87   |              | NAND2_X1  | 0.172 | min[0]     |       SPEF |  2.193 | 0.000 |   1.691 | 
     | add_66/U87   | A1 ^ -> ZN v | NAND2_X1  | 0.062 | add_66/n45 |            |  5.687 | 0.110 |   1.801 | 
     | add_66/U96   |              | OAI21_X1  | 0.062 | add_66/n45 |       SPEF |  5.687 | 0.000 |   1.801 | 
     | add_66/U96   | B2 v -> ZN ^ | OAI21_X1  | 0.144 | add_66/n42 |            |  6.172 | 0.219 |   2.020 | 
     | add_66/U89   |              | AOI21_X2  | 0.144 | add_66/n42 |       SPEF |  6.172 | 0.000 |   2.020 | 
     | add_66/U89   | B2 ^ -> ZN v | AOI21_X2  | 0.042 | add_66/n1  |            |  9.620 | 0.102 |   2.122 | 
     | add_66/U111  |              | OAI21_X1  | 0.042 | add_66/n1  |       SPEF |  9.620 | 0.000 |   2.122 | 
     | add_66/U111  | B1 v -> ZN ^ | OAI21_X1  | 0.080 | add_66/n16 |            |  2.311 | 0.118 |   2.240 | 
     | add_66/U108  |              | XNOR2_X1  | 0.080 | add_66/n16 |       SPEF |  2.311 | 0.000 |   2.240 | 
     | add_66/U108  | A ^ -> ZN ^  | XNOR2_X1  | 0.072 | sum[7]     |            |  1.786 | 0.138 |   2.378 | 
     | gray_reg[6]  |              | DFFR_X1   | 0.072 | sum[7]     |       SPEF |  1.786 | 0.000 |   2.378 | 
     +------------------------------------------------------------------------------------------------------+ 
Path 4: MET Setup Check with Pin gray_reg[3]/CK 
Endpoint:   gray_reg[3]/D  (v) checked with  leading edge of 'CLK'
Beginpoint: g_int_reg[6]/Q (^) triggered by  leading edge of 'CLK'
Path Groups: {CLK}
Analysis View: rgb_av
Other End Arrival Time          0.000
- Setup                         0.169
+ Phase Shift                   2.500
= Required Time                 2.331
- Arrival Time                  2.309
= Slack Time                    0.023
     Clock Rise Edge                 0.000
     + Clock Network Latency (Ideal) 0.000
     = Beginpoint Arrival Time       0.000
     +------------------------------------------------------------------------------------------------------+ 
     |   Instance   |     Arc      |   Cell    |  Slew |    Net     |    Arc     |  Load  | Delay | Arrival | 
     |              |              |           |       |            | Annotation |        |       |  Time   | 
     |--------------+--------------+-----------+-------+------------+------------+--------+-------+---------| 
     | g_int_reg[6] | CK ^         |           | 0.000 | clk        |            | 42.984 |       |   0.000 | 
     | g_int_reg[6] | CK ^ -> Q ^  | DFFR_X1   | 0.154 | g_int[6]   |            | 18.240 | 0.469 |   0.469 | 
     | U33          |              | INV_X1    | 0.154 | g_int[6]   |       SPEF | 18.240 | 0.001 |   0.469 | 
     | U33          | A ^ -> ZN v  | INV_X1    | 0.043 | n60        |            |  5.330 | 0.074 |   0.543 | 
     | U46          |              | NAND2_X1  | 0.043 | n60        |       SPEF |  5.330 | 0.000 |   0.543 | 
     | U46          | A2 v -> ZN ^ | NAND2_X1  | 0.084 | n110       |            |  8.277 | 0.123 |   0.666 | 
     | U78          |              | OAI21_X1  | 0.084 | n110       |       SPEF |  8.277 | 0.000 |   0.666 | 
     | U78          | A ^ -> ZN v  | OAI21_X1  | 0.055 | n114       |            |  5.093 | 0.091 |   0.757 | 
     | U103         |              | OAI33_X1  | 0.055 | n114       |       SPEF |  5.093 | 0.000 |   0.758 | 
     | U103         | B2 v -> ZN ^ | OAI33_X1  | 0.232 | n117       |            |  2.403 | 0.336 |   1.094 | 
     | U104         |              | NOR2_X1   | 0.232 | n117       |       SPEF |  2.403 | 0.000 |   1.094 | 
     | U104         | A1 ^ -> ZN v | NOR2_X1   | 0.051 | N20        |            |  2.221 | 0.056 |   1.150 | 
     | C200         |              | AND2_X1   | 0.051 | N20        |       SPEF |  2.221 | 0.000 |   1.150 | 
     | C200         | A1 v -> ZN v | AND2_X1   | 0.024 | N22        |            |  4.007 | 0.124 |   1.274 | 
     | U54          |              | OR2_X1    | 0.024 | N22        |       SPEF |  4.007 | 0.000 |   1.274 | 
     | U54          | A1 v -> ZN v | OR2_X1    | 0.061 | n30        |            | 15.133 | 0.234 |   1.508 | 
     | U15          |              | OAI222_X1 | 0.061 | n30        |       SPEF | 15.133 | 0.000 |   1.509 | 
     | U15          | B1 v -> ZN ^ | OAI222_X1 | 0.172 | min[0]     |            |  2.193 | 0.182 |   1.691 | 
     | add_66/U87   |              | NAND2_X1  | 0.172 | min[0]     |       SPEF |  2.193 | 0.000 |   1.691 | 
     | add_66/U87   | A1 ^ -> ZN v | NAND2_X1  | 0.062 | add_66/n45 |            |  5.687 | 0.110 |   1.801 | 
     | add_66/U96   |              | OAI21_X1  | 0.062 | add_66/n45 |       SPEF |  5.687 | 0.000 |   1.801 | 
     | add_66/U96   | B2 v -> ZN ^ | OAI21_X1  | 0.144 | add_66/n42 |            |  6.172 | 0.219 |   2.020 | 
     | add_66/U89   |              | AOI21_X2  | 0.144 | add_66/n42 |       SPEF |  6.172 | 0.000 |   2.020 | 
     | add_66/U89   | B2 ^ -> ZN v | AOI21_X2  | 0.042 | add_66/n1  |            |  9.620 | 0.102 |   2.122 | 
     | add_66/U110  |              | XOR2_X1   | 0.042 | add_66/n1  |       SPEF |  9.620 | 0.000 |   2.122 | 
     | add_66/U110  | A v -> Z v   | XOR2_X1   | 0.040 | sum[4]     |            |  1.236 | 0.186 |   2.309 | 
     | gray_reg[3]  |              | DFFR_X1   | 0.040 | sum[4]     |       SPEF |  1.236 | 0.000 |   2.309 | 
     +------------------------------------------------------------------------------------------------------+ 
Path 5: MET Setup Check with Pin gray_reg[1]/CK 
Endpoint:   gray_reg[1]/D  (v) checked with  leading edge of 'CLK'
Beginpoint: g_int_reg[6]/Q (^) triggered by  leading edge of 'CLK'
Path Groups: {CLK}
Analysis View: rgb_av
Other End Arrival Time          0.000
- Setup                         0.165
+ Phase Shift                   2.500
= Required Time                 2.335
- Arrival Time                  2.269
= Slack Time                    0.066
     Clock Rise Edge                 0.000
     + Clock Network Latency (Ideal) 0.000
     = Beginpoint Arrival Time       0.000
     +------------------------------------------------------------------------------------------------------+ 
     |   Instance   |     Arc      |   Cell    |  Slew |    Net     |    Arc     |  Load  | Delay | Arrival | 
     |              |              |           |       |            | Annotation |        |       |  Time   | 
     |--------------+--------------+-----------+-------+------------+------------+--------+-------+---------| 
     | g_int_reg[6] | CK ^         |           | 0.000 | clk        |            | 42.984 |       |   0.000 | 
     | g_int_reg[6] | CK ^ -> Q ^  | DFFR_X1   | 0.154 | g_int[6]   |            | 18.240 | 0.469 |   0.469 | 
     | U33          |              | INV_X1    | 0.154 | g_int[6]   |       SPEF | 18.240 | 0.001 |   0.469 | 
     | U33          | A ^ -> ZN v  | INV_X1    | 0.043 | n60        |            |  5.330 | 0.074 |   0.543 | 
     | U46          |              | NAND2_X1  | 0.043 | n60        |       SPEF |  5.330 | 0.000 |   0.543 | 
     | U46          | A2 v -> ZN ^ | NAND2_X1  | 0.084 | n110       |            |  8.277 | 0.123 |   0.666 | 
     | U78          |              | OAI21_X1  | 0.084 | n110       |       SPEF |  8.277 | 0.000 |   0.666 | 
     | U78          | A ^ -> ZN v  | OAI21_X1  | 0.055 | n114       |            |  5.093 | 0.091 |   0.757 | 
     | U103         |              | OAI33_X1  | 0.055 | n114       |       SPEF |  5.093 | 0.000 |   0.758 | 
     | U103         | B2 v -> ZN ^ | OAI33_X1  | 0.232 | n117       |            |  2.403 | 0.336 |   1.094 | 
     | U104         |              | NOR2_X1   | 0.232 | n117       |       SPEF |  2.403 | 0.000 |   1.094 | 
     | U104         | A1 ^ -> ZN v | NOR2_X1   | 0.051 | N20        |            |  2.221 | 0.056 |   1.150 | 
     | C200         |              | AND2_X1   | 0.051 | N20        |       SPEF |  2.221 | 0.000 |   1.150 | 
     | C200         | A1 v -> ZN v | AND2_X1   | 0.024 | N22        |            |  4.007 | 0.124 |   1.274 | 
     | U54          |              | OR2_X1    | 0.024 | N22        |       SPEF |  4.007 | 0.000 |   1.274 | 
     | U54          | A1 v -> ZN v | OR2_X1    | 0.061 | n30        |            | 15.133 | 0.234 |   1.508 | 
     | U15          |              | OAI222_X1 | 0.061 | n30        |       SPEF | 15.133 | 0.000 |   1.509 | 
     | U15          | B1 v -> ZN ^ | OAI222_X1 | 0.172 | min[0]     |            |  2.193 | 0.182 |   1.691 | 
     | add_66/U87   |              | NAND2_X1  | 0.172 | min[0]     |       SPEF |  2.193 | 0.000 |   1.691 | 
     | add_66/U87   | A1 ^ -> ZN v | NAND2_X1  | 0.062 | add_66/n45 |            |  5.687 | 0.110 |   1.801 | 
     | add_66/U96   |              | OAI21_X1  | 0.062 | add_66/n45 |       SPEF |  5.687 | 0.000 |   1.801 | 
     | add_66/U96   | B2 v -> ZN ^ | OAI21_X1  | 0.144 | add_66/n42 |            |  6.172 | 0.219 |   2.020 | 
     | add_66/U78   |              | INV_X1    | 0.144 | add_66/n42 |       SPEF |  6.172 | 0.000 |   2.020 | 
     | add_66/U78   | A ^ -> ZN v  | INV_X1    | 0.038 | add_66/n41 |            |  3.934 | 0.062 |   2.082 | 
     | add_66/U79   |              | XOR2_X1   | 0.038 | add_66/n41 |       SPEF |  3.934 | 0.000 |   2.082 | 
     | add_66/U79   | A v -> Z v   | XOR2_X1   | 0.033 | sum[2]     |            |  1.631 | 0.187 |   2.269 | 
     | gray_reg[1]  |              | DFFR_X1   | 0.033 | sum[2]     |       SPEF |  1.631 | 0.000 |   2.269 | 
     +------------------------------------------------------------------------------------------------------+ 
Path 6: MET Setup Check with Pin gray_reg[2]/CK 
Endpoint:   gray_reg[2]/D  (^) checked with  leading edge of 'CLK'
Beginpoint: g_int_reg[6]/Q (^) triggered by  leading edge of 'CLK'
Path Groups: {CLK}
Analysis View: rgb_av
Other End Arrival Time          0.000
- Setup                         0.099
+ Phase Shift                   2.500
= Required Time                 2.401
- Arrival Time                  2.335
= Slack Time                    0.067
     Clock Rise Edge                 0.000
     + Clock Network Latency (Ideal) 0.000
     = Beginpoint Arrival Time       0.000
     +------------------------------------------------------------------------------------------------------+ 
     |   Instance   |     Arc      |   Cell    |  Slew |    Net     |    Arc     |  Load  | Delay | Arrival | 
     |              |              |           |       |            | Annotation |        |       |  Time   | 
     |--------------+--------------+-----------+-------+------------+------------+--------+-------+---------| 
     | g_int_reg[6] | CK ^         |           | 0.000 | clk        |            | 42.984 |       |   0.000 | 
     | g_int_reg[6] | CK ^ -> Q ^  | DFFR_X1   | 0.154 | g_int[6]   |            | 18.240 | 0.469 |   0.469 | 
     | U33          |              | INV_X1    | 0.154 | g_int[6]   |       SPEF | 18.240 | 0.001 |   0.469 | 
     | U33          | A ^ -> ZN v  | INV_X1    | 0.043 | n60        |            |  5.330 | 0.074 |   0.543 | 
     | U46          |              | NAND2_X1  | 0.043 | n60        |       SPEF |  5.330 | 0.000 |   0.543 | 
     | U46          | A2 v -> ZN ^ | NAND2_X1  | 0.084 | n110       |            |  8.277 | 0.123 |   0.666 | 
     | U78          |              | OAI21_X1  | 0.084 | n110       |       SPEF |  8.277 | 0.000 |   0.666 | 
     | U78          | A ^ -> ZN v  | OAI21_X1  | 0.055 | n114       |            |  5.093 | 0.091 |   0.757 | 
     | U103         |              | OAI33_X1  | 0.055 | n114       |       SPEF |  5.093 | 0.000 |   0.758 | 
     | U103         | B2 v -> ZN ^ | OAI33_X1  | 0.232 | n117       |            |  2.403 | 0.336 |   1.094 | 
     | U104         |              | NOR2_X1   | 0.232 | n117       |       SPEF |  2.403 | 0.000 |   1.094 | 
     | U104         | A1 ^ -> ZN v | NOR2_X1   | 0.051 | N20        |            |  2.221 | 0.056 |   1.150 | 
     | C200         |              | AND2_X1   | 0.051 | N20        |       SPEF |  2.221 | 0.000 |   1.150 | 
     | C200         | A1 v -> ZN v | AND2_X1   | 0.024 | N22        |            |  4.007 | 0.124 |   1.274 | 
     | U54          |              | OR2_X1    | 0.024 | N22        |       SPEF |  4.007 | 0.000 |   1.274 | 
     | U54          | A1 v -> ZN v | OR2_X1    | 0.061 | n30        |            | 15.133 | 0.234 |   1.508 | 
     | U15          |              | OAI222_X1 | 0.061 | n30        |       SPEF | 15.133 | 0.000 |   1.509 | 
     | U15          | B1 v -> ZN ^ | OAI222_X1 | 0.172 | min[0]     |            |  2.193 | 0.182 |   1.691 | 
     | add_66/U87   |              | NAND2_X1  | 0.172 | min[0]     |       SPEF |  2.193 | 0.000 |   1.691 | 
     | add_66/U87   | A1 ^ -> ZN v | NAND2_X1  | 0.062 | add_66/n45 |            |  5.687 | 0.110 |   1.801 | 
     | add_66/U96   |              | OAI21_X1  | 0.062 | add_66/n45 |       SPEF |  5.687 | 0.000 |   1.801 | 
     | add_66/U96   | B2 v -> ZN ^ | OAI21_X1  | 0.144 | add_66/n42 |            |  6.172 | 0.219 |   2.020 | 
     | add_66/U78   |              | INV_X1    | 0.144 | add_66/n42 |       SPEF |  6.172 | 0.000 |   2.020 | 
     | add_66/U78   | A ^ -> ZN v  | INV_X1    | 0.038 | add_66/n41 |            |  3.934 | 0.062 |   2.082 | 
     | add_66/U98   |              | OAI21_X1  | 0.038 | add_66/n41 |       SPEF |  3.934 | 0.000 |   2.082 | 
     | add_66/U98   | B1 v -> ZN ^ | OAI21_X1  | 0.080 | add_66/n38 |            |  2.328 | 0.116 |   2.199 | 
     | add_66/U75   |              | XNOR2_X1  | 0.080 | add_66/n38 |       SPEF |  2.328 | 0.000 |   2.199 | 
     | add_66/U75   | A ^ -> ZN ^  | XNOR2_X1  | 0.069 | sum[3]     |            |  1.571 | 0.136 |   2.335 | 
     | gray_reg[2]  |              | DFFR_X1   | 0.069 | sum[3]     |       SPEF |  1.571 | 0.000 |   2.335 | 
     +------------------------------------------------------------------------------------------------------+ 
Path 7: MET Setup Check with Pin gray_reg[7]/CK 
Endpoint:   gray_reg[7]/D  (v) checked with  leading edge of 'CLK'
Beginpoint: g_int_reg[1]/Q (^) triggered by  leading edge of 'CLK'
Path Groups: {CLK}
Analysis View: rgb_av
Other End Arrival Time          0.000
- Setup                         0.169
+ Phase Shift                   2.500
= Required Time                 2.331
- Arrival Time                  2.173
= Slack Time                    0.158
     Clock Rise Edge                 0.000
     + Clock Network Latency (Ideal) 0.000
     = Beginpoint Arrival Time       0.000
     +------------------------------------------------------------------------------------------------------+ 
     |   Instance   |     Arc      |   Cell    |  Slew |    Net     |    Arc     |  Load  | Delay | Arrival | 
     |              |              |           |       |            | Annotation |        |       |  Time   | 
     |--------------+--------------+-----------+-------+------------+------------+--------+-------+---------| 
     | g_int_reg[1] | CK ^         |           | 0.000 | clk        |            | 42.984 |       |   0.000 | 
     | g_int_reg[1] | CK ^ -> Q ^  | DFFR_X1   | 0.176 | g_int[1]   |            | 21.303 | 0.491 |   0.491 | 
     | U69          |              | INV_X1    | 0.176 | g_int[1]   |       SPEF | 21.303 | 0.001 |   0.492 | 
     | U69          | A ^ -> ZN v  | INV_X1    | 0.047 | n98        |            |  5.049 | 0.075 |   0.567 | 
     | U97          |              | OAI22_X1  | 0.047 | n98        |       SPEF |  5.049 | 0.000 |   0.567 | 
     | U97          | A2 v -> ZN ^ | OAI22_X1  | 0.109 | n101       |            |  1.972 | 0.137 |   0.703 | 
     | U98          |              | OAI211_X1 | 0.109 | n101       |       SPEF |  1.972 | 0.000 |   0.704 | 
     | U98          | C2 ^ -> ZN v | OAI211_X1 | 0.051 | n106       |            |  2.761 | 0.104 |   0.807 | 
     | U100         |              | NAND4_X1  | 0.051 | n106       |       SPEF |  2.761 | 0.000 |   0.807 | 
     | U100         | A1 v -> ZN ^ | NAND4_X1  | 0.050 | n109       |            |  1.858 | 0.076 |   0.883 | 
     | U101         |              | OAI211_X1 | 0.050 | n109       |       SPEF |  1.858 | 0.000 |   0.883 | 
     | U101         | A ^ -> ZN v  | OAI211_X1 | 0.058 | n118       |            |  1.684 | 0.081 |   0.964 | 
     | U104         |              | NOR2_X1   | 0.058 | n118       |       SPEF |  1.684 | 0.000 |   0.964 | 
     | U104         | A2 v -> ZN ^ | NOR2_X1   | 0.069 | N20        |            |  2.286 | 0.134 |   1.098 | 
     | C200         |              | AND2_X1   | 0.069 | N20        |       SPEF |  2.286 | 0.000 |   1.098 | 
     | C200         | A1 ^ -> ZN ^ | AND2_X1   | 0.046 | N22        |            |  4.474 | 0.134 |   1.232 | 
     | U53          |              | INV_X2    | 0.046 | N22        |       SPEF |  4.474 | 0.000 |   1.232 | 
     | U53          | A ^ -> ZN v  | INV_X2    | 0.023 | n32        |            | 15.708 | 0.052 |   1.284 | 
     | U56          |              | NAND2_X1  | 0.023 | n32        |       SPEF | 15.708 | 0.000 |   1.284 | 
     | U56          | A2 v -> ZN ^ | NAND2_X1  | 0.142 | n28        |            | 15.912 | 0.171 |   1.455 | 
     | U36          |              | OAI222_X1 | 0.142 | n28        |       SPEF | 15.912 | 0.000 |   1.456 | 
     | U36          | A1 ^ -> ZN v | OAI222_X1 | 0.067 | min[3]     |            |  4.507 | 0.145 |   1.601 | 
     | add_66/U82   |              | NOR2_X1   | 0.067 | min[3]     |       SPEF |  4.507 | 0.000 |   1.601 | 
     | add_66/U82   | A2 v -> ZN ^ | NOR2_X1   | 0.126 | add_66/n36 |            |  5.712 | 0.202 |   1.803 | 
     | add_66/U77   |              | OAI21_X1  | 0.126 | add_66/n36 |       SPEF |  5.712 | 0.000 |   1.803 | 
     | add_66/U77   | B1 ^ -> ZN v | OAI21_X1  | 0.044 | add_66/n35 |            |  2.983 | 0.080 |   1.883 | 
     | add_66/U89   |              | AOI21_X2  | 0.044 | add_66/n35 |       SPEF |  2.983 | 0.000 |   1.883 | 
     | add_66/U89   | A v -> ZN ^  | AOI21_X2  | 0.141 | add_66/n1  |            | 10.514 | 0.222 |   2.105 | 
     | add_66/U109  |              | OAI21_X1  | 0.141 | add_66/n1  |       SPEF | 10.514 | 0.000 |   2.105 | 
     | add_66/U109  | B1 ^ -> ZN v | OAI21_X1  | 0.041 | sum[8]     |            |  1.556 | 0.068 |   2.173 | 
     | gray_reg[7]  |              | DFFR_X1   | 0.041 | sum[8]     |       SPEF |  1.556 | 0.000 |   2.173 | 
     +------------------------------------------------------------------------------------------------------+ 
Path 8: MET Setup Check with Pin gray_reg[0]/CK 
Endpoint:   gray_reg[0]/D  (v) checked with  leading edge of 'CLK'
Beginpoint: g_int_reg[6]/Q (^) triggered by  leading edge of 'CLK'
Path Groups: {CLK}
Analysis View: rgb_av
Other End Arrival Time          0.000
- Setup                         0.166
+ Phase Shift                   2.500
= Required Time                 2.334
- Arrival Time                  2.104
= Slack Time                    0.230
     Clock Rise Edge                 0.000
     + Clock Network Latency (Ideal) 0.000
     = Beginpoint Arrival Time       0.000
     +------------------------------------------------------------------------------------------------------+ 
     |   Instance   |     Arc      |   Cell    |  Slew |    Net     |    Arc     |  Load  | Delay | Arrival | 
     |              |              |           |       |            | Annotation |        |       |  Time   | 
     |--------------+--------------+-----------+-------+------------+------------+--------+-------+---------| 
     | g_int_reg[6] | CK ^         |           | 0.000 | clk        |            | 42.984 |       |   0.000 | 
     | g_int_reg[6] | CK ^ -> Q ^  | DFFR_X1   | 0.154 | g_int[6]   |            | 18.240 | 0.469 |   0.469 | 
     | U33          |              | INV_X1    | 0.154 | g_int[6]   |       SPEF | 18.240 | 0.001 |   0.469 | 
     | U33          | A ^ -> ZN v  | INV_X1    | 0.043 | n60        |            |  5.330 | 0.074 |   0.543 | 
     | U46          |              | NAND2_X1  | 0.043 | n60        |       SPEF |  5.330 | 0.000 |   0.543 | 
     | U46          | A2 v -> ZN ^ | NAND2_X1  | 0.084 | n110       |            |  8.277 | 0.123 |   0.666 | 
     | U78          |              | OAI21_X1  | 0.084 | n110       |       SPEF |  8.277 | 0.000 |   0.666 | 
     | U78          | A ^ -> ZN v  | OAI21_X1  | 0.055 | n114       |            |  5.093 | 0.091 |   0.757 | 
     | U103         |              | OAI33_X1  | 0.055 | n114       |       SPEF |  5.093 | 0.000 |   0.758 | 
     | U103         | B2 v -> ZN ^ | OAI33_X1  | 0.232 | n117       |            |  2.403 | 0.336 |   1.094 | 
     | U104         |              | NOR2_X1   | 0.232 | n117       |       SPEF |  2.403 | 0.000 |   1.094 | 
     | U104         | A1 ^ -> ZN v | NOR2_X1   | 0.051 | N20        |            |  2.221 | 0.056 |   1.150 | 
     | C200         |              | AND2_X1   | 0.051 | N20        |       SPEF |  2.221 | 0.000 |   1.150 | 
     | C200         | A1 v -> ZN v | AND2_X1   | 0.024 | N22        |            |  4.007 | 0.124 |   1.274 | 
     | U54          |              | OR2_X1    | 0.024 | N22        |       SPEF |  4.007 | 0.000 |   1.274 | 
     | U54          | A1 v -> ZN v | OR2_X1    | 0.061 | n30        |            | 15.133 | 0.234 |   1.508 | 
     | U39          |              | OAI222_X1 | 0.061 | n30        |       SPEF | 15.133 | 0.000 |   1.508 | 
     | U39          | B1 v -> ZN ^ | OAI222_X1 | 0.227 | min[1]     |            |  5.214 | 0.240 |   1.748 | 
     | add_66/U66   |              | NOR2_X1   | 0.227 | min[1]     |       SPEF |  5.214 | 0.000 |   1.749 | 
     | add_66/U66   | A1 ^ -> ZN v | NOR2_X1   | 0.055 | add_66/n43 |            |  3.823 | 0.074 |   1.823 | 
     | add_66/U115  |              | INV_X1    | 0.055 | add_66/n43 |       SPEF |  3.823 | 0.000 |   1.823 | 
     | add_66/U115  | A v -> ZN ^  | INV_X1    | 0.027 | add_66/n52 |            |  1.705 | 0.060 |   1.883 | 
     | add_66/U64   |              | NAND2_X1  | 0.027 | add_66/n52 |       SPEF |  1.705 | 0.000 |   1.883 | 
     | add_66/U64   | A1 ^ -> ZN v | NAND2_X1  | 0.019 | add_66/n8  |            |  2.330 | 0.039 |   1.921 | 
     | add_66/U86   |              | XOR2_X1   | 0.019 | add_66/n8  |       SPEF |  2.330 | 0.000 |   1.921 | 
     | add_66/U86   | A v -> Z v   | XOR2_X1   | 0.035 | sum[1]     |            |  2.465 | 0.183 |   2.104 | 
     | gray_reg[0]  |              | DFFR_X1   | 0.035 | sum[1]     |       SPEF |  2.465 | 0.000 |   2.104 | 
     +------------------------------------------------------------------------------------------------------+ 
Path 9: MET Setup Check with Pin g_int_reg[3]/CK 
Endpoint:   g_int_reg[3]/D (v) checked with  leading edge of 'CLK'
Beginpoint: g[3]           (v) triggered by  leading edge of 'CLK'
Path Groups: {CLK}
Analysis View: rgb_av
Other End Arrival Time          0.000
- Setup                         0.583
+ Phase Shift                   2.500
= Required Time                 1.917
- Arrival Time                  0.800
= Slack Time                    1.116
     Clock Rise Edge                      0.000
     + Input Delay                        0.800
     = Beginpoint Arrival Time            0.800
     +---------------------------------------------------------------------------------------+ 
     |   Instance   |  Arc   |  Cell   |  Slew |  Net |    Arc     |  Load | Delay | Arrival | 
     |              |        |         |       |      | Annotation |       |       |  Time   | 
     |--------------+--------+---------+-------+------+------------+-------+-------+---------| 
     |              | g[3] v |         | 1.000 | g[3] |       SPEF | 3.313 |       |   0.800 | 
     | g_int_reg[3] |        | DFFR_X1 | 1.000 | g[3] |       SPEF | 3.313 | 0.000 |   0.800 | 
     +---------------------------------------------------------------------------------------+ 
Path 10: MET Setup Check with Pin g_int_reg[0]/CK 
Endpoint:   g_int_reg[0]/D (v) checked with  leading edge of 'CLK'
Beginpoint: g[0]           (v) triggered by  leading edge of 'CLK'
Path Groups: {CLK}
Analysis View: rgb_av
Other End Arrival Time          0.000
- Setup                         0.583
+ Phase Shift                   2.500
= Required Time                 1.917
- Arrival Time                  0.800
= Slack Time                    1.116
     Clock Rise Edge                      0.000
     + Input Delay                        0.800
     = Beginpoint Arrival Time            0.800
     +---------------------------------------------------------------------------------------+ 
     |   Instance   |  Arc   |  Cell   |  Slew |  Net |    Arc     |  Load | Delay | Arrival | 
     |              |        |         |       |      | Annotation |       |       |  Time   | 
     |--------------+--------+---------+-------+------+------------+-------+-------+---------| 
     |              | g[0] v |         | 1.000 | g[0] |       SPEF | 2.647 |       |   0.800 | 
     | g_int_reg[0] |        | DFFR_X1 | 1.000 | g[0] |       SPEF | 2.647 | 0.000 |   0.800 | 
     +---------------------------------------------------------------------------------------+ 

