###############################################################
#  Generated by:      Cadence Innovus 18.10-p002_1
#  OS:                Linux x86_64(Host ID ensc-esil-t1.engineering.sfu.ca)
#  Generated on:      Sat Mar 23 14:02:37 2019
#  Design:            rgb2gray
#  Command:           report_timing -net -format {instance arc cell slew net annotation load delay arrival} -max_paths 10 >  results/timing/06-cts_hold.rpt
###############################################################
Path 1: MET Hold Check with Pin gray_reg[0]/CK 
Endpoint:   gray_reg[0]/D   (v) checked with  leading edge of 'CLK'
Beginpoint: g_int_reg[0]/QN (^) triggered by  leading edge of 'CLK'
Path Groups: {CLK}
Analysis View: rgb_av
Other End Arrival Time          0.000
+ Hold                          0.006
+ Phase Shift                   0.000
= Required Time                 0.006
  Arrival Time                  0.424
  Slack Time                    0.417
     Clock Rise Edge                 0.000
     + Clock Network Latency (Ideal) 0.000
     = Beginpoint Arrival Time       0.000
     +------------------------------------------------------------------------------------------------------+ 
     |   Instance   |     Arc      |   Cell    |  Slew |    Net     |    Arc     |  Load  | Delay | Arrival | 
     |              |              |           |       |            | Annotation |        |       |  Time   | 
     |--------------+--------------+-----------+-------+------------+------------+--------+-------+---------| 
     | g_int_reg[0] | CK ^         |           | 0.000 | clk        |            | 42.993 |       |   0.000 | 
     | g_int_reg[0] | CK ^ -> QN ^ | DFFR_X1   | 0.051 | n52        |            |  4.367 | 0.223 |   0.223 | 
     | U15          |              | OAI222_X1 | 0.051 | n52        |       SPEF |  4.367 | 0.000 |   0.223 | 
     | U15          | A2 ^ -> ZN v | OAI222_X1 | 0.024 | min[0]     |            |  2.010 | 0.057 |   0.280 | 
     | add_66/U87   |              | NAND2_X1  | 0.024 | min[0]     |       SPEF |  2.010 | 0.000 |   0.280 | 
     | add_66/U87   | A1 v -> ZN ^ | NAND2_X1  | 0.062 | add_66/n45 |            |  5.881 | 0.085 |   0.365 | 
     | add_66/U86   |              | XOR2_X1   | 0.062 | add_66/n45 |       SPEF |  5.881 | 0.000 |   0.365 | 
     | add_66/U86   | B ^ -> Z v   | XOR2_X1   | 0.021 | sum[1]     |            |  2.396 | 0.058 |   0.424 | 
     | gray_reg[0]  |              | DFFR_X1   | 0.021 | sum[1]     |       SPEF |  2.396 | 0.000 |   0.424 | 
     +------------------------------------------------------------------------------------------------------+ 
Path 2: MET Hold Check with Pin gray_reg[2]/CK 
Endpoint:   gray_reg[2]/D   (^) checked with  leading edge of 'CLK'
Beginpoint: g_int_reg[2]/QN (^) triggered by  leading edge of 'CLK'
Path Groups: {CLK}
Analysis View: rgb_av
Other End Arrival Time          0.000
+ Hold                          0.030
+ Phase Shift                   0.000
= Required Time                 0.030
  Arrival Time                  0.528
  Slack Time                    0.498
     Clock Rise Edge                 0.000
     + Clock Network Latency (Ideal) 0.000
     = Beginpoint Arrival Time       0.000
     +------------------------------------------------------------------------------------------------------+ 
     |   Instance   |     Arc      |   Cell    |  Slew |    Net     |    Arc     |  Load  | Delay | Arrival | 
     |              |              |           |       |            | Annotation |        |       |  Time   | 
     |--------------+--------------+-----------+-------+------------+------------+--------+-------+---------| 
     | g_int_reg[2] | CK ^         |           | 0.000 | clk        |            | 42.993 |       |   0.000 | 
     | g_int_reg[2] | CK ^ -> QN ^ | DFFR_X1   | 0.051 | n46        |            |  4.331 | 0.223 |   0.223 | 
     | U24          |              | OAI222_X1 | 0.051 | n46        |       SPEF |  4.331 | 0.000 |   0.223 | 
     | U24          | A2 ^ -> ZN v | OAI222_X1 | 0.033 | max[2]     |            |  4.602 | 0.070 |   0.293 | 
     | add_66/U100  |              | NAND2_X1  | 0.033 | max[2]     |       SPEF |  4.602 | 0.000 |   0.293 | 
     | add_66/U100  | A1 v -> ZN ^ | NAND2_X1  | 0.058 | add_66/n40 |            |  5.467 | 0.086 |   0.379 | 
     | add_66/U98   |              | OAI21_X1  | 0.058 | add_66/n40 |       SPEF |  5.467 | 0.000 |   0.379 | 
     | add_66/U98   | A ^ -> ZN v  | OAI21_X1  | 0.018 | add_66/n38 |            |  2.170 | 0.055 |   0.434 | 
     | add_66/U75   |              | XNOR2_X1  | 0.018 | add_66/n38 |       SPEF |  2.170 | 0.000 |   0.434 | 
     | add_66/U75   | A v -> ZN ^  | XNOR2_X1  | 0.040 | sum[3]     |            |  1.506 | 0.093 |   0.528 | 
     | gray_reg[2]  |              | DFFR_X1   | 0.040 | sum[3]     |       SPEF |  1.506 | 0.000 |   0.528 | 
     +------------------------------------------------------------------------------------------------------+ 
Path 3: MET Hold Check with Pin gray_reg[1]/CK 
Endpoint:   gray_reg[1]/D   (^) checked with  leading edge of 'CLK'
Beginpoint: g_int_reg[2]/QN (^) triggered by  leading edge of 'CLK'
Path Groups: {CLK}
Analysis View: rgb_av
Other End Arrival Time          0.000
+ Hold                          0.049
+ Phase Shift                   0.000
= Required Time                 0.049
  Arrival Time                  0.548
  Slack Time                    0.499
     Clock Rise Edge                 0.000
     + Clock Network Latency (Ideal) 0.000
     = Beginpoint Arrival Time       0.000
     +------------------------------------------------------------------------------------------------------+ 
     |   Instance   |     Arc      |   Cell    |  Slew |    Net     |    Arc     |  Load  | Delay | Arrival | 
     |              |              |           |       |            | Annotation |        |       |  Time   | 
     |--------------+--------------+-----------+-------+------------+------------+--------+-------+---------| 
     | g_int_reg[2] | CK ^         |           | 0.000 | clk        |            | 42.993 |       |   0.000 | 
     | g_int_reg[2] | CK ^ -> QN ^ | DFFR_X1   | 0.051 | n46        |            |  4.331 | 0.223 |   0.223 | 
     | U24          |              | OAI222_X1 | 0.051 | n46        |       SPEF |  4.331 | 0.000 |   0.223 | 
     | U24          | A2 ^ -> ZN v | OAI222_X1 | 0.033 | max[2]     |            |  4.602 | 0.070 |   0.293 | 
     | add_66/U100  |              | NAND2_X1  | 0.033 | max[2]     |       SPEF |  4.602 | 0.000 |   0.293 | 
     | add_66/U100  | A1 v -> ZN ^ | NAND2_X1  | 0.058 | add_66/n40 |            |  5.467 | 0.086 |   0.379 | 
     | add_66/U76   |              | NAND2_X1  | 0.058 | add_66/n40 |       SPEF |  5.467 | 0.000 |   0.379 | 
     | add_66/U76   | A2 ^ -> ZN v | NAND2_X1  | 0.019 | add_66/n7  |            |  2.495 | 0.055 |   0.434 | 
     | add_66/U79   |              | XOR2_X1   | 0.019 | add_66/n7  |       SPEF |  2.495 | 0.000 |   0.434 | 
     | add_66/U79   | B v -> Z ^   | XOR2_X1   | 0.072 | sum[2]     |            |  1.743 | 0.114 |   0.548 | 
     | gray_reg[1]  |              | DFFR_X1   | 0.072 | sum[2]     |       SPEF |  1.743 | 0.000 |   0.548 | 
     +------------------------------------------------------------------------------------------------------+ 
Path 4: MET Hold Check with Pin gray_reg[3]/CK 
Endpoint:   gray_reg[3]/D   (^) checked with  leading edge of 'CLK'
Beginpoint: g_int_reg[4]/QN (^) triggered by  leading edge of 'CLK'
Path Groups: {CLK}
Analysis View: rgb_av
Other End Arrival Time          0.000
+ Hold                          0.045
+ Phase Shift                   0.000
= Required Time                 0.045
  Arrival Time                  0.545
  Slack Time                    0.501
     Clock Rise Edge                 0.000
     + Clock Network Latency (Ideal) 0.000
     = Beginpoint Arrival Time       0.000
     +------------------------------------------------------------------------------------------------------+ 
     |   Instance   |     Arc      |   Cell    |  Slew |    Net     |    Arc     |  Load  | Delay | Arrival | 
     |              |              |           |       |            | Annotation |        |       |  Time   | 
     |--------------+--------------+-----------+-------+------------+------------+--------+-------+---------| 
     | g_int_reg[4] | CK ^         |           | 0.000 | clk        |            | 42.993 |       |   0.000 | 
     | g_int_reg[4] | CK ^ -> QN ^ | DFFR_X1   | 0.054 | n40        |            |  4.675 | 0.226 |   0.226 | 
     | U38          |              | OAI222_X1 | 0.054 | n40        |       SPEF |  4.675 | 0.000 |   0.226 | 
     | U38          | A2 ^ -> ZN v | OAI222_X1 | 0.034 | min[4]     |            |  4.300 | 0.070 |   0.296 | 
     | add_66/U93   |              | NAND2_X1  | 0.034 | min[4]     |       SPEF |  4.300 | 0.000 |   0.296 | 
     | add_66/U93   | A1 v -> ZN ^ | NAND2_X1  | 0.058 | add_66/n32 |            |  5.496 | 0.087 |   0.383 | 
     | add_66/U71   |              | NAND2_X1  | 0.058 | add_66/n32 |       SPEF |  5.496 | 0.000 |   0.383 | 
     | add_66/U71   | A2 ^ -> ZN v | NAND2_X1  | 0.019 | add_66/n5  |            |  2.648 | 0.056 |   0.438 | 
     | add_66/U110  |              | XOR2_X1   | 0.019 | add_66/n5  |       SPEF |  2.648 | 0.000 |   0.438 | 
     | add_66/U110  | B v -> Z ^   | XOR2_X1   | 0.065 | sum[4]     |            |  1.316 | 0.107 |   0.545 | 
     | gray_reg[3]  |              | DFFR_X1   | 0.065 | sum[4]     |       SPEF |  1.316 | 0.000 |   0.545 | 
     +------------------------------------------------------------------------------------------------------+ 
Path 5: MET Hold Check with Pin gray_reg[4]/CK 
Endpoint:   gray_reg[4]/D   (^) checked with  leading edge of 'CLK'
Beginpoint: g_int_reg[5]/QN (^) triggered by  leading edge of 'CLK'
Path Groups: {CLK}
Analysis View: rgb_av
Other End Arrival Time          0.000
+ Hold                          0.031
+ Phase Shift                   0.000
= Required Time                 0.031
  Arrival Time                  0.536
  Slack Time                    0.505
     Clock Rise Edge                 0.000
     + Clock Network Latency (Ideal) 0.000
     = Beginpoint Arrival Time       0.000
     +------------------------------------------------------------------------------------------------------+ 
     |   Instance   |     Arc      |   Cell    |  Slew |    Net     |    Arc     |  Load  | Delay | Arrival | 
     |              |              |           |       |            | Annotation |        |       |  Time   | 
     |--------------+--------------+-----------+-------+------------+------------+--------+-------+---------| 
     | g_int_reg[5] | CK ^         |           | 0.000 | clk        |            | 42.993 |       |   0.000 | 
     | g_int_reg[5] | CK ^ -> QN ^ | DFFR_X1   | 0.052 | n37        |            |  4.443 | 0.224 |   0.224 | 
     | U10          |              | OAI222_X1 | 0.052 | n37        |       SPEF |  4.443 | 0.000 |   0.224 | 
     | U10          | A2 ^ -> ZN v | OAI222_X1 | 0.033 | min[5]     |            |  4.261 | 0.069 |   0.293 | 
     | add_66/U107  |              | NAND2_X1  | 0.033 | min[5]     |       SPEF |  4.261 | 0.000 |   0.293 | 
     | add_66/U107  | A1 v -> ZN ^ | NAND2_X1  | 0.046 | add_66/n29 |            |  3.986 | 0.074 |   0.367 | 
     | add_66/U29   |              | NAND2_X1  | 0.046 | add_66/n29 |       SPEF |  3.986 | 0.000 |   0.367 | 
     | add_66/U29   | A2 ^ -> ZN v | NAND2_X1  | 0.020 | add_66/n4  |            |  2.905 | 0.052 |   0.419 | 
     | add_66/U95   |              | XNOR2_X1  | 0.020 | add_66/n4  |       SPEF |  2.905 | 0.000 |   0.419 | 
     | add_66/U95   | B v -> ZN ^  | XNOR2_X1  | 0.042 | sum[5]     |            |  1.720 | 0.117 |   0.536 | 
     | gray_reg[4]  |              | DFFR_X1   | 0.042 | sum[5]     |       SPEF |  1.720 | 0.000 |   0.536 | 
     +------------------------------------------------------------------------------------------------------+ 
Path 6: MET Hold Check with Pin gray_reg[6]/CK 
Endpoint:   gray_reg[6]/D   (^) checked with  leading edge of 'CLK'
Beginpoint: r_int_reg[7]/QN (^) triggered by  leading edge of 'CLK'
Path Groups: {CLK}
Analysis View: rgb_av
Other End Arrival Time          0.000
+ Hold                          0.031
+ Phase Shift                   0.000
= Required Time                 0.031
  Arrival Time                  0.537
  Slack Time                    0.505
     Clock Rise Edge                 0.000
     + Clock Network Latency (Ideal) 0.000
     = Beginpoint Arrival Time       0.000
     +------------------------------------------------------------------------------------------------------+ 
     |   Instance   |     Arc      |   Cell    |  Slew |    Net     |    Arc     |  Load  | Delay | Arrival | 
     |              |              |           |       |            | Annotation |        |       |  Time   | 
     |--------------+--------------+-----------+-------+------------+------------+--------+-------+---------| 
     | r_int_reg[7] | CK ^         |           | 0.000 | clk        |            | 42.993 |       |   0.000 | 
     | r_int_reg[7] | CK ^ -> QN ^ | DFFR_X1   | 0.045 | n33        |            |  3.455 | 0.215 |   0.215 | 
     | U3           |              | OAI222_X1 | 0.045 | n33        |       SPEF |  3.455 | 0.000 |   0.215 | 
     | U3           | C2 ^ -> ZN v | OAI222_X1 | 0.031 | min[7]     |            |  3.568 | 0.080 |   0.295 | 
     | add_66/U12   |              | NAND2_X1  | 0.031 | min[7]     |       SPEF |  3.568 | 0.000 |   0.295 | 
     | add_66/U12   | A1 v -> ZN ^ | NAND2_X1  | 0.044 | add_66/n15 |            |  3.696 | 0.070 |   0.365 | 
     | add_66/U9    |              | NAND2_X1  | 0.044 | add_66/n15 |       SPEF |  3.696 | 0.000 |   0.365 | 
     | add_66/U9    | A2 ^ -> ZN v | NAND2_X1  | 0.021 | add_66/n2  |            |  3.009 | 0.052 |   0.417 | 
     | add_66/U108  |              | XNOR2_X1  | 0.021 | add_66/n2  |       SPEF |  3.009 | 0.000 |   0.417 | 
     | add_66/U108  | B v -> ZN ^  | XNOR2_X1  | 0.043 | sum[7]     |            |  1.870 | 0.120 |   0.537 | 
     | gray_reg[6]  |              | DFFR_X1   | 0.043 | sum[7]     |       SPEF |  1.870 | 0.000 |   0.537 | 
     +------------------------------------------------------------------------------------------------------+ 
Path 7: MET Hold Check with Pin gray_reg[5]/CK 
Endpoint:   gray_reg[5]/D   (^) checked with  leading edge of 'CLK'
Beginpoint: g_int_reg[6]/QN (^) triggered by  leading edge of 'CLK'
Path Groups: {CLK}
Analysis View: rgb_av
Other End Arrival Time          0.000
+ Hold                          0.029
+ Phase Shift                   0.000
= Required Time                 0.029
  Arrival Time                  0.546
  Slack Time                    0.517
     Clock Rise Edge                 0.000
     + Clock Network Latency (Ideal) 0.000
     = Beginpoint Arrival Time       0.000
     +------------------------------------------------------------------------------------------------------+ 
     |   Instance   |     Arc      |   Cell    |  Slew |    Net     |    Arc     |  Load  | Delay | Arrival | 
     |              |              |           |       |            | Annotation |        |       |  Time   | 
     |--------------+--------------+-----------+-------+------------+------------+--------+-------+---------| 
     | g_int_reg[6] | CK ^         |           | 0.000 | clk        |            | 42.993 |       |   0.000 | 
     | g_int_reg[6] | CK ^ -> QN ^ | DFFR_X1   | 0.053 | n34        |            |  4.637 | 0.226 |   0.226 | 
     | U9           |              | OAI222_X1 | 0.053 | n34        |       SPEF |  4.637 | 0.000 |   0.226 | 
     | U9           | A2 ^ -> ZN v | OAI222_X1 | 0.033 | min[6]     |            |  4.168 | 0.069 |   0.295 | 
     | add_66/U69   |              | NAND2_X1  | 0.033 | min[6]     |       SPEF |  4.168 | 0.000 |   0.295 | 
     | add_66/U69   | A1 v -> ZN ^ | NAND2_X1  | 0.057 | add_66/n22 |            |  5.284 | 0.085 |   0.380 | 
     | add_66/U19   |              | NAND2_X1  | 0.057 | add_66/n22 |       SPEF |  5.284 | 0.000 |   0.380 | 
     | add_66/U19   | A2 ^ -> ZN v | NAND2_X1  | 0.021 | add_66/n3  |            |  2.591 | 0.055 |   0.434 | 
     | add_66/U97   |              | XNOR2_X1  | 0.021 | add_66/n3  |       SPEF |  2.591 | 0.000 |   0.434 | 
     | add_66/U97   | B v -> ZN ^  | XNOR2_X1  | 0.040 | sum[6]     |            |  1.422 | 0.112 |   0.546 | 
     | gray_reg[5]  |              | DFFR_X1   | 0.040 | sum[6]     |       SPEF |  1.422 | 0.000 |   0.546 | 
     +------------------------------------------------------------------------------------------------------+ 
Path 8: MET Hold Check with Pin gray_reg[7]/CK 
Endpoint:   gray_reg[7]/D   (v) checked with  leading edge of 'CLK'
Beginpoint: r_int_reg[7]/QN (^) triggered by  leading edge of 'CLK'
Path Groups: {CLK}
Analysis View: rgb_av
Other End Arrival Time          0.000
+ Hold                          0.005
+ Phase Shift                   0.000
= Required Time                 0.005
  Arrival Time                  0.576
  Slack Time                    0.571
     Clock Rise Edge                 0.000
     + Clock Network Latency (Ideal) 0.000
     = Beginpoint Arrival Time       0.000
     +------------------------------------------------------------------------------------------------------+ 
     |   Instance   |     Arc      |   Cell    |  Slew |    Net     |    Arc     |  Load  | Delay | Arrival | 
     |              |              |           |       |            | Annotation |        |       |  Time   | 
     |--------------+--------------+-----------+-------+------------+------------+--------+-------+---------| 
     | r_int_reg[7] | CK ^         |           | 0.000 | clk        |            | 42.993 |       |   0.000 | 
     | r_int_reg[7] | CK ^ -> QN ^ | DFFR_X1   | 0.045 | n33        |            |  3.455 | 0.215 |   0.215 | 
     | U3           |              | OAI222_X1 | 0.045 | n33        |       SPEF |  3.455 | 0.000 |   0.215 | 
     | U3           | C2 ^ -> ZN v | OAI222_X1 | 0.031 | min[7]     |            |  3.568 | 0.080 |   0.295 | 
     | add_66/U12   |              | NAND2_X1  | 0.031 | min[7]     |       SPEF |  3.568 | 0.000 |   0.295 | 
     | add_66/U12   | A1 v -> ZN ^ | NAND2_X1  | 0.044 | add_66/n15 |            |  3.696 | 0.070 |   0.365 | 
     | add_66/U8    |              | OAI21_X1  | 0.044 | add_66/n15 |       SPEF |  3.696 | 0.000 |   0.365 | 
     | add_66/U8    | A ^ -> ZN v  | OAI21_X1  | 0.015 | add_66/n13 |            |  1.665 | 0.047 |   0.411 | 
     | add_66/U104  |              | AOI21_X1  | 0.015 | add_66/n13 |       SPEF |  1.665 | 0.000 |   0.411 | 
     | add_66/U104  | A v -> ZN ^  | AOI21_X1  | 0.064 | add_66/n11 |            |  2.085 | 0.111 |   0.522 | 
     | add_66/U109  |              | OAI21_X1  | 0.064 | add_66/n11 |       SPEF |  2.085 | 0.000 |   0.522 | 
     | add_66/U109  | A ^ -> ZN v  | OAI21_X1  | 0.017 | sum[8]     |            |  1.437 | 0.053 |   0.576 | 
     | gray_reg[7]  |              | DFFR_X1   | 0.017 | sum[8]     |       SPEF |  1.437 | 0.000 |   0.576 | 
     +------------------------------------------------------------------------------------------------------+ 

