###############################################################
#  Generated by:      Cadence Innovus 18.10-p002_1
#  OS:                Linux x86_64(Host ID ensc-esil-t1.engineering.sfu.ca)
#  Generated on:      Sat Mar 23 14:02:39 2019
#  Design:            rgb2gray
#  Command:           report_timing -net -format {instance arc cell slew net annotation load delay arrival} -max_paths 10 >  results/timing/06-cts_setup.rpt
###############################################################
Path 1: MET Setup Check with Pin gray_reg[4]/CK 
Endpoint:   gray_reg[4]/D  (v) checked with  leading edge of 'CLK'
Beginpoint: g_int_reg[1]/Q (^) triggered by  leading edge of 'CLK'
Path Groups: {CLK}
Analysis View: rgb_av
Other End Arrival Time          0.000
- Setup                         0.163
+ Phase Shift                   2.500
= Required Time                 2.337
- Arrival Time                  2.310
= Slack Time                    0.027
     Clock Rise Edge                 0.000
     + Clock Network Latency (Ideal) 0.000
     = Beginpoint Arrival Time       0.000
     +------------------------------------------------------------------------------------------------------+ 
     |   Instance   |     Arc      |   Cell    |  Slew |    Net     |    Arc     |  Load  | Delay | Arrival | 
     |              |              |           |       |            | Annotation |        |       |  Time   | 
     |--------------+--------------+-----------+-------+------------+------------+--------+-------+---------| 
     | g_int_reg[1] | CK ^         |           | 0.000 | clk        |            | 42.993 |       |   0.000 | 
     | g_int_reg[1] | CK ^ -> Q ^  | DFFR_X1   | 0.175 | g_int[1]   |            | 21.266 | 0.491 |   0.490 | 
     | U69          |              | INV_X1    | 0.175 | g_int[1]   |       SPEF | 21.266 | 0.001 |   0.491 | 
     | U69          | A ^ -> ZN v  | INV_X1    | 0.047 | n98        |            |  5.237 | 0.076 |   0.567 | 
     | U97          |              | OAI22_X1  | 0.047 | n98        |       SPEF |  5.237 | 0.000 |   0.567 | 
     | U97          | A2 v -> ZN ^ | OAI22_X1  | 0.108 | n101       |            |  1.930 | 0.136 |   0.704 | 
     | U98          |              | OAI211_X1 | 0.108 | n101       |       SPEF |  1.930 | 0.000 |   0.704 | 
     | U98          | C2 ^ -> ZN v | OAI211_X1 | 0.050 | n106       |            |  2.673 | 0.103 |   0.806 | 
     | U100         |              | NAND4_X1  | 0.050 | n106       |       SPEF |  2.673 | 0.000 |   0.806 | 
     | U100         | A1 v -> ZN ^ | NAND4_X1  | 0.050 | n109       |            |  1.799 | 0.075 |   0.881 | 
     | U101         |              | OAI211_X1 | 0.050 | n109       |       SPEF |  1.799 | 0.000 |   0.881 | 
     | U101         | A ^ -> ZN v  | OAI211_X1 | 0.058 | n118       |            |  1.705 | 0.081 |   0.962 | 
     | U104         |              | NOR2_X1   | 0.058 | n118       |       SPEF |  1.705 | 0.000 |   0.962 | 
     | U104         | A2 v -> ZN ^ | NOR2_X1   | 0.070 | N20        |            |  2.314 | 0.135 |   1.097 | 
     | C200         |              | AND2_X1   | 0.070 | N20        |       SPEF |  2.314 | 0.000 |   1.097 | 
     | C200         | A1 ^ -> ZN ^ | AND2_X1   | 0.046 | N22        |            |  4.459 | 0.134 |   1.231 | 
     | U53          |              | INV_X2    | 0.046 | N22        |       SPEF |  4.459 | 0.000 |   1.231 | 
     | U53          | A ^ -> ZN v  | INV_X2    | 0.023 | n32        |            | 15.754 | 0.052 |   1.283 | 
     | U56          |              | NAND2_X1  | 0.023 | n32        |       SPEF | 15.754 | 0.000 |   1.283 | 
     | U56          | A2 v -> ZN ^ | NAND2_X1  | 0.141 | n28        |            | 15.704 | 0.170 |   1.453 | 
     | U36          |              | OAI222_X1 | 0.141 | n28        |       SPEF | 15.704 | 0.000 |   1.453 | 
     | U36          | A1 ^ -> ZN v | OAI222_X1 | 0.067 | min[3]     |            |  4.546 | 0.145 |   1.598 | 
     | add_66/U82   |              | NOR2_X1   | 0.067 | min[3]     |       SPEF |  4.546 | 0.000 |   1.598 | 
     | add_66/U82   | A2 v -> ZN ^ | NOR2_X1   | 0.126 | add_66/n36 |            |  5.699 | 0.202 |   1.800 | 
     | add_66/U77   |              | OAI21_X1  | 0.126 | add_66/n36 |       SPEF |  5.699 | 0.000 |   1.800 | 
     | add_66/U77   | B1 ^ -> ZN v | OAI21_X1  | 0.044 | add_66/n35 |            |  3.051 | 0.081 |   1.881 | 
     | add_66/U89   |              | AOI21_X2  | 0.044 | add_66/n35 |       SPEF |  3.051 | 0.000 |   1.881 | 
     | add_66/U89   | A v -> ZN ^  | AOI21_X2  | 0.140 | add_66/n1  |            | 10.395 | 0.221 |   2.101 | 
     | add_66/U113  |              | OAI21_X1  | 0.140 | add_66/n1  |       SPEF | 10.395 | 0.000 |   2.101 | 
     | add_66/U113  | B1 ^ -> ZN v | OAI21_X1  | 0.045 | add_66/n30 |            |  2.412 | 0.077 |   2.179 | 
     | add_66/U95   |              | XNOR2_X1  | 0.045 | add_66/n30 |       SPEF |  2.412 | 0.000 |   2.179 | 
     | add_66/U95   | A v -> ZN v  | XNOR2_X1  | 0.029 | sum[5]     |            |  1.645 | 0.132 |   2.310 | 
     | gray_reg[4]  |              | DFFR_X1   | 0.029 | sum[5]     |       SPEF |  1.645 | 0.000 |   2.310 | 
     +------------------------------------------------------------------------------------------------------+ 
Path 2: MET Setup Check with Pin gray_reg[5]/CK 
Endpoint:   gray_reg[5]/D  (v) checked with  leading edge of 'CLK'
Beginpoint: g_int_reg[1]/Q (^) triggered by  leading edge of 'CLK'
Path Groups: {CLK}
Analysis View: rgb_av
Other End Arrival Time          0.000
- Setup                         0.163
+ Phase Shift                   2.500
= Required Time                 2.337
- Arrival Time                  2.309
= Slack Time                    0.029
     Clock Rise Edge                 0.000
     + Clock Network Latency (Ideal) 0.000
     = Beginpoint Arrival Time       0.000
     +------------------------------------------------------------------------------------------------------+ 
     |   Instance   |     Arc      |   Cell    |  Slew |    Net     |    Arc     |  Load  | Delay | Arrival | 
     |              |              |           |       |            | Annotation |        |       |  Time   | 
     |--------------+--------------+-----------+-------+------------+------------+--------+-------+---------| 
     | g_int_reg[1] | CK ^         |           | 0.000 | clk        |            | 42.993 |       |   0.000 | 
     | g_int_reg[1] | CK ^ -> Q ^  | DFFR_X1   | 0.175 | g_int[1]   |            | 21.266 | 0.491 |   0.490 | 
     | U69          |              | INV_X1    | 0.175 | g_int[1]   |       SPEF | 21.266 | 0.001 |   0.491 | 
     | U69          | A ^ -> ZN v  | INV_X1    | 0.047 | n98        |            |  5.237 | 0.076 |   0.567 | 
     | U97          |              | OAI22_X1  | 0.047 | n98        |       SPEF |  5.237 | 0.000 |   0.567 | 
     | U97          | A2 v -> ZN ^ | OAI22_X1  | 0.108 | n101       |            |  1.930 | 0.136 |   0.704 | 
     | U98          |              | OAI211_X1 | 0.108 | n101       |       SPEF |  1.930 | 0.000 |   0.704 | 
     | U98          | C2 ^ -> ZN v | OAI211_X1 | 0.050 | n106       |            |  2.673 | 0.103 |   0.806 | 
     | U100         |              | NAND4_X1  | 0.050 | n106       |       SPEF |  2.673 | 0.000 |   0.806 | 
     | U100         | A1 v -> ZN ^ | NAND4_X1  | 0.050 | n109       |            |  1.799 | 0.075 |   0.881 | 
     | U101         |              | OAI211_X1 | 0.050 | n109       |       SPEF |  1.799 | 0.000 |   0.881 | 
     | U101         | A ^ -> ZN v  | OAI211_X1 | 0.058 | n118       |            |  1.705 | 0.081 |   0.962 | 
     | U104         |              | NOR2_X1   | 0.058 | n118       |       SPEF |  1.705 | 0.000 |   0.962 | 
     | U104         | A2 v -> ZN ^ | NOR2_X1   | 0.070 | N20        |            |  2.314 | 0.135 |   1.097 | 
     | C200         |              | AND2_X1   | 0.070 | N20        |       SPEF |  2.314 | 0.000 |   1.097 | 
     | C200         | A1 ^ -> ZN ^ | AND2_X1   | 0.046 | N22        |            |  4.459 | 0.134 |   1.231 | 
     | U53          |              | INV_X2    | 0.046 | N22        |       SPEF |  4.459 | 0.000 |   1.231 | 
     | U53          | A ^ -> ZN v  | INV_X2    | 0.023 | n32        |            | 15.754 | 0.052 |   1.283 | 
     | U56          |              | NAND2_X1  | 0.023 | n32        |       SPEF | 15.754 | 0.000 |   1.283 | 
     | U56          | A2 v -> ZN ^ | NAND2_X1  | 0.141 | n28        |            | 15.704 | 0.170 |   1.453 | 
     | U36          |              | OAI222_X1 | 0.141 | n28        |       SPEF | 15.704 | 0.000 |   1.453 | 
     | U36          | A1 ^ -> ZN v | OAI222_X1 | 0.067 | min[3]     |            |  4.546 | 0.145 |   1.598 | 
     | add_66/U82   |              | NOR2_X1   | 0.067 | min[3]     |       SPEF |  4.546 | 0.000 |   1.598 | 
     | add_66/U82   | A2 v -> ZN ^ | NOR2_X1   | 0.126 | add_66/n36 |            |  5.699 | 0.202 |   1.800 | 
     | add_66/U77   |              | OAI21_X1  | 0.126 | add_66/n36 |       SPEF |  5.699 | 0.000 |   1.800 | 
     | add_66/U77   | B1 ^ -> ZN v | OAI21_X1  | 0.044 | add_66/n35 |            |  3.051 | 0.081 |   1.881 | 
     | add_66/U89   |              | AOI21_X2  | 0.044 | add_66/n35 |       SPEF |  3.051 | 0.000 |   1.881 | 
     | add_66/U89   | A v -> ZN ^  | AOI21_X2  | 0.140 | add_66/n1  |            | 10.395 | 0.221 |   2.101 | 
     | add_66/U112  |              | OAI21_X1  | 0.140 | add_66/n1  |       SPEF | 10.395 | 0.000 |   2.101 | 
     | add_66/U112  | B1 ^ -> ZN v | OAI21_X1  | 0.045 | add_66/n23 |            |  2.416 | 0.077 |   2.179 | 
     | add_66/U97   |              | XNOR2_X1  | 0.045 | add_66/n23 |       SPEF |  2.416 | 0.000 |   2.179 | 
     | add_66/U97   | A v -> ZN v  | XNOR2_X1  | 0.029 | sum[6]     |            |  1.347 | 0.130 |   2.309 | 
     | gray_reg[5]  |              | DFFR_X1   | 0.029 | sum[6]     |       SPEF |  1.347 | 0.000 |   2.309 | 
     +------------------------------------------------------------------------------------------------------+ 
Path 3: MET Setup Check with Pin gray_reg[6]/CK 
Endpoint:   gray_reg[6]/D  (v) checked with  leading edge of 'CLK'
Beginpoint: g_int_reg[1]/Q (^) triggered by  leading edge of 'CLK'
Path Groups: {CLK}
Analysis View: rgb_av
Other End Arrival Time          0.000
- Setup                         0.163
+ Phase Shift                   2.500
= Required Time                 2.337
- Arrival Time                  2.308
= Slack Time                    0.029
     Clock Rise Edge                 0.000
     + Clock Network Latency (Ideal) 0.000
     = Beginpoint Arrival Time       0.000
     +------------------------------------------------------------------------------------------------------+ 
     |   Instance   |     Arc      |   Cell    |  Slew |    Net     |    Arc     |  Load  | Delay | Arrival | 
     |              |              |           |       |            | Annotation |        |       |  Time   | 
     |--------------+--------------+-----------+-------+------------+------------+--------+-------+---------| 
     | g_int_reg[1] | CK ^         |           | 0.000 | clk        |            | 42.993 |       |   0.000 | 
     | g_int_reg[1] | CK ^ -> Q ^  | DFFR_X1   | 0.175 | g_int[1]   |            | 21.266 | 0.491 |   0.490 | 
     | U69          |              | INV_X1    | 0.175 | g_int[1]   |       SPEF | 21.266 | 0.001 |   0.491 | 
     | U69          | A ^ -> ZN v  | INV_X1    | 0.047 | n98        |            |  5.237 | 0.076 |   0.567 | 
     | U97          |              | OAI22_X1  | 0.047 | n98        |       SPEF |  5.237 | 0.000 |   0.567 | 
     | U97          | A2 v -> ZN ^ | OAI22_X1  | 0.108 | n101       |            |  1.930 | 0.136 |   0.704 | 
     | U98          |              | OAI211_X1 | 0.108 | n101       |       SPEF |  1.930 | 0.000 |   0.704 | 
     | U98          | C2 ^ -> ZN v | OAI211_X1 | 0.050 | n106       |            |  2.673 | 0.103 |   0.806 | 
     | U100         |              | NAND4_X1  | 0.050 | n106       |       SPEF |  2.673 | 0.000 |   0.806 | 
     | U100         | A1 v -> ZN ^ | NAND4_X1  | 0.050 | n109       |            |  1.799 | 0.075 |   0.881 | 
     | U101         |              | OAI211_X1 | 0.050 | n109       |       SPEF |  1.799 | 0.000 |   0.881 | 
     | U101         | A ^ -> ZN v  | OAI211_X1 | 0.058 | n118       |            |  1.705 | 0.081 |   0.962 | 
     | U104         |              | NOR2_X1   | 0.058 | n118       |       SPEF |  1.705 | 0.000 |   0.962 | 
     | U104         | A2 v -> ZN ^ | NOR2_X1   | 0.070 | N20        |            |  2.314 | 0.135 |   1.097 | 
     | C200         |              | AND2_X1   | 0.070 | N20        |       SPEF |  2.314 | 0.000 |   1.097 | 
     | C200         | A1 ^ -> ZN ^ | AND2_X1   | 0.046 | N22        |            |  4.459 | 0.134 |   1.231 | 
     | U53          |              | INV_X2    | 0.046 | N22        |       SPEF |  4.459 | 0.000 |   1.231 | 
     | U53          | A ^ -> ZN v  | INV_X2    | 0.023 | n32        |            | 15.754 | 0.052 |   1.283 | 
     | U56          |              | NAND2_X1  | 0.023 | n32        |       SPEF | 15.754 | 0.000 |   1.283 | 
     | U56          | A2 v -> ZN ^ | NAND2_X1  | 0.141 | n28        |            | 15.704 | 0.170 |   1.453 | 
     | U36          |              | OAI222_X1 | 0.141 | n28        |       SPEF | 15.704 | 0.000 |   1.453 | 
     | U36          | A1 ^ -> ZN v | OAI222_X1 | 0.067 | min[3]     |            |  4.546 | 0.145 |   1.598 | 
     | add_66/U82   |              | NOR2_X1   | 0.067 | min[3]     |       SPEF |  4.546 | 0.000 |   1.598 | 
     | add_66/U82   | A2 v -> ZN ^ | NOR2_X1   | 0.126 | add_66/n36 |            |  5.699 | 0.202 |   1.800 | 
     | add_66/U77   |              | OAI21_X1  | 0.126 | add_66/n36 |       SPEF |  5.699 | 0.000 |   1.800 | 
     | add_66/U77   | B1 ^ -> ZN v | OAI21_X1  | 0.044 | add_66/n35 |            |  3.051 | 0.081 |   1.881 | 
     | add_66/U89   |              | AOI21_X2  | 0.044 | add_66/n35 |       SPEF |  3.051 | 0.000 |   1.881 | 
     | add_66/U89   | A v -> ZN ^  | AOI21_X2  | 0.140 | add_66/n1  |            | 10.395 | 0.221 |   2.101 | 
     | add_66/U111  |              | OAI21_X1  | 0.140 | add_66/n1  |       SPEF | 10.395 | 0.000 |   2.101 | 
     | add_66/U111  | B1 ^ -> ZN v | OAI21_X1  | 0.044 | add_66/n16 |            |  2.191 | 0.075 |   2.176 | 
     | add_66/U108  |              | XNOR2_X1  | 0.044 | add_66/n16 |       SPEF |  2.191 | 0.000 |   2.176 | 
     | add_66/U108  | A v -> ZN v  | XNOR2_X1  | 0.029 | sum[7]     |            |  1.796 | 0.132 |   2.308 | 
     | gray_reg[6]  |              | DFFR_X1   | 0.029 | sum[7]     |       SPEF |  1.796 | 0.000 |   2.308 | 
     +------------------------------------------------------------------------------------------------------+ 
Path 4: MET Setup Check with Pin gray_reg[3]/CK 
Endpoint:   gray_reg[3]/D  (v) checked with  leading edge of 'CLK'
Beginpoint: g_int_reg[6]/Q (^) triggered by  leading edge of 'CLK'
Path Groups: {CLK}
Analysis View: rgb_av
Other End Arrival Time          0.000
- Setup                         0.168
+ Phase Shift                   2.500
= Required Time                 2.332
- Arrival Time                  2.298
= Slack Time                    0.033
     Clock Rise Edge                 0.000
     + Clock Network Latency (Ideal) 0.000
     = Beginpoint Arrival Time       0.000
     +------------------------------------------------------------------------------------------------------+ 
     |   Instance   |     Arc      |   Cell    |  Slew |    Net     |    Arc     |  Load  | Delay | Arrival | 
     |              |              |           |       |            | Annotation |        |       |  Time   | 
     |--------------+--------------+-----------+-------+------------+------------+--------+-------+---------| 
     | g_int_reg[6] | CK ^         |           | 0.000 | clk        |            | 42.993 |       |   0.000 | 
     | g_int_reg[6] | CK ^ -> Q ^  | DFFR_X1   | 0.154 | g_int[6]   |            | 18.295 | 0.469 |   0.469 | 
     | U33          |              | INV_X1    | 0.154 | g_int[6]   |       SPEF | 18.295 | 0.001 |   0.470 | 
     | U33          | A ^ -> ZN v  | INV_X1    | 0.043 | n60        |            |  5.049 | 0.072 |   0.542 | 
     | U46          |              | NAND2_X1  | 0.043 | n60        |       SPEF |  5.049 | 0.000 |   0.542 | 
     | U46          | A2 v -> ZN ^ | NAND2_X1  | 0.082 | n110       |            |  7.960 | 0.119 |   0.661 | 
     | U78          |              | OAI21_X1  | 0.082 | n110       |       SPEF |  7.960 | 0.000 |   0.662 | 
     | U78          | A ^ -> ZN v  | OAI21_X1  | 0.054 | n114       |            |  5.042 | 0.090 |   0.752 | 
     | U103         |              | OAI33_X1  | 0.054 | n114       |       SPEF |  5.042 | 0.000 |   0.752 | 
     | U103         | B2 v -> ZN ^ | OAI33_X1  | 0.234 | n117       |            |  2.460 | 0.338 |   1.089 | 
     | U104         |              | NOR2_X1   | 0.234 | n117       |       SPEF |  2.460 | 0.000 |   1.090 | 
     | U104         | A1 ^ -> ZN v | NOR2_X1   | 0.051 | N20        |            |  2.250 | 0.056 |   1.146 | 
     | C200         |              | AND2_X1   | 0.051 | N20        |       SPEF |  2.250 | 0.000 |   1.146 | 
     | C200         | A1 v -> ZN v | AND2_X1   | 0.024 | N22        |            |  3.992 | 0.124 |   1.270 | 
     | U54          |              | OR2_X1    | 0.024 | N22        |       SPEF |  3.992 | 0.000 |   1.270 | 
     | U54          | A1 v -> ZN v | OR2_X1    | 0.060 | n30        |            | 14.686 | 0.232 |   1.503 | 
     | U15          |              | OAI222_X1 | 0.060 | n30        |       SPEF | 14.686 | 0.000 |   1.503 | 
     | U15          | B1 v -> ZN ^ | OAI222_X1 | 0.170 | min[0]     |            |  2.126 | 0.181 |   1.684 | 
     | add_66/U87   |              | NAND2_X1  | 0.170 | min[0]     |       SPEF |  2.126 | 0.000 |   1.684 | 
     | add_66/U87   | A1 ^ -> ZN v | NAND2_X1  | 0.062 | add_66/n45 |            |  5.854 | 0.111 |   1.795 | 
     | add_66/U96   |              | OAI21_X1  | 0.062 | add_66/n45 |       SPEF |  5.854 | 0.000 |   1.795 | 
     | add_66/U96   | B2 v -> ZN ^ | OAI21_X1  | 0.141 | add_66/n42 |            |  6.029 | 0.216 |   2.011 | 
     | add_66/U89   |              | AOI21_X2  | 0.141 | add_66/n42 |       SPEF |  6.029 | 0.000 |   2.011 | 
     | add_66/U89   | B2 ^ -> ZN v | AOI21_X2  | 0.042 | add_66/n1  |            |  9.501 | 0.101 |   2.112 | 
     | add_66/U110  |              | XOR2_X1   | 0.042 | add_66/n1  |       SPEF |  9.501 | 0.000 |   2.112 | 
     | add_66/U110  | A v -> Z v   | XOR2_X1   | 0.040 | sum[4]     |            |  1.241 | 0.186 |   2.298 | 
     | gray_reg[3]  |              | DFFR_X1   | 0.040 | sum[4]     |       SPEF |  1.241 | 0.000 |   2.298 | 
     +------------------------------------------------------------------------------------------------------+ 
Path 5: MET Setup Check with Pin gray_reg[1]/CK 
Endpoint:   gray_reg[1]/D  (v) checked with  leading edge of 'CLK'
Beginpoint: g_int_reg[6]/Q (^) triggered by  leading edge of 'CLK'
Path Groups: {CLK}
Analysis View: rgb_av
Other End Arrival Time          0.000
- Setup                         0.165
+ Phase Shift                   2.500
= Required Time                 2.335
- Arrival Time                  2.260
= Slack Time                    0.076
     Clock Rise Edge                 0.000
     + Clock Network Latency (Ideal) 0.000
     = Beginpoint Arrival Time       0.000
     +------------------------------------------------------------------------------------------------------+ 
     |   Instance   |     Arc      |   Cell    |  Slew |    Net     |    Arc     |  Load  | Delay | Arrival | 
     |              |              |           |       |            | Annotation |        |       |  Time   | 
     |--------------+--------------+-----------+-------+------------+------------+--------+-------+---------| 
     | g_int_reg[6] | CK ^         |           | 0.000 | clk        |            | 42.993 |       |   0.000 | 
     | g_int_reg[6] | CK ^ -> Q ^  | DFFR_X1   | 0.154 | g_int[6]   |            | 18.295 | 0.469 |   0.469 | 
     | U33          |              | INV_X1    | 0.154 | g_int[6]   |       SPEF | 18.295 | 0.001 |   0.470 | 
     | U33          | A ^ -> ZN v  | INV_X1    | 0.043 | n60        |            |  5.049 | 0.072 |   0.542 | 
     | U46          |              | NAND2_X1  | 0.043 | n60        |       SPEF |  5.049 | 0.000 |   0.542 | 
     | U46          | A2 v -> ZN ^ | NAND2_X1  | 0.082 | n110       |            |  7.960 | 0.119 |   0.661 | 
     | U78          |              | OAI21_X1  | 0.082 | n110       |       SPEF |  7.960 | 0.000 |   0.662 | 
     | U78          | A ^ -> ZN v  | OAI21_X1  | 0.054 | n114       |            |  5.042 | 0.090 |   0.752 | 
     | U103         |              | OAI33_X1  | 0.054 | n114       |       SPEF |  5.042 | 0.000 |   0.752 | 
     | U103         | B2 v -> ZN ^ | OAI33_X1  | 0.234 | n117       |            |  2.460 | 0.338 |   1.089 | 
     | U104         |              | NOR2_X1   | 0.234 | n117       |       SPEF |  2.460 | 0.000 |   1.090 | 
     | U104         | A1 ^ -> ZN v | NOR2_X1   | 0.051 | N20        |            |  2.250 | 0.056 |   1.146 | 
     | C200         |              | AND2_X1   | 0.051 | N20        |       SPEF |  2.250 | 0.000 |   1.146 | 
     | C200         | A1 v -> ZN v | AND2_X1   | 0.024 | N22        |            |  3.992 | 0.124 |   1.270 | 
     | U54          |              | OR2_X1    | 0.024 | N22        |       SPEF |  3.992 | 0.000 |   1.270 | 
     | U54          | A1 v -> ZN v | OR2_X1    | 0.060 | n30        |            | 14.686 | 0.232 |   1.503 | 
     | U15          |              | OAI222_X1 | 0.060 | n30        |       SPEF | 14.686 | 0.000 |   1.503 | 
     | U15          | B1 v -> ZN ^ | OAI222_X1 | 0.170 | min[0]     |            |  2.126 | 0.181 |   1.684 | 
     | add_66/U87   |              | NAND2_X1  | 0.170 | min[0]     |       SPEF |  2.126 | 0.000 |   1.684 | 
     | add_66/U87   | A1 ^ -> ZN v | NAND2_X1  | 0.062 | add_66/n45 |            |  5.854 | 0.111 |   1.795 | 
     | add_66/U96   |              | OAI21_X1  | 0.062 | add_66/n45 |       SPEF |  5.854 | 0.000 |   1.795 | 
     | add_66/U96   | B2 v -> ZN ^ | OAI21_X1  | 0.141 | add_66/n42 |            |  6.029 | 0.216 |   2.011 | 
     | add_66/U78   |              | INV_X1    | 0.141 | add_66/n42 |       SPEF |  6.029 | 0.000 |   2.011 | 
     | add_66/U78   | A ^ -> ZN v  | INV_X1    | 0.038 | add_66/n41 |            |  3.950 | 0.062 |   2.073 | 
     | add_66/U79   |              | XOR2_X1   | 0.038 | add_66/n41 |       SPEF |  3.950 | 0.000 |   2.073 | 
     | add_66/U79   | A v -> Z v   | XOR2_X1   | 0.033 | sum[2]     |            |  1.668 | 0.187 |   2.260 | 
     | gray_reg[1]  |              | DFFR_X1   | 0.033 | sum[2]     |       SPEF |  1.668 | 0.000 |   2.260 | 
     +------------------------------------------------------------------------------------------------------+ 
Path 6: MET Setup Check with Pin gray_reg[2]/CK 
Endpoint:   gray_reg[2]/D  (^) checked with  leading edge of 'CLK'
Beginpoint: g_int_reg[6]/Q (^) triggered by  leading edge of 'CLK'
Path Groups: {CLK}
Analysis View: rgb_av
Other End Arrival Time          0.000
- Setup                         0.098
+ Phase Shift                   2.500
= Required Time                 2.402
- Arrival Time                  2.324
= Slack Time                    0.078
     Clock Rise Edge                 0.000
     + Clock Network Latency (Ideal) 0.000
     = Beginpoint Arrival Time       0.000
     +------------------------------------------------------------------------------------------------------+ 
     |   Instance   |     Arc      |   Cell    |  Slew |    Net     |    Arc     |  Load  | Delay | Arrival | 
     |              |              |           |       |            | Annotation |        |       |  Time   | 
     |--------------+--------------+-----------+-------+------------+------------+--------+-------+---------| 
     | g_int_reg[6] | CK ^         |           | 0.000 | clk        |            | 42.993 |       |   0.000 | 
     | g_int_reg[6] | CK ^ -> Q ^  | DFFR_X1   | 0.154 | g_int[6]   |            | 18.295 | 0.469 |   0.469 | 
     | U33          |              | INV_X1    | 0.154 | g_int[6]   |       SPEF | 18.295 | 0.001 |   0.470 | 
     | U33          | A ^ -> ZN v  | INV_X1    | 0.043 | n60        |            |  5.049 | 0.072 |   0.542 | 
     | U46          |              | NAND2_X1  | 0.043 | n60        |       SPEF |  5.049 | 0.000 |   0.542 | 
     | U46          | A2 v -> ZN ^ | NAND2_X1  | 0.082 | n110       |            |  7.960 | 0.119 |   0.661 | 
     | U78          |              | OAI21_X1  | 0.082 | n110       |       SPEF |  7.960 | 0.000 |   0.662 | 
     | U78          | A ^ -> ZN v  | OAI21_X1  | 0.054 | n114       |            |  5.042 | 0.090 |   0.752 | 
     | U103         |              | OAI33_X1  | 0.054 | n114       |       SPEF |  5.042 | 0.000 |   0.752 | 
     | U103         | B2 v -> ZN ^ | OAI33_X1  | 0.234 | n117       |            |  2.460 | 0.338 |   1.089 | 
     | U104         |              | NOR2_X1   | 0.234 | n117       |       SPEF |  2.460 | 0.000 |   1.090 | 
     | U104         | A1 ^ -> ZN v | NOR2_X1   | 0.051 | N20        |            |  2.250 | 0.056 |   1.146 | 
     | C200         |              | AND2_X1   | 0.051 | N20        |       SPEF |  2.250 | 0.000 |   1.146 | 
     | C200         | A1 v -> ZN v | AND2_X1   | 0.024 | N22        |            |  3.992 | 0.124 |   1.270 | 
     | U54          |              | OR2_X1    | 0.024 | N22        |       SPEF |  3.992 | 0.000 |   1.270 | 
     | U54          | A1 v -> ZN v | OR2_X1    | 0.060 | n30        |            | 14.686 | 0.232 |   1.503 | 
     | U15          |              | OAI222_X1 | 0.060 | n30        |       SPEF | 14.686 | 0.000 |   1.503 | 
     | U15          | B1 v -> ZN ^ | OAI222_X1 | 0.170 | min[0]     |            |  2.126 | 0.181 |   1.684 | 
     | add_66/U87   |              | NAND2_X1  | 0.170 | min[0]     |       SPEF |  2.126 | 0.000 |   1.684 | 
     | add_66/U87   | A1 ^ -> ZN v | NAND2_X1  | 0.062 | add_66/n45 |            |  5.854 | 0.111 |   1.795 | 
     | add_66/U96   |              | OAI21_X1  | 0.062 | add_66/n45 |       SPEF |  5.854 | 0.000 |   1.795 | 
     | add_66/U96   | B2 v -> ZN ^ | OAI21_X1  | 0.141 | add_66/n42 |            |  6.029 | 0.216 |   2.011 | 
     | add_66/U78   |              | INV_X1    | 0.141 | add_66/n42 |       SPEF |  6.029 | 0.000 |   2.011 | 
     | add_66/U78   | A ^ -> ZN v  | INV_X1    | 0.038 | add_66/n41 |            |  3.950 | 0.062 |   2.073 | 
     | add_66/U98   |              | OAI21_X1  | 0.038 | add_66/n41 |       SPEF |  3.950 | 0.000 |   2.073 | 
     | add_66/U98   | B1 v -> ZN ^ | OAI21_X1  | 0.080 | add_66/n38 |            |  2.305 | 0.116 |   2.189 | 
     | add_66/U75   |              | XNOR2_X1  | 0.080 | add_66/n38 |       SPEF |  2.305 | 0.000 |   2.189 | 
     | add_66/U75   | A ^ -> ZN ^  | XNOR2_X1  | 0.067 | sum[3]     |            |  1.506 | 0.135 |   2.324 | 
     | gray_reg[2]  |              | DFFR_X1   | 0.067 | sum[3]     |       SPEF |  1.506 | 0.000 |   2.324 | 
     +------------------------------------------------------------------------------------------------------+ 
Path 7: MET Setup Check with Pin gray_reg[7]/CK 
Endpoint:   gray_reg[7]/D  (v) checked with  leading edge of 'CLK'
Beginpoint: g_int_reg[1]/Q (^) triggered by  leading edge of 'CLK'
Path Groups: {CLK}
Analysis View: rgb_av
Other End Arrival Time          0.000
- Setup                         0.169
+ Phase Shift                   2.500
= Required Time                 2.331
- Arrival Time                  2.168
= Slack Time                    0.164
     Clock Rise Edge                 0.000
     + Clock Network Latency (Ideal) 0.000
     = Beginpoint Arrival Time       0.000
     +------------------------------------------------------------------------------------------------------+ 
     |   Instance   |     Arc      |   Cell    |  Slew |    Net     |    Arc     |  Load  | Delay | Arrival | 
     |              |              |           |       |            | Annotation |        |       |  Time   | 
     |--------------+--------------+-----------+-------+------------+------------+--------+-------+---------| 
     | g_int_reg[1] | CK ^         |           | 0.000 | clk        |            | 42.993 |       |   0.000 | 
     | g_int_reg[1] | CK ^ -> Q ^  | DFFR_X1   | 0.175 | g_int[1]   |            | 21.266 | 0.491 |   0.490 | 
     | U69          |              | INV_X1    | 0.175 | g_int[1]   |       SPEF | 21.266 | 0.001 |   0.491 | 
     | U69          | A ^ -> ZN v  | INV_X1    | 0.047 | n98        |            |  5.237 | 0.076 |   0.567 | 
     | U97          |              | OAI22_X1  | 0.047 | n98        |       SPEF |  5.237 | 0.000 |   0.567 | 
     | U97          | A2 v -> ZN ^ | OAI22_X1  | 0.108 | n101       |            |  1.930 | 0.136 |   0.704 | 
     | U98          |              | OAI211_X1 | 0.108 | n101       |       SPEF |  1.930 | 0.000 |   0.704 | 
     | U98          | C2 ^ -> ZN v | OAI211_X1 | 0.050 | n106       |            |  2.673 | 0.103 |   0.806 | 
     | U100         |              | NAND4_X1  | 0.050 | n106       |       SPEF |  2.673 | 0.000 |   0.806 | 
     | U100         | A1 v -> ZN ^ | NAND4_X1  | 0.050 | n109       |            |  1.799 | 0.075 |   0.881 | 
     | U101         |              | OAI211_X1 | 0.050 | n109       |       SPEF |  1.799 | 0.000 |   0.881 | 
     | U101         | A ^ -> ZN v  | OAI211_X1 | 0.058 | n118       |            |  1.705 | 0.081 |   0.962 | 
     | U104         |              | NOR2_X1   | 0.058 | n118       |       SPEF |  1.705 | 0.000 |   0.962 | 
     | U104         | A2 v -> ZN ^ | NOR2_X1   | 0.070 | N20        |            |  2.314 | 0.135 |   1.097 | 
     | C200         |              | AND2_X1   | 0.070 | N20        |       SPEF |  2.314 | 0.000 |   1.097 | 
     | C200         | A1 ^ -> ZN ^ | AND2_X1   | 0.046 | N22        |            |  4.459 | 0.134 |   1.231 | 
     | U53          |              | INV_X2    | 0.046 | N22        |       SPEF |  4.459 | 0.000 |   1.231 | 
     | U53          | A ^ -> ZN v  | INV_X2    | 0.023 | n32        |            | 15.754 | 0.052 |   1.283 | 
     | U56          |              | NAND2_X1  | 0.023 | n32        |       SPEF | 15.754 | 0.000 |   1.283 | 
     | U56          | A2 v -> ZN ^ | NAND2_X1  | 0.141 | n28        |            | 15.704 | 0.170 |   1.453 | 
     | U36          |              | OAI222_X1 | 0.141 | n28        |       SPEF | 15.704 | 0.000 |   1.453 | 
     | U36          | A1 ^ -> ZN v | OAI222_X1 | 0.067 | min[3]     |            |  4.546 | 0.145 |   1.598 | 
     | add_66/U82   |              | NOR2_X1   | 0.067 | min[3]     |       SPEF |  4.546 | 0.000 |   1.598 | 
     | add_66/U82   | A2 v -> ZN ^ | NOR2_X1   | 0.126 | add_66/n36 |            |  5.699 | 0.202 |   1.800 | 
     | add_66/U77   |              | OAI21_X1  | 0.126 | add_66/n36 |       SPEF |  5.699 | 0.000 |   1.800 | 
     | add_66/U77   | B1 ^ -> ZN v | OAI21_X1  | 0.044 | add_66/n35 |            |  3.051 | 0.081 |   1.881 | 
     | add_66/U89   |              | AOI21_X2  | 0.044 | add_66/n35 |       SPEF |  3.051 | 0.000 |   1.881 | 
     | add_66/U89   | A v -> ZN ^  | AOI21_X2  | 0.140 | add_66/n1  |            | 10.395 | 0.221 |   2.101 | 
     | add_66/U109  |              | OAI21_X1  | 0.140 | add_66/n1  |       SPEF | 10.395 | 0.000 |   2.101 | 
     | add_66/U109  | B1 ^ -> ZN v | OAI21_X1  | 0.041 | sum[8]     |            |  1.437 | 0.066 |   2.168 | 
     | gray_reg[7]  |              | DFFR_X1   | 0.041 | sum[8]     |       SPEF |  1.437 | 0.000 |   2.168 | 
     +------------------------------------------------------------------------------------------------------+ 
Path 8: MET Setup Check with Pin gray_reg[0]/CK 
Endpoint:   gray_reg[0]/D  (v) checked with  leading edge of 'CLK'
Beginpoint: g_int_reg[6]/Q (^) triggered by  leading edge of 'CLK'
Path Groups: {CLK}
Analysis View: rgb_av
Other End Arrival Time          0.000
- Setup                         0.166
+ Phase Shift                   2.500
= Required Time                 2.334
- Arrival Time                  2.093
= Slack Time                    0.241
     Clock Rise Edge                 0.000
     + Clock Network Latency (Ideal) 0.000
     = Beginpoint Arrival Time       0.000
     +------------------------------------------------------------------------------------------------------+ 
     |   Instance   |     Arc      |   Cell    |  Slew |    Net     |    Arc     |  Load  | Delay | Arrival | 
     |              |              |           |       |            | Annotation |        |       |  Time   | 
     |--------------+--------------+-----------+-------+------------+------------+--------+-------+---------| 
     | g_int_reg[6] | CK ^         |           | 0.000 | clk        |            | 42.993 |       |   0.000 | 
     | g_int_reg[6] | CK ^ -> Q ^  | DFFR_X1   | 0.154 | g_int[6]   |            | 18.295 | 0.469 |   0.469 | 
     | U33          |              | INV_X1    | 0.154 | g_int[6]   |       SPEF | 18.295 | 0.001 |   0.470 | 
     | U33          | A ^ -> ZN v  | INV_X1    | 0.043 | n60        |            |  5.049 | 0.072 |   0.542 | 
     | U46          |              | NAND2_X1  | 0.043 | n60        |       SPEF |  5.049 | 0.000 |   0.542 | 
     | U46          | A2 v -> ZN ^ | NAND2_X1  | 0.082 | n110       |            |  7.960 | 0.119 |   0.661 | 
     | U78          |              | OAI21_X1  | 0.082 | n110       |       SPEF |  7.960 | 0.000 |   0.662 | 
     | U78          | A ^ -> ZN v  | OAI21_X1  | 0.054 | n114       |            |  5.042 | 0.090 |   0.752 | 
     | U103         |              | OAI33_X1  | 0.054 | n114       |       SPEF |  5.042 | 0.000 |   0.752 | 
     | U103         | B2 v -> ZN ^ | OAI33_X1  | 0.234 | n117       |            |  2.460 | 0.338 |   1.089 | 
     | U104         |              | NOR2_X1   | 0.234 | n117       |       SPEF |  2.460 | 0.000 |   1.090 | 
     | U104         | A1 ^ -> ZN v | NOR2_X1   | 0.051 | N20        |            |  2.250 | 0.056 |   1.146 | 
     | C200         |              | AND2_X1   | 0.051 | N20        |       SPEF |  2.250 | 0.000 |   1.146 | 
     | C200         | A1 v -> ZN v | AND2_X1   | 0.024 | N22        |            |  3.992 | 0.124 |   1.270 | 
     | U54          |              | OR2_X1    | 0.024 | N22        |       SPEF |  3.992 | 0.000 |   1.270 | 
     | U54          | A1 v -> ZN v | OR2_X1    | 0.060 | n30        |            | 14.686 | 0.232 |   1.503 | 
     | U39          |              | OAI222_X1 | 0.060 | n30        |       SPEF | 14.686 | 0.000 |   1.503 | 
     | U39          | B1 v -> ZN ^ | OAI222_X1 | 0.224 | min[1]     |            |  5.070 | 0.237 |   1.740 | 
     | add_66/U66   |              | NOR2_X1   | 0.224 | min[1]     |       SPEF |  5.070 | 0.000 |   1.740 | 
     | add_66/U66   | A1 ^ -> ZN v | NOR2_X1   | 0.054 | add_66/n43 |            |  3.700 | 0.073 |   1.813 | 
     | add_66/U115  |              | INV_X1    | 0.054 | add_66/n43 |       SPEF |  3.700 | 0.000 |   1.813 | 
     | add_66/U115  | A v -> ZN ^  | INV_X1    | 0.027 | add_66/n52 |            |  1.699 | 0.059 |   1.872 | 
     | add_66/U64   |              | NAND2_X1  | 0.027 | add_66/n52 |       SPEF |  1.699 | 0.000 |   1.872 | 
     | add_66/U64   | A1 ^ -> ZN v | NAND2_X1  | 0.019 | add_66/n8  |            |  2.316 | 0.038 |   1.911 | 
     | add_66/U86   |              | XOR2_X1   | 0.019 | add_66/n8  |       SPEF |  2.316 | 0.000 |   1.911 | 
     | add_66/U86   | A v -> Z v   | XOR2_X1   | 0.035 | sum[1]     |            |  2.396 | 0.182 |   2.093 | 
     | gray_reg[0]  |              | DFFR_X1   | 0.035 | sum[1]     |       SPEF |  2.396 | 0.000 |   2.093 | 
     +------------------------------------------------------------------------------------------------------+ 
Path 9: MET Setup Check with Pin g_int_reg[3]/CK 
Endpoint:   g_int_reg[3]/D (v) checked with  leading edge of 'CLK'
Beginpoint: g[3]           (v) triggered by  leading edge of 'CLK'
Path Groups: {CLK}
Analysis View: rgb_av
Other End Arrival Time          0.000
- Setup                         0.583
+ Phase Shift                   2.500
= Required Time                 1.917
- Arrival Time                  0.800
= Slack Time                    1.116
     Clock Rise Edge                      0.000
     + Input Delay                        0.800
     = Beginpoint Arrival Time            0.800
     +---------------------------------------------------------------------------------------+ 
     |   Instance   |  Arc   |  Cell   |  Slew |  Net |    Arc     |  Load | Delay | Arrival | 
     |              |        |         |       |      | Annotation |       |       |  Time   | 
     |--------------+--------+---------+-------+------+------------+-------+-------+---------| 
     |              | g[3] v |         | 1.000 | g[3] |       SPEF | 2.927 |       |   0.800 | 
     | g_int_reg[3] |        | DFFR_X1 | 1.000 | g[3] |       SPEF | 2.927 | 0.000 |   0.800 | 
     +---------------------------------------------------------------------------------------+ 
Path 10: MET Setup Check with Pin r_int_reg[5]/CK 
Endpoint:   r_int_reg[5]/D (v) checked with  leading edge of 'CLK'
Beginpoint: r[5]           (v) triggered by  leading edge of 'CLK'
Path Groups: {CLK}
Analysis View: rgb_av
Other End Arrival Time          0.000
- Setup                         0.583
+ Phase Shift                   2.500
= Required Time                 1.917
- Arrival Time                  0.800
= Slack Time                    1.116
     Clock Rise Edge                      0.000
     + Input Delay                        0.800
     = Beginpoint Arrival Time            0.800
     +---------------------------------------------------------------------------------------+ 
     |   Instance   |  Arc   |  Cell   |  Slew |  Net |    Arc     |  Load | Delay | Arrival | 
     |              |        |         |       |      | Annotation |       |       |  Time   | 
     |--------------+--------+---------+-------+------+------------+-------+-------+---------| 
     |              | r[5] v |         | 1.000 | r[5] |       SPEF | 3.769 |       |   0.800 | 
     | r_int_reg[5] |        | DFFR_X1 | 1.000 | r[5] |       SPEF | 3.769 | 0.000 |   0.800 | 
     +---------------------------------------------------------------------------------------+ 

