###############################################################
#  Generated by:      Cadence Innovus 18.10-p002_1
#  OS:                Linux x86_64(Host ID ensc-esil-t1.engineering.sfu.ca)
#  Generated on:      Sat Mar 23 14:10:24 2019
#  Design:            rgb2gray
#  Command:           report_timing -net -format {instance arc cell slew net annotation load delay arrival} -max_paths 10 >  results/timing/07-postCtsOpt_hold.rpt
###############################################################
Path 1: MET Hold Check with Pin gray_reg[0]/CK 
Endpoint:   gray_reg[0]/D   (v) checked with  leading edge of 'CLK'
Beginpoint: g_int_reg[0]/QN (^) triggered by  leading edge of 'CLK'
Path Groups: {CLK}
Analysis View: rgb_av
Other End Arrival Time          0.000
+ Hold                          0.006
+ Phase Shift                   0.000
= Required Time                 0.006
  Arrival Time                  0.426
  Slack Time                    0.420
     Clock Rise Edge                 0.000
     + Clock Network Latency (Ideal) 0.000
     = Beginpoint Arrival Time       0.000
     +------------------------------------------------------------------------------------------------------+ 
     |   Instance   |     Arc      |   Cell    |  Slew |    Net     |    Arc     |  Load  | Delay | Arrival | 
     |              |              |           |       |            | Annotation |        |       |  Time   | 
     |--------------+--------------+-----------+-------+------------+------------+--------+-------+---------| 
     | g_int_reg[0] | CK ^         |           | 0.000 | clk        |            | 43.680 |       |   0.000 | 
     | g_int_reg[0] | CK ^ -> QN ^ | DFFR_X1   | 0.050 | n52        |            |  4.161 | 0.221 |   0.221 | 
     | U15          |              | OAI222_X1 | 0.050 | n52        |       SPEF |  4.161 | 0.000 |   0.221 | 
     | U15          | A2 ^ -> ZN v | OAI222_X1 | 0.026 | min[0]     |            |  2.332 | 0.058 |   0.279 | 
     | add_66/U87   |              | NAND2_X1  | 0.026 | min[0]     |       SPEF |  2.332 | 0.000 |   0.279 | 
     | add_66/U87   | A1 v -> ZN ^ | NAND2_X1  | 0.062 | add_66/n45 |            |  5.966 | 0.087 |   0.366 | 
     | add_66/U86   |              | XOR2_X1   | 0.062 | add_66/n45 |       SPEF |  5.966 | 0.000 |   0.366 | 
     | add_66/U86   | B ^ -> Z v   | XOR2_X1   | 0.022 | sum[1]     |            |  2.644 | 0.060 |   0.426 | 
     | gray_reg[0]  |              | DFFR_X1   | 0.022 | sum[1]     |       SPEF |  2.644 | 0.000 |   0.426 | 
     +------------------------------------------------------------------------------------------------------+ 
Path 2: MET Hold Check with Pin gray_reg[3]/CK 
Endpoint:   gray_reg[3]/D   (^) checked with  leading edge of 'CLK'
Beginpoint: g_int_reg[4]/QN (^) triggered by  leading edge of 'CLK'
Path Groups: {CLK}
Analysis View: rgb_av
Other End Arrival Time          0.000
+ Hold                          0.044
+ Phase Shift                   0.000
= Required Time                 0.044
  Arrival Time                  0.549
  Slack Time                    0.506
     Clock Rise Edge                 0.000
     + Clock Network Latency (Ideal) 0.000
     = Beginpoint Arrival Time       0.000
     +------------------------------------------------------------------------------------------------------+ 
     |   Instance   |     Arc      |   Cell    |  Slew |    Net     |    Arc     |  Load  | Delay | Arrival | 
     |              |              |           |       |            | Annotation |        |       |  Time   | 
     |--------------+--------------+-----------+-------+------------+------------+--------+-------+---------| 
     | g_int_reg[4] | CK ^         |           | 0.000 | clk        |            | 43.680 |       |   0.000 | 
     | g_int_reg[4] | CK ^ -> QN ^ | DFFR_X1   | 0.054 | n40        |            |  4.659 | 0.226 |   0.226 | 
     | U38          |              | OAI222_X1 | 0.054 | n40        |       SPEF |  4.659 | 0.000 |   0.226 | 
     | U38          | A2 ^ -> ZN v | OAI222_X1 | 0.035 | min[4]     |            |  4.537 | 0.071 |   0.297 | 
     | add_66/U93   |              | NAND2_X1  | 0.035 | min[4]     |       SPEF |  4.537 | 0.000 |   0.297 | 
     | add_66/U93   | A1 v -> ZN ^ | NAND2_X1  | 0.061 | add_66/n32 |            |  5.868 | 0.091 |   0.388 | 
     | add_66/U71   |              | NAND2_X1  | 0.061 | add_66/n32 |       SPEF |  5.868 | 0.000 |   0.388 | 
     | add_66/U71   | A2 ^ -> ZN v | NAND2_X1  | 0.019 | add_66/n5  |            |  2.614 | 0.056 |   0.444 | 
     | add_66/U110  |              | XOR2_X1   | 0.019 | add_66/n5  |       SPEF |  2.614 | 0.000 |   0.444 | 
     | add_66/U110  | B v -> Z ^   | XOR2_X1   | 0.063 | sum[4]     |            |  1.232 | 0.105 |   0.549 | 
     | gray_reg[3]  |              | DFFR_X1   | 0.063 | sum[4]     |       SPEF |  1.232 | 0.000 |   0.549 | 
     +------------------------------------------------------------------------------------------------------+ 
Path 3: MET Hold Check with Pin gray_reg[4]/CK 
Endpoint:   gray_reg[4]/D   (^) checked with  leading edge of 'CLK'
Beginpoint: g_int_reg[5]/QN (^) triggered by  leading edge of 'CLK'
Path Groups: {CLK}
Analysis View: rgb_av
Other End Arrival Time          0.000
+ Hold                          0.031
+ Phase Shift                   0.000
= Required Time                 0.031
  Arrival Time                  0.537
  Slack Time                    0.506
     Clock Rise Edge                 0.000
     + Clock Network Latency (Ideal) 0.000
     = Beginpoint Arrival Time       0.000
     +------------------------------------------------------------------------------------------------------+ 
     |   Instance   |     Arc      |   Cell    |  Slew |    Net     |    Arc     |  Load  | Delay | Arrival | 
     |              |              |           |       |            | Annotation |        |       |  Time   | 
     |--------------+--------------+-----------+-------+------------+------------+--------+-------+---------| 
     | g_int_reg[5] | CK ^         |           | 0.000 | clk        |            | 43.680 |       |   0.000 | 
     | g_int_reg[5] | CK ^ -> QN ^ | DFFR_X1   | 0.053 | n37        |            |  4.556 | 0.225 |   0.225 | 
     | U10          |              | OAI222_X1 | 0.053 | n37        |       SPEF |  4.556 | 0.000 |   0.225 | 
     | U10          | A2 ^ -> ZN v | OAI222_X1 | 0.033 | min[5]     |            |  3.926 | 0.068 |   0.293 | 
     | add_66/U107  |              | NAND2_X1  | 0.033 | min[5]     |       SPEF |  3.926 | 0.000 |   0.293 | 
     | add_66/U107  | A1 v -> ZN ^ | NAND2_X1  | 0.047 | add_66/n29 |            |  4.108 | 0.074 |   0.367 | 
     | add_66/U29   |              | NAND2_X1  | 0.047 | add_66/n29 |       SPEF |  4.108 | 0.000 |   0.367 | 
     | add_66/U29   | A2 ^ -> ZN v | NAND2_X1  | 0.020 | add_66/n4  |            |  2.775 | 0.052 |   0.419 | 
     | add_66/U95   |              | XNOR2_X1  | 0.020 | add_66/n4  |       SPEF |  2.775 | 0.000 |   0.419 | 
     | add_66/U95   | B v -> ZN ^  | XNOR2_X1  | 0.042 | sum[5]     |            |  1.786 | 0.118 |   0.537 | 
     | gray_reg[4]  |              | DFFR_X1   | 0.042 | sum[5]     |       SPEF |  1.786 | 0.000 |   0.537 | 
     +------------------------------------------------------------------------------------------------------+ 
Path 4: MET Hold Check with Pin gray_reg[6]/CK 
Endpoint:   gray_reg[6]/D   (^) checked with  leading edge of 'CLK'
Beginpoint: r_int_reg[7]/QN (^) triggered by  leading edge of 'CLK'
Path Groups: {CLK}
Analysis View: rgb_av
Other End Arrival Time          0.000
+ Hold                          0.031
+ Phase Shift                   0.000
= Required Time                 0.031
  Arrival Time                  0.537
  Slack Time                    0.507
     Clock Rise Edge                 0.000
     + Clock Network Latency (Ideal) 0.000
     = Beginpoint Arrival Time       0.000
     +------------------------------------------------------------------------------------------------------+ 
     |   Instance   |     Arc      |   Cell    |  Slew |    Net     |    Arc     |  Load  | Delay | Arrival | 
     |              |              |           |       |            | Annotation |        |       |  Time   | 
     |--------------+--------------+-----------+-------+------------+------------+--------+-------+---------| 
     | r_int_reg[7] | CK ^         |           | 0.000 | clk        |            | 43.680 |       |   0.000 | 
     | r_int_reg[7] | CK ^ -> QN ^ | DFFR_X1   | 0.046 | n33        |            |  3.620 | 0.217 |   0.217 | 
     | U3           |              | OAI222_X1 | 0.046 | n33        |       SPEF |  3.620 | 0.000 |   0.217 | 
     | U3           | C2 ^ -> ZN v | OAI222_X1 | 0.031 | min[7]     |            |  3.545 | 0.080 |   0.297 | 
     | add_66/U12   |              | NAND2_X1  | 0.031 | min[7]     |       SPEF |  3.545 | 0.000 |   0.297 | 
     | add_66/U12   | A1 v -> ZN ^ | NAND2_X1  | 0.044 | add_66/n15 |            |  3.750 | 0.071 |   0.368 | 
     | add_66/U9    |              | NAND2_X1  | 0.044 | add_66/n15 |       SPEF |  3.750 | 0.000 |   0.368 | 
     | add_66/U9    | A2 ^ -> ZN v | NAND2_X1  | 0.021 | add_66/n2  |            |  3.101 | 0.053 |   0.420 | 
     | add_66/U108  |              | XNOR2_X1  | 0.021 | add_66/n2  |       SPEF |  3.101 | 0.000 |   0.420 | 
     | add_66/U108  | B v -> ZN ^  | XNOR2_X1  | 0.042 | sum[7]     |            |  1.728 | 0.117 |   0.537 | 
     | gray_reg[6]  |              | DFFR_X1   | 0.042 | sum[7]     |       SPEF |  1.728 | 0.000 |   0.537 | 
     +------------------------------------------------------------------------------------------------------+ 
Path 5: MET Hold Check with Pin gray_reg[2]/CK 
Endpoint:   gray_reg[2]/D   (^) checked with  leading edge of 'CLK'
Beginpoint: g_int_reg[2]/QN (^) triggered by  leading edge of 'CLK'
Path Groups: {CLK}
Analysis View: rgb_av
Other End Arrival Time          0.000
+ Hold                          0.030
+ Phase Shift                   0.000
= Required Time                 0.030
  Arrival Time                  0.538
  Slack Time                    0.508
     Clock Rise Edge                 0.000
     + Clock Network Latency (Ideal) 0.000
     = Beginpoint Arrival Time       0.000
     +------------------------------------------------------------------------------------------------------+ 
     |   Instance   |     Arc      |   Cell    |  Slew |    Net     |    Arc     |  Load  | Delay | Arrival | 
     |              |              |           |       |            | Annotation |        |       |  Time   | 
     |--------------+--------------+-----------+-------+------------+------------+--------+-------+---------| 
     | g_int_reg[2] | CK ^         |           | 0.000 | clk        |            | 43.680 |       |   0.000 | 
     | g_int_reg[2] | CK ^ -> QN ^ | DFFR_X1   | 0.054 | n46        |            |  4.731 | 0.227 |   0.227 | 
     | U24          |              | OAI222_X1 | 0.054 | n46        |       SPEF |  4.731 | 0.000 |   0.227 | 
     | U24          | A2 ^ -> ZN v | OAI222_X1 | 0.033 | max[2]     |            |  4.551 | 0.072 |   0.298 | 
     | add_66/U100  |              | NAND2_X1  | 0.033 | max[2]     |       SPEF |  4.551 | 0.000 |   0.298 | 
     | add_66/U100  | A1 v -> ZN ^ | NAND2_X1  | 0.061 | add_66/n40 |            |  5.832 | 0.089 |   0.387 | 
     | add_66/U98   |              | OAI21_X1  | 0.061 | add_66/n40 |       SPEF |  5.832 | 0.000 |   0.387 | 
     | add_66/U98   | A ^ -> ZN v  | OAI21_X1  | 0.019 | add_66/n38 |            |  2.337 | 0.057 |   0.444 | 
     | add_66/U75   |              | XNOR2_X1  | 0.019 | add_66/n38 |       SPEF |  2.337 | 0.000 |   0.444 | 
     | add_66/U75   | A v -> ZN ^  | XNOR2_X1  | 0.040 | sum[3]     |            |  1.520 | 0.094 |   0.538 | 
     | gray_reg[2]  |              | DFFR_X1   | 0.040 | sum[3]     |       SPEF |  1.520 | 0.000 |   0.538 | 
     +------------------------------------------------------------------------------------------------------+ 
Path 6: MET Hold Check with Pin gray_reg[1]/CK 
Endpoint:   gray_reg[1]/D   (^) checked with  leading edge of 'CLK'
Beginpoint: g_int_reg[2]/QN (^) triggered by  leading edge of 'CLK'
Path Groups: {CLK}
Analysis View: rgb_av
Other End Arrival Time          0.000
+ Hold                          0.051
+ Phase Shift                   0.000
= Required Time                 0.051
  Arrival Time                  0.562
  Slack Time                    0.512
     Clock Rise Edge                 0.000
     + Clock Network Latency (Ideal) 0.000
     = Beginpoint Arrival Time       0.000
     +------------------------------------------------------------------------------------------------------+ 
     |   Instance   |     Arc      |   Cell    |  Slew |    Net     |    Arc     |  Load  | Delay | Arrival | 
     |              |              |           |       |            | Annotation |        |       |  Time   | 
     |--------------+--------------+-----------+-------+------------+------------+--------+-------+---------| 
     | g_int_reg[2] | CK ^         |           | 0.000 | clk        |            | 43.680 |       |   0.000 | 
     | g_int_reg[2] | CK ^ -> QN ^ | DFFR_X1   | 0.054 | n46        |            |  4.731 | 0.227 |   0.227 | 
     | U24          |              | OAI222_X1 | 0.054 | n46        |       SPEF |  4.731 | 0.000 |   0.227 | 
     | U24          | A2 ^ -> ZN v | OAI222_X1 | 0.033 | max[2]     |            |  4.551 | 0.072 |   0.298 | 
     | add_66/U100  |              | NAND2_X1  | 0.033 | max[2]     |       SPEF |  4.551 | 0.000 |   0.298 | 
     | add_66/U100  | A1 v -> ZN ^ | NAND2_X1  | 0.061 | add_66/n40 |            |  5.832 | 0.089 |   0.387 | 
     | add_66/U76   |              | NAND2_X1  | 0.061 | add_66/n40 |       SPEF |  5.832 | 0.000 |   0.387 | 
     | add_66/U76   | A2 ^ -> ZN v | NAND2_X1  | 0.019 | add_66/n7  |            |  2.649 | 0.057 |   0.444 | 
     | add_66/U79   |              | XOR2_X1   | 0.019 | add_66/n7  |       SPEF |  2.649 | 0.000 |   0.444 | 
     | add_66/U79   | B v -> Z ^   | XOR2_X1   | 0.075 | sum[2]     |            |  1.935 | 0.119 |   0.562 | 
     | gray_reg[1]  |              | DFFR_X1   | 0.075 | sum[2]     |       SPEF |  1.935 | 0.000 |   0.562 | 
     +------------------------------------------------------------------------------------------------------+ 
Path 7: MET Hold Check with Pin gray_reg[5]/CK 
Endpoint:   gray_reg[5]/D   (^) checked with  leading edge of 'CLK'
Beginpoint: g_int_reg[6]/QN (^) triggered by  leading edge of 'CLK'
Path Groups: {CLK}
Analysis View: rgb_av
Other End Arrival Time          0.000
+ Hold                          0.029
+ Phase Shift                   0.000
= Required Time                 0.029
  Arrival Time                  0.554
  Slack Time                    0.525
     Clock Rise Edge                 0.000
     + Clock Network Latency (Ideal) 0.000
     = Beginpoint Arrival Time       0.000
     +------------------------------------------------------------------------------------------------------+ 
     |   Instance   |     Arc      |   Cell    |  Slew |    Net     |    Arc     |  Load  | Delay | Arrival | 
     |              |              |           |       |            | Annotation |        |       |  Time   | 
     |--------------+--------------+-----------+-------+------------+------------+--------+-------+---------| 
     | g_int_reg[6] | CK ^         |           | 0.000 | clk        |            | 43.680 |       |   0.000 | 
     | g_int_reg[6] | CK ^ -> QN ^ | DFFR_X1   | 0.054 | n34        |            |  4.674 | 0.226 |   0.226 | 
     | U9           |              | OAI222_X1 | 0.054 | n34        |       SPEF |  4.674 | 0.000 |   0.226 | 
     | U9           | A2 ^ -> ZN v | OAI222_X1 | 0.036 | min[6]     |            |  4.639 | 0.072 |   0.298 | 
     | add_66/U69   |              | NAND2_X1  | 0.036 | min[6]     |       SPEF |  4.639 | 0.000 |   0.298 | 
     | add_66/U69   | A1 v -> ZN ^ | NAND2_X1  | 0.059 | add_66/n22 |            |  5.559 | 0.088 |   0.386 | 
     | add_66/U19   |              | NAND2_X1  | 0.059 | add_66/n22 |       SPEF |  5.559 | 0.000 |   0.386 | 
     | add_66/U19   | A2 ^ -> ZN v | NAND2_X1  | 0.021 | add_66/n3  |            |  2.593 | 0.056 |   0.442 | 
     | add_66/U97   |              | XNOR2_X1  | 0.021 | add_66/n3  |       SPEF |  2.593 | 0.000 |   0.442 | 
     | add_66/U97   | B v -> ZN ^  | XNOR2_X1  | 0.040 | sum[6]     |            |  1.440 | 0.112 |   0.554 | 
     | gray_reg[5]  |              | DFFR_X1   | 0.040 | sum[6]     |       SPEF |  1.440 | 0.000 |   0.554 | 
     +------------------------------------------------------------------------------------------------------+ 
Path 8: MET Hold Check with Pin gray_reg[7]/CK 
Endpoint:   gray_reg[7]/D   (v) checked with  leading edge of 'CLK'
Beginpoint: r_int_reg[7]/QN (^) triggered by  leading edge of 'CLK'
Path Groups: {CLK}
Analysis View: rgb_av
Other End Arrival Time          0.000
+ Hold                          0.006
+ Phase Shift                   0.000
= Required Time                 0.006
  Arrival Time                  0.587
  Slack Time                    0.582
     Clock Rise Edge                 0.000
     + Clock Network Latency (Ideal) 0.000
     = Beginpoint Arrival Time       0.000
     +------------------------------------------------------------------------------------------------------+ 
     |   Instance   |     Arc      |   Cell    |  Slew |    Net     |    Arc     |  Load  | Delay | Arrival | 
     |              |              |           |       |            | Annotation |        |       |  Time   | 
     |--------------+--------------+-----------+-------+------------+------------+--------+-------+---------| 
     | r_int_reg[7] | CK ^         |           | 0.000 | clk        |            | 43.680 |       |   0.000 | 
     | r_int_reg[7] | CK ^ -> QN ^ | DFFR_X1   | 0.046 | n33        |            |  3.620 | 0.217 |   0.217 | 
     | U3           |              | OAI222_X1 | 0.046 | n33        |       SPEF |  3.620 | 0.000 |   0.217 | 
     | U3           | C2 ^ -> ZN v | OAI222_X1 | 0.031 | min[7]     |            |  3.545 | 0.080 |   0.297 | 
     | add_66/U12   |              | NAND2_X1  | 0.031 | min[7]     |       SPEF |  3.545 | 0.000 |   0.297 | 
     | add_66/U12   | A1 v -> ZN ^ | NAND2_X1  | 0.044 | add_66/n15 |            |  3.750 | 0.071 |   0.368 | 
     | add_66/U8    |              | OAI21_X1  | 0.044 | add_66/n15 |       SPEF |  3.750 | 0.000 |   0.368 | 
     | add_66/U8    | A ^ -> ZN v  | OAI21_X1  | 0.015 | add_66/n13 |            |  1.824 | 0.048 |   0.415 | 
     | add_66/U104  |              | AOI21_X1  | 0.015 | add_66/n13 |       SPEF |  1.824 | 0.000 |   0.415 | 
     | add_66/U104  | A v -> ZN ^  | AOI21_X1  | 0.068 | add_66/n11 |            |  2.416 | 0.117 |   0.532 | 
     | add_66/U109  |              | OAI21_X1  | 0.068 | add_66/n11 |       SPEF |  2.416 | 0.000 |   0.532 | 
     | add_66/U109  | A ^ -> ZN v  | OAI21_X1  | 0.018 | sum[8]     |            |  1.486 | 0.055 |   0.587 | 
     | gray_reg[7]  |              | DFFR_X1   | 0.018 | sum[8]     |       SPEF |  1.486 | 0.000 |   0.587 | 
     +------------------------------------------------------------------------------------------------------+ 

