###############################################################
#  Generated by:      Cadence Innovus 18.10-p002_1
#  OS:                Linux x86_64(Host ID ensc-esil-t1.engineering.sfu.ca)
#  Generated on:      Sat Mar 23 14:10:27 2019
#  Design:            rgb2gray
#  Command:           report_timing -net -format {instance arc cell slew net annotation load delay arrival} -max_paths 10 >  results/timing/07-postCtsOpt_setup.rpt
###############################################################
Path 1: VIOLATED Setup Check with Pin gray_reg[5]/CK 
Endpoint:   gray_reg[5]/D  (v) checked with  leading edge of 'CLK'
Beginpoint: r_int_reg[2]/Q (^) triggered by  leading edge of 'CLK'
Path Groups: {CLK}
Analysis View: rgb_av
Other End Arrival Time          0.000
- Setup                         0.164
+ Phase Shift                   2.500
= Required Time                 2.336
- Arrival Time                  2.392
= Slack Time                   -0.056
     Clock Rise Edge                 0.000
     + Clock Network Latency (Ideal) 0.000
     = Beginpoint Arrival Time       0.000
     +------------------------------------------------------------------------------------------------------+ 
     |   Instance   |     Arc      |   Cell    |  Slew |    Net     |    Arc     |  Load  | Delay | Arrival | 
     |              |              |           |       |            | Annotation |        |       |  Time   | 
     |--------------+--------------+-----------+-------+------------+------------+--------+-------+---------| 
     | r_int_reg[2] | CK ^         |           | 0.000 | clk        |            | 43.680 |       |   0.000 | 
     | r_int_reg[2] | CK ^ -> Q ^  | DFFR_X1   | 0.105 | r_int[2]   |            | 11.567 | 0.420 |   0.420 | 
     | U165         |              | INV_X1    | 0.105 | r_int[2]   |       SPEF | 11.567 | 0.000 |   0.420 | 
     | U165         | A ^ -> ZN v  | INV_X1    | 0.027 | n183       |            |  2.570 | 0.045 |   0.465 | 
     | U191         |              | OR2_X1    | 0.027 | n183       |       SPEF |  2.570 | 0.000 |   0.465 | 
     | U191         | A1 v -> ZN v | OR2_X1    | 0.035 | n195       |            |  3.325 | 0.181 |   0.646 | 
     | U199         |              | OAI21_X1  | 0.035 | n195       |       SPEF |  3.325 | 0.000 |   0.647 | 
     | U199         | A v -> ZN ^  | OAI21_X1  | 0.075 | n201       |            |  1.938 | 0.076 |   0.723 | 
     | U201         |              | OAI211_X1 | 0.075 | n201       |       SPEF |  1.938 | 0.000 |   0.723 | 
     | U201         | C1 ^ -> ZN v | OAI211_X1 | 0.047 | n205       |            |  2.282 | 0.076 |   0.799 | 
     | U203         |              | NAND4_X1  | 0.047 | n205       |       SPEF |  2.282 | 0.000 |   0.799 | 
     | U203         | A2 v -> ZN ^ | NAND4_X1  | 0.054 | n208       |            |  2.283 | 0.086 |   0.885 | 
     | U204         |              | OAI211_X1 | 0.054 | n208       |       SPEF |  2.283 | 0.000 |   0.885 | 
     | U204         | A ^ -> ZN v  | OAI211_X1 | 0.060 | n217       |            |  1.678 | 0.082 |   0.968 | 
     | U207         |              | NOR2_X1   | 0.060 | n217       |       SPEF |  1.678 | 0.000 |   0.968 | 
     | U207         | A2 v -> ZN ^ | NOR2_X1   | 0.098 | N24        |            |  3.934 | 0.168 |   1.135 | 
     | C203         |              | AND2_X1   | 0.098 | N24        |       SPEF |  3.934 | 0.000 |   1.136 | 
     | C203         | A1 ^ -> ZN ^ | AND2_X1   | 0.050 | N26        |            |  4.718 | 0.150 |   1.286 | 
     | U54          |              | OR2_X1    | 0.050 | N26        |       SPEF |  4.718 | 0.000 |   1.286 | 
     | U54          | A2 ^ -> ZN ^ | OR2_X1    | 0.150 | n30        |            | 17.254 | 0.217 |   1.503 | 
     | U36          |              | OAI222_X1 | 0.150 | n30        |       SPEF | 17.254 | 0.001 |   1.504 | 
     | U36          | B1 ^ -> ZN v | OAI222_X1 | 0.056 | min[3]     |            |  3.238 | 0.148 |   1.652 | 
     | add_66/U82   |              | NOR2_X1   | 0.056 | min[3]     |       SPEF |  3.238 | 0.000 |   1.652 | 
     | add_66/U82   | A2 v -> ZN ^ | NOR2_X1   | 0.137 | add_66/n36 |            |  6.113 | 0.209 |   1.861 | 
     | add_66/U77   |              | OAI21_X1  | 0.137 | add_66/n36 |       SPEF |  6.113 | 0.000 |   1.861 | 
     | add_66/U77   | B1 ^ -> ZN v | OAI21_X1  | 0.046 | add_66/n35 |            |  3.084 | 0.083 |   1.944 | 
     | add_66/U89   |              | AOI21_X2  | 0.046 | add_66/n35 |       SPEF |  3.084 | 0.000 |   1.944 | 
     | add_66/U89   | A v -> ZN ^  | AOI21_X2  | 0.150 | add_66/n1  |            | 11.100 | 0.233 |   2.177 | 
     | add_66/U112  |              | OAI21_X1  | 0.150 | add_66/n1  |       SPEF | 11.100 | 0.000 |   2.177 | 
     | add_66/U112  | B1 ^ -> ZN v | OAI21_X1  | 0.048 | add_66/n23 |            |  2.826 | 0.082 |   2.260 | 
     | add_66/U97   |              | XNOR2_X1  | 0.048 | add_66/n23 |       SPEF |  2.826 | 0.000 |   2.260 | 
     | add_66/U97   | A v -> ZN v  | XNOR2_X1  | 0.030 | sum[6]     |            |  1.365 | 0.132 |   2.392 | 
     | gray_reg[5]  |              | DFFR_X1   | 0.030 | sum[6]     |       SPEF |  1.365 | 0.000 |   2.392 | 
     +------------------------------------------------------------------------------------------------------+ 
Path 2: VIOLATED Setup Check with Pin gray_reg[4]/CK 
Endpoint:   gray_reg[4]/D  (v) checked with  leading edge of 'CLK'
Beginpoint: r_int_reg[2]/Q (^) triggered by  leading edge of 'CLK'
Path Groups: {CLK}
Analysis View: rgb_av
Other End Arrival Time          0.000
- Setup                         0.163
+ Phase Shift                   2.500
= Required Time                 2.337
- Arrival Time                  2.388
= Slack Time                   -0.051
     Clock Rise Edge                 0.000
     + Clock Network Latency (Ideal) 0.000
     = Beginpoint Arrival Time       0.000
     +------------------------------------------------------------------------------------------------------+ 
     |   Instance   |     Arc      |   Cell    |  Slew |    Net     |    Arc     |  Load  | Delay | Arrival | 
     |              |              |           |       |            | Annotation |        |       |  Time   | 
     |--------------+--------------+-----------+-------+------------+------------+--------+-------+---------| 
     | r_int_reg[2] | CK ^         |           | 0.000 | clk        |            | 43.680 |       |   0.000 | 
     | r_int_reg[2] | CK ^ -> Q ^  | DFFR_X1   | 0.105 | r_int[2]   |            | 11.567 | 0.420 |   0.420 | 
     | U165         |              | INV_X1    | 0.105 | r_int[2]   |       SPEF | 11.567 | 0.000 |   0.420 | 
     | U165         | A ^ -> ZN v  | INV_X1    | 0.027 | n183       |            |  2.570 | 0.045 |   0.465 | 
     | U191         |              | OR2_X1    | 0.027 | n183       |       SPEF |  2.570 | 0.000 |   0.465 | 
     | U191         | A1 v -> ZN v | OR2_X1    | 0.035 | n195       |            |  3.325 | 0.181 |   0.646 | 
     | U199         |              | OAI21_X1  | 0.035 | n195       |       SPEF |  3.325 | 0.000 |   0.647 | 
     | U199         | A v -> ZN ^  | OAI21_X1  | 0.075 | n201       |            |  1.938 | 0.076 |   0.723 | 
     | U201         |              | OAI211_X1 | 0.075 | n201       |       SPEF |  1.938 | 0.000 |   0.723 | 
     | U201         | C1 ^ -> ZN v | OAI211_X1 | 0.047 | n205       |            |  2.282 | 0.076 |   0.799 | 
     | U203         |              | NAND4_X1  | 0.047 | n205       |       SPEF |  2.282 | 0.000 |   0.799 | 
     | U203         | A2 v -> ZN ^ | NAND4_X1  | 0.054 | n208       |            |  2.283 | 0.086 |   0.885 | 
     | U204         |              | OAI211_X1 | 0.054 | n208       |       SPEF |  2.283 | 0.000 |   0.885 | 
     | U204         | A ^ -> ZN v  | OAI211_X1 | 0.060 | n217       |            |  1.678 | 0.082 |   0.968 | 
     | U207         |              | NOR2_X1   | 0.060 | n217       |       SPEF |  1.678 | 0.000 |   0.968 | 
     | U207         | A2 v -> ZN ^ | NOR2_X1   | 0.098 | N24        |            |  3.934 | 0.168 |   1.135 | 
     | C203         |              | AND2_X1   | 0.098 | N24        |       SPEF |  3.934 | 0.000 |   1.136 | 
     | C203         | A1 ^ -> ZN ^ | AND2_X1   | 0.050 | N26        |            |  4.718 | 0.150 |   1.286 | 
     | U54          |              | OR2_X1    | 0.050 | N26        |       SPEF |  4.718 | 0.000 |   1.286 | 
     | U54          | A2 ^ -> ZN ^ | OR2_X1    | 0.150 | n30        |            | 17.254 | 0.217 |   1.503 | 
     | U36          |              | OAI222_X1 | 0.150 | n30        |       SPEF | 17.254 | 0.001 |   1.504 | 
     | U36          | B1 ^ -> ZN v | OAI222_X1 | 0.056 | min[3]     |            |  3.238 | 0.148 |   1.652 | 
     | add_66/U82   |              | NOR2_X1   | 0.056 | min[3]     |       SPEF |  3.238 | 0.000 |   1.652 | 
     | add_66/U82   | A2 v -> ZN ^ | NOR2_X1   | 0.137 | add_66/n36 |            |  6.113 | 0.209 |   1.861 | 
     | add_66/U77   |              | OAI21_X1  | 0.137 | add_66/n36 |       SPEF |  6.113 | 0.000 |   1.861 | 
     | add_66/U77   | B1 ^ -> ZN v | OAI21_X1  | 0.046 | add_66/n35 |            |  3.084 | 0.083 |   1.944 | 
     | add_66/U89   |              | AOI21_X2  | 0.046 | add_66/n35 |       SPEF |  3.084 | 0.000 |   1.944 | 
     | add_66/U89   | A v -> ZN ^  | AOI21_X2  | 0.150 | add_66/n1  |            | 11.100 | 0.233 |   2.177 | 
     | add_66/U113  |              | OAI21_X1  | 0.150 | add_66/n1  |       SPEF | 11.100 | 0.000 |   2.177 | 
     | add_66/U113  | B1 ^ -> ZN v | OAI21_X1  | 0.046 | add_66/n30 |            |  2.346 | 0.077 |   2.255 | 
     | add_66/U95   |              | XNOR2_X1  | 0.046 | add_66/n30 |       SPEF |  2.346 | 0.000 |   2.255 | 
     | add_66/U95   | A v -> ZN v  | XNOR2_X1  | 0.030 | sum[5]     |            |  1.711 | 0.133 |   2.388 | 
     | gray_reg[4]  |              | DFFR_X1   | 0.030 | sum[5]     |       SPEF |  1.711 | 0.000 |   2.388 | 
     +------------------------------------------------------------------------------------------------------+ 
Path 3: VIOLATED Setup Check with Pin gray_reg[6]/CK 
Endpoint:   gray_reg[6]/D  (v) checked with  leading edge of 'CLK'
Beginpoint: r_int_reg[2]/Q (^) triggered by  leading edge of 'CLK'
Path Groups: {CLK}
Analysis View: rgb_av
Other End Arrival Time          0.000
- Setup                         0.163
+ Phase Shift                   2.500
= Required Time                 2.337
- Arrival Time                  2.387
= Slack Time                   -0.049
     Clock Rise Edge                 0.000
     + Clock Network Latency (Ideal) 0.000
     = Beginpoint Arrival Time       0.000
     +------------------------------------------------------------------------------------------------------+ 
     |   Instance   |     Arc      |   Cell    |  Slew |    Net     |    Arc     |  Load  | Delay | Arrival | 
     |              |              |           |       |            | Annotation |        |       |  Time   | 
     |--------------+--------------+-----------+-------+------------+------------+--------+-------+---------| 
     | r_int_reg[2] | CK ^         |           | 0.000 | clk        |            | 43.680 |       |   0.000 | 
     | r_int_reg[2] | CK ^ -> Q ^  | DFFR_X1   | 0.105 | r_int[2]   |            | 11.567 | 0.420 |   0.420 | 
     | U165         |              | INV_X1    | 0.105 | r_int[2]   |       SPEF | 11.567 | 0.000 |   0.420 | 
     | U165         | A ^ -> ZN v  | INV_X1    | 0.027 | n183       |            |  2.570 | 0.045 |   0.465 | 
     | U191         |              | OR2_X1    | 0.027 | n183       |       SPEF |  2.570 | 0.000 |   0.465 | 
     | U191         | A1 v -> ZN v | OR2_X1    | 0.035 | n195       |            |  3.325 | 0.181 |   0.646 | 
     | U199         |              | OAI21_X1  | 0.035 | n195       |       SPEF |  3.325 | 0.000 |   0.647 | 
     | U199         | A v -> ZN ^  | OAI21_X1  | 0.075 | n201       |            |  1.938 | 0.076 |   0.723 | 
     | U201         |              | OAI211_X1 | 0.075 | n201       |       SPEF |  1.938 | 0.000 |   0.723 | 
     | U201         | C1 ^ -> ZN v | OAI211_X1 | 0.047 | n205       |            |  2.282 | 0.076 |   0.799 | 
     | U203         |              | NAND4_X1  | 0.047 | n205       |       SPEF |  2.282 | 0.000 |   0.799 | 
     | U203         | A2 v -> ZN ^ | NAND4_X1  | 0.054 | n208       |            |  2.283 | 0.086 |   0.885 | 
     | U204         |              | OAI211_X1 | 0.054 | n208       |       SPEF |  2.283 | 0.000 |   0.885 | 
     | U204         | A ^ -> ZN v  | OAI211_X1 | 0.060 | n217       |            |  1.678 | 0.082 |   0.968 | 
     | U207         |              | NOR2_X1   | 0.060 | n217       |       SPEF |  1.678 | 0.000 |   0.968 | 
     | U207         | A2 v -> ZN ^ | NOR2_X1   | 0.098 | N24        |            |  3.934 | 0.168 |   1.135 | 
     | C203         |              | AND2_X1   | 0.098 | N24        |       SPEF |  3.934 | 0.000 |   1.136 | 
     | C203         | A1 ^ -> ZN ^ | AND2_X1   | 0.050 | N26        |            |  4.718 | 0.150 |   1.286 | 
     | U54          |              | OR2_X1    | 0.050 | N26        |       SPEF |  4.718 | 0.000 |   1.286 | 
     | U54          | A2 ^ -> ZN ^ | OR2_X1    | 0.150 | n30        |            | 17.254 | 0.217 |   1.503 | 
     | U36          |              | OAI222_X1 | 0.150 | n30        |       SPEF | 17.254 | 0.001 |   1.504 | 
     | U36          | B1 ^ -> ZN v | OAI222_X1 | 0.056 | min[3]     |            |  3.238 | 0.148 |   1.652 | 
     | add_66/U82   |              | NOR2_X1   | 0.056 | min[3]     |       SPEF |  3.238 | 0.000 |   1.652 | 
     | add_66/U82   | A2 v -> ZN ^ | NOR2_X1   | 0.137 | add_66/n36 |            |  6.113 | 0.209 |   1.861 | 
     | add_66/U77   |              | OAI21_X1  | 0.137 | add_66/n36 |       SPEF |  6.113 | 0.000 |   1.861 | 
     | add_66/U77   | B1 ^ -> ZN v | OAI21_X1  | 0.046 | add_66/n35 |            |  3.084 | 0.083 |   1.944 | 
     | add_66/U89   |              | AOI21_X2  | 0.046 | add_66/n35 |       SPEF |  3.084 | 0.000 |   1.944 | 
     | add_66/U89   | A v -> ZN ^  | AOI21_X2  | 0.150 | add_66/n1  |            | 11.100 | 0.233 |   2.177 | 
     | add_66/U111  |              | OAI21_X1  | 0.150 | add_66/n1  |       SPEF | 11.100 | 0.000 |   2.177 | 
     | add_66/U111  | B1 ^ -> ZN v | OAI21_X1  | 0.046 | add_66/n16 |            |  2.260 | 0.076 |   2.254 | 
     | add_66/U108  |              | XNOR2_X1  | 0.046 | add_66/n16 |       SPEF |  2.260 | 0.000 |   2.254 | 
     | add_66/U108  | A v -> ZN v  | XNOR2_X1  | 0.029 | sum[7]     |            |  1.653 | 0.133 |   2.386 | 
     | gray_reg[6]  |              | DFFR_X1   | 0.029 | sum[7]     |       SPEF |  1.653 | 0.000 |   2.387 | 
     +------------------------------------------------------------------------------------------------------+ 
Path 4: VIOLATED Setup Check with Pin gray_reg[3]/CK 
Endpoint:   gray_reg[3]/D  (v) checked with  leading edge of 'CLK'
Beginpoint: g_int_reg[6]/Q (^) triggered by  leading edge of 'CLK'
Path Groups: {CLK}
Analysis View: rgb_av
Other End Arrival Time          0.000
- Setup                         0.169
+ Phase Shift                   2.500
= Required Time                 2.331
- Arrival Time                  2.364
= Slack Time                   -0.033
     Clock Rise Edge                 0.000
     + Clock Network Latency (Ideal) 0.000
     = Beginpoint Arrival Time       0.000
     +------------------------------------------------------------------------------------------------------+ 
     |   Instance   |     Arc      |   Cell    |  Slew |    Net     |    Arc     |  Load  | Delay | Arrival | 
     |              |              |           |       |            | Annotation |        |       |  Time   | 
     |--------------+--------------+-----------+-------+------------+------------+--------+-------+---------| 
     | g_int_reg[6] | CK ^         |           | 0.000 | clk        |            | 43.680 |       |   0.000 | 
     | g_int_reg[6] | CK ^ -> Q ^  | DFFR_X1   | 0.164 | g_int[6]   |            | 18.962 | 0.479 |   0.479 | 
     | U33          |              | INV_X1    | 0.164 | g_int[6]   |       SPEF | 18.962 | 0.001 |   0.480 | 
     | U33          | A ^ -> ZN v  | INV_X1    | 0.046 | n60        |            |  5.624 | 0.076 |   0.556 | 
     | U46          |              | NAND2_X1  | 0.046 | n60        |       SPEF |  5.624 | 0.000 |   0.556 | 
     | U46          | A2 v -> ZN ^ | NAND2_X1  | 0.087 | n110       |            |  8.417 | 0.127 |   0.683 | 
     | U78          |              | OAI21_X1  | 0.087 | n110       |       SPEF |  8.417 | 0.000 |   0.683 | 
     | U78          | A ^ -> ZN v  | OAI21_X1  | 0.056 | n114       |            |  5.459 | 0.094 |   0.777 | 
     | U103         |              | OAI33_X1  | 0.056 | n114       |       SPEF |  5.459 | 0.000 |   0.777 | 
     | U103         | B2 v -> ZN ^ | OAI33_X1  | 0.247 | n117       |            |  2.739 | 0.352 |   1.128 | 
     | U104         |              | NOR2_X1   | 0.247 | n117       |       SPEF |  2.739 | 0.000 |   1.128 | 
     | U104         | A1 ^ -> ZN v | NOR2_X1   | 0.053 | N20        |            |  2.089 | 0.055 |   1.183 | 
     | C200         |              | AND2_X1   | 0.053 | N20        |       SPEF |  2.089 | 0.000 |   1.183 | 
     | C200         | A1 v -> ZN v | AND2_X1   | 0.023 | N22        |            |  4.078 | 0.125 |   1.308 | 
     | U54          |              | OR2_X1    | 0.023 | N22        |       SPEF |  4.078 | 0.000 |   1.308 | 
     | U54          | A1 v -> ZN v | OR2_X1    | 0.060 | n30        |            | 15.736 | 0.233 |   1.541 | 
     | U15          |              | OAI222_X1 | 0.060 | n30        |       SPEF | 15.736 | 0.001 |   1.542 | 
     | U15          | B1 v -> ZN ^ | OAI222_X1 | 0.178 | min[0]     |            |  2.447 | 0.189 |   1.731 | 
     | add_66/U87   |              | NAND2_X1  | 0.178 | min[0]     |       SPEF |  2.447 | 0.000 |   1.731 | 
     | add_66/U87   | A1 ^ -> ZN v | NAND2_X1  | 0.064 | add_66/n45 |            |  5.939 | 0.113 |   1.844 | 
     | add_66/U96   |              | OAI21_X1  | 0.064 | add_66/n45 |       SPEF |  5.939 | 0.000 |   1.845 | 
     | add_66/U96   | B2 v -> ZN ^ | OAI21_X1  | 0.151 | add_66/n42 |            |  6.251 | 0.228 |   2.073 | 
     | add_66/U89   |              | AOI21_X2  | 0.151 | add_66/n42 |       SPEF |  6.251 | 0.000 |   2.073 | 
     | add_66/U89   | B2 ^ -> ZN v | AOI21_X2  | 0.043 | add_66/n1  |            | 10.206 | 0.104 |   2.177 | 
     | add_66/U110  |              | XOR2_X1   | 0.043 | add_66/n1  |       SPEF | 10.206 | 0.000 |   2.178 | 
     | add_66/U110  | A v -> Z v   | XOR2_X1   | 0.041 | sum[4]     |            |  1.157 | 0.186 |   2.364 | 
     | gray_reg[3]  |              | DFFR_X1   | 0.041 | sum[4]     |       SPEF |  1.157 | 0.000 |   2.364 | 
     +------------------------------------------------------------------------------------------------------+ 
Path 5: MET Setup Check with Pin gray_reg[2]/CK 
Endpoint:   gray_reg[2]/D  (^) checked with  leading edge of 'CLK'
Beginpoint: g_int_reg[6]/Q (^) triggered by  leading edge of 'CLK'
Path Groups: {CLK}
Analysis View: rgb_av
Other End Arrival Time          0.000
- Setup                         0.098
+ Phase Shift                   2.500
= Required Time                 2.402
- Arrival Time                  2.394
= Slack Time                    0.008
     Clock Rise Edge                 0.000
     + Clock Network Latency (Ideal) 0.000
     = Beginpoint Arrival Time       0.000
     +------------------------------------------------------------------------------------------------------+ 
     |   Instance   |     Arc      |   Cell    |  Slew |    Net     |    Arc     |  Load  | Delay | Arrival | 
     |              |              |           |       |            | Annotation |        |       |  Time   | 
     |--------------+--------------+-----------+-------+------------+------------+--------+-------+---------| 
     | g_int_reg[6] | CK ^         |           | 0.000 | clk        |            | 43.680 |       |   0.000 | 
     | g_int_reg[6] | CK ^ -> Q ^  | DFFR_X1   | 0.164 | g_int[6]   |            | 18.962 | 0.479 |   0.479 | 
     | U33          |              | INV_X1    | 0.164 | g_int[6]   |       SPEF | 18.962 | 0.001 |   0.480 | 
     | U33          | A ^ -> ZN v  | INV_X1    | 0.046 | n60        |            |  5.624 | 0.076 |   0.556 | 
     | U46          |              | NAND2_X1  | 0.046 | n60        |       SPEF |  5.624 | 0.000 |   0.556 | 
     | U46          | A2 v -> ZN ^ | NAND2_X1  | 0.087 | n110       |            |  8.417 | 0.127 |   0.683 | 
     | U78          |              | OAI21_X1  | 0.087 | n110       |       SPEF |  8.417 | 0.000 |   0.683 | 
     | U78          | A ^ -> ZN v  | OAI21_X1  | 0.056 | n114       |            |  5.459 | 0.094 |   0.777 | 
     | U103         |              | OAI33_X1  | 0.056 | n114       |       SPEF |  5.459 | 0.000 |   0.777 | 
     | U103         | B2 v -> ZN ^ | OAI33_X1  | 0.247 | n117       |            |  2.739 | 0.352 |   1.128 | 
     | U104         |              | NOR2_X1   | 0.247 | n117       |       SPEF |  2.739 | 0.000 |   1.128 | 
     | U104         | A1 ^ -> ZN v | NOR2_X1   | 0.053 | N20        |            |  2.089 | 0.055 |   1.183 | 
     | C200         |              | AND2_X1   | 0.053 | N20        |       SPEF |  2.089 | 0.000 |   1.183 | 
     | C200         | A1 v -> ZN v | AND2_X1   | 0.023 | N22        |            |  4.078 | 0.125 |   1.308 | 
     | U54          |              | OR2_X1    | 0.023 | N22        |       SPEF |  4.078 | 0.000 |   1.308 | 
     | U54          | A1 v -> ZN v | OR2_X1    | 0.060 | n30        |            | 15.736 | 0.233 |   1.541 | 
     | U15          |              | OAI222_X1 | 0.060 | n30        |       SPEF | 15.736 | 0.001 |   1.542 | 
     | U15          | B1 v -> ZN ^ | OAI222_X1 | 0.178 | min[0]     |            |  2.447 | 0.189 |   1.731 | 
     | add_66/U87   |              | NAND2_X1  | 0.178 | min[0]     |       SPEF |  2.447 | 0.000 |   1.731 | 
     | add_66/U87   | A1 ^ -> ZN v | NAND2_X1  | 0.064 | add_66/n45 |            |  5.939 | 0.113 |   1.844 | 
     | add_66/U96   |              | OAI21_X1  | 0.064 | add_66/n45 |       SPEF |  5.939 | 0.000 |   1.845 | 
     | add_66/U96   | B2 v -> ZN ^ | OAI21_X1  | 0.151 | add_66/n42 |            |  6.251 | 0.228 |   2.073 | 
     | add_66/U78   |              | INV_X1    | 0.151 | add_66/n42 |       SPEF |  6.251 | 0.000 |   2.073 | 
     | add_66/U78   | A ^ -> ZN v  | INV_X1    | 0.040 | add_66/n41 |            |  4.048 | 0.063 |   2.136 | 
     | add_66/U98   |              | OAI21_X1  | 0.040 | add_66/n41 |       SPEF |  4.048 | 0.000 |   2.136 | 
     | add_66/U98   | B1 v -> ZN ^ | OAI21_X1  | 0.084 | add_66/n38 |            |  2.472 | 0.121 |   2.257 | 
     | add_66/U75   |              | XNOR2_X1  | 0.084 | add_66/n38 |       SPEF |  2.472 | 0.000 |   2.257 | 
     | add_66/U75   | A ^ -> ZN ^  | XNOR2_X1  | 0.068 | sum[3]     |            |  1.520 | 0.137 |   2.394 | 
     | gray_reg[2]  |              | DFFR_X1   | 0.068 | sum[3]     |       SPEF |  1.520 | 0.000 |   2.394 | 
     +------------------------------------------------------------------------------------------------------+ 
Path 6: MET Setup Check with Pin gray_reg[1]/CK 
Endpoint:   gray_reg[1]/D  (v) checked with  leading edge of 'CLK'
Beginpoint: g_int_reg[6]/Q (^) triggered by  leading edge of 'CLK'
Path Groups: {CLK}
Analysis View: rgb_av
Other End Arrival Time          0.000
- Setup                         0.165
+ Phase Shift                   2.500
= Required Time                 2.335
- Arrival Time                  2.324
= Slack Time                    0.011
     Clock Rise Edge                 0.000
     + Clock Network Latency (Ideal) 0.000
     = Beginpoint Arrival Time       0.000
     +------------------------------------------------------------------------------------------------------+ 
     |   Instance   |     Arc      |   Cell    |  Slew |    Net     |    Arc     |  Load  | Delay | Arrival | 
     |              |              |           |       |            | Annotation |        |       |  Time   | 
     |--------------+--------------+-----------+-------+------------+------------+--------+-------+---------| 
     | g_int_reg[6] | CK ^         |           | 0.000 | clk        |            | 43.680 |       |   0.000 | 
     | g_int_reg[6] | CK ^ -> Q ^  | DFFR_X1   | 0.164 | g_int[6]   |            | 18.962 | 0.479 |   0.479 | 
     | U33          |              | INV_X1    | 0.164 | g_int[6]   |       SPEF | 18.962 | 0.001 |   0.480 | 
     | U33          | A ^ -> ZN v  | INV_X1    | 0.046 | n60        |            |  5.624 | 0.076 |   0.556 | 
     | U46          |              | NAND2_X1  | 0.046 | n60        |       SPEF |  5.624 | 0.000 |   0.556 | 
     | U46          | A2 v -> ZN ^ | NAND2_X1  | 0.087 | n110       |            |  8.417 | 0.127 |   0.683 | 
     | U78          |              | OAI21_X1  | 0.087 | n110       |       SPEF |  8.417 | 0.000 |   0.683 | 
     | U78          | A ^ -> ZN v  | OAI21_X1  | 0.056 | n114       |            |  5.459 | 0.094 |   0.777 | 
     | U103         |              | OAI33_X1  | 0.056 | n114       |       SPEF |  5.459 | 0.000 |   0.777 | 
     | U103         | B2 v -> ZN ^ | OAI33_X1  | 0.247 | n117       |            |  2.739 | 0.352 |   1.128 | 
     | U104         |              | NOR2_X1   | 0.247 | n117       |       SPEF |  2.739 | 0.000 |   1.128 | 
     | U104         | A1 ^ -> ZN v | NOR2_X1   | 0.053 | N20        |            |  2.089 | 0.055 |   1.183 | 
     | C200         |              | AND2_X1   | 0.053 | N20        |       SPEF |  2.089 | 0.000 |   1.183 | 
     | C200         | A1 v -> ZN v | AND2_X1   | 0.023 | N22        |            |  4.078 | 0.125 |   1.308 | 
     | U54          |              | OR2_X1    | 0.023 | N22        |       SPEF |  4.078 | 0.000 |   1.308 | 
     | U54          | A1 v -> ZN v | OR2_X1    | 0.060 | n30        |            | 15.736 | 0.233 |   1.541 | 
     | U15          |              | OAI222_X1 | 0.060 | n30        |       SPEF | 15.736 | 0.001 |   1.542 | 
     | U15          | B1 v -> ZN ^ | OAI222_X1 | 0.178 | min[0]     |            |  2.447 | 0.189 |   1.731 | 
     | add_66/U87   |              | NAND2_X1  | 0.178 | min[0]     |       SPEF |  2.447 | 0.000 |   1.731 | 
     | add_66/U87   | A1 ^ -> ZN v | NAND2_X1  | 0.064 | add_66/n45 |            |  5.939 | 0.113 |   1.844 | 
     | add_66/U96   |              | OAI21_X1  | 0.064 | add_66/n45 |       SPEF |  5.939 | 0.000 |   1.845 | 
     | add_66/U96   | B2 v -> ZN ^ | OAI21_X1  | 0.151 | add_66/n42 |            |  6.251 | 0.228 |   2.073 | 
     | add_66/U78   |              | INV_X1    | 0.151 | add_66/n42 |       SPEF |  6.251 | 0.000 |   2.073 | 
     | add_66/U78   | A ^ -> ZN v  | INV_X1    | 0.040 | add_66/n41 |            |  4.048 | 0.063 |   2.136 | 
     | add_66/U79   |              | XOR2_X1   | 0.040 | add_66/n41 |       SPEF |  4.048 | 0.000 |   2.136 | 
     | add_66/U79   | A v -> Z v   | XOR2_X1   | 0.034 | sum[2]     |            |  1.861 | 0.188 |   2.324 | 
     | gray_reg[1]  |              | DFFR_X1   | 0.034 | sum[2]     |       SPEF |  1.861 | 0.000 |   2.324 | 
     +------------------------------------------------------------------------------------------------------+ 
Path 7: MET Setup Check with Pin gray_reg[7]/CK 
Endpoint:   gray_reg[7]/D  (v) checked with  leading edge of 'CLK'
Beginpoint: r_int_reg[2]/Q (^) triggered by  leading edge of 'CLK'
Path Groups: {CLK}
Analysis View: rgb_av
Other End Arrival Time          0.000
- Setup                         0.170
+ Phase Shift                   2.500
= Required Time                 2.330
- Arrival Time                  2.245
= Slack Time                    0.085
     Clock Rise Edge                 0.000
     + Clock Network Latency (Ideal) 0.000
     = Beginpoint Arrival Time       0.000
     +------------------------------------------------------------------------------------------------------+ 
     |   Instance   |     Arc      |   Cell    |  Slew |    Net     |    Arc     |  Load  | Delay | Arrival | 
     |              |              |           |       |            | Annotation |        |       |  Time   | 
     |--------------+--------------+-----------+-------+------------+------------+--------+-------+---------| 
     | r_int_reg[2] | CK ^         |           | 0.000 | clk        |            | 43.680 |       |   0.000 | 
     | r_int_reg[2] | CK ^ -> Q ^  | DFFR_X1   | 0.105 | r_int[2]   |            | 11.567 | 0.420 |   0.420 | 
     | U165         |              | INV_X1    | 0.105 | r_int[2]   |       SPEF | 11.567 | 0.000 |   0.420 | 
     | U165         | A ^ -> ZN v  | INV_X1    | 0.027 | n183       |            |  2.570 | 0.045 |   0.465 | 
     | U191         |              | OR2_X1    | 0.027 | n183       |       SPEF |  2.570 | 0.000 |   0.465 | 
     | U191         | A1 v -> ZN v | OR2_X1    | 0.035 | n195       |            |  3.325 | 0.181 |   0.646 | 
     | U199         |              | OAI21_X1  | 0.035 | n195       |       SPEF |  3.325 | 0.000 |   0.647 | 
     | U199         | A v -> ZN ^  | OAI21_X1  | 0.075 | n201       |            |  1.938 | 0.076 |   0.723 | 
     | U201         |              | OAI211_X1 | 0.075 | n201       |       SPEF |  1.938 | 0.000 |   0.723 | 
     | U201         | C1 ^ -> ZN v | OAI211_X1 | 0.047 | n205       |            |  2.282 | 0.076 |   0.799 | 
     | U203         |              | NAND4_X1  | 0.047 | n205       |       SPEF |  2.282 | 0.000 |   0.799 | 
     | U203         | A2 v -> ZN ^ | NAND4_X1  | 0.054 | n208       |            |  2.283 | 0.086 |   0.885 | 
     | U204         |              | OAI211_X1 | 0.054 | n208       |       SPEF |  2.283 | 0.000 |   0.885 | 
     | U204         | A ^ -> ZN v  | OAI211_X1 | 0.060 | n217       |            |  1.678 | 0.082 |   0.967 | 
     | U207         |              | NOR2_X1   | 0.060 | n217       |       SPEF |  1.678 | 0.000 |   0.967 | 
     | U207         | A2 v -> ZN ^ | NOR2_X1   | 0.098 | N24        |            |  3.934 | 0.168 |   1.135 | 
     | C203         |              | AND2_X1   | 0.098 | N24        |       SPEF |  3.934 | 0.000 |   1.136 | 
     | C203         | A1 ^ -> ZN ^ | AND2_X1   | 0.050 | N26        |            |  4.718 | 0.150 |   1.286 | 
     | U54          |              | OR2_X1    | 0.050 | N26        |       SPEF |  4.718 | 0.000 |   1.286 | 
     | U54          | A2 ^ -> ZN ^ | OR2_X1    | 0.150 | n30        |            | 17.254 | 0.217 |   1.503 | 
     | U36          |              | OAI222_X1 | 0.150 | n30        |       SPEF | 17.254 | 0.001 |   1.504 | 
     | U36          | B1 ^ -> ZN v | OAI222_X1 | 0.056 | min[3]     |            |  3.238 | 0.148 |   1.652 | 
     | add_66/U82   |              | NOR2_X1   | 0.056 | min[3]     |       SPEF |  3.238 | 0.000 |   1.652 | 
     | add_66/U82   | A2 v -> ZN ^ | NOR2_X1   | 0.137 | add_66/n36 |            |  6.113 | 0.209 |   1.861 | 
     | add_66/U77   |              | OAI21_X1  | 0.137 | add_66/n36 |       SPEF |  6.113 | 0.000 |   1.861 | 
     | add_66/U77   | B1 ^ -> ZN v | OAI21_X1  | 0.046 | add_66/n35 |            |  3.084 | 0.083 |   1.944 | 
     | add_66/U89   |              | AOI21_X2  | 0.046 | add_66/n35 |       SPEF |  3.084 | 0.000 |   1.944 | 
     | add_66/U89   | A v -> ZN ^  | AOI21_X2  | 0.150 | add_66/n1  |            | 11.100 | 0.233 |   2.177 | 
     | add_66/U109  |              | OAI21_X1  | 0.150 | add_66/n1  |       SPEF | 11.100 | 0.000 |   2.177 | 
     | add_66/U109  | B1 ^ -> ZN v | OAI21_X1  | 0.043 | sum[8]     |            |  1.486 | 0.068 |   2.245 | 
     | gray_reg[7]  |              | DFFR_X1   | 0.043 | sum[8]     |       SPEF |  1.486 | 0.000 |   2.245 | 
     +------------------------------------------------------------------------------------------------------+ 
Path 8: MET Setup Check with Pin gray_reg[0]/CK 
Endpoint:   gray_reg[0]/D  (v) checked with  leading edge of 'CLK'
Beginpoint: g_int_reg[6]/Q (^) triggered by  leading edge of 'CLK'
Path Groups: {CLK}
Analysis View: rgb_av
Other End Arrival Time          0.000
- Setup                         0.166
+ Phase Shift                   2.500
= Required Time                 2.334
- Arrival Time                  2.144
= Slack Time                    0.190
     Clock Rise Edge                 0.000
     + Clock Network Latency (Ideal) 0.000
     = Beginpoint Arrival Time       0.000
     +------------------------------------------------------------------------------------------------------+ 
     |   Instance   |     Arc      |   Cell    |  Slew |    Net     |    Arc     |  Load  | Delay | Arrival | 
     |              |              |           |       |            | Annotation |        |       |  Time   | 
     |--------------+--------------+-----------+-------+------------+------------+--------+-------+---------| 
     | g_int_reg[6] | CK ^         |           | 0.000 | clk        |            | 43.680 |       |   0.000 | 
     | g_int_reg[6] | CK ^ -> Q ^  | DFFR_X1   | 0.164 | g_int[6]   |            | 18.962 | 0.479 |   0.479 | 
     | U33          |              | INV_X1    | 0.164 | g_int[6]   |       SPEF | 18.962 | 0.001 |   0.480 | 
     | U33          | A ^ -> ZN v  | INV_X1    | 0.046 | n60        |            |  5.624 | 0.076 |   0.556 | 
     | U46          |              | NAND2_X1  | 0.046 | n60        |       SPEF |  5.624 | 0.000 |   0.556 | 
     | U46          | A2 v -> ZN ^ | NAND2_X1  | 0.087 | n110       |            |  8.417 | 0.127 |   0.683 | 
     | U78          |              | OAI21_X1  | 0.087 | n110       |       SPEF |  8.417 | 0.000 |   0.683 | 
     | U78          | A ^ -> ZN v  | OAI21_X1  | 0.056 | n114       |            |  5.459 | 0.094 |   0.777 | 
     | U103         |              | OAI33_X1  | 0.056 | n114       |       SPEF |  5.459 | 0.000 |   0.777 | 
     | U103         | B2 v -> ZN ^ | OAI33_X1  | 0.247 | n117       |            |  2.739 | 0.352 |   1.128 | 
     | U104         |              | NOR2_X1   | 0.247 | n117       |       SPEF |  2.739 | 0.000 |   1.128 | 
     | U104         | A1 ^ -> ZN v | NOR2_X1   | 0.053 | N20        |            |  2.089 | 0.055 |   1.183 | 
     | C200         |              | AND2_X1   | 0.053 | N20        |       SPEF |  2.089 | 0.000 |   1.183 | 
     | C200         | A1 v -> ZN v | AND2_X1   | 0.023 | N22        |            |  4.078 | 0.125 |   1.308 | 
     | U54          |              | OR2_X1    | 0.023 | N22        |       SPEF |  4.078 | 0.000 |   1.308 | 
     | U54          | A1 v -> ZN v | OR2_X1    | 0.060 | n30        |            | 15.736 | 0.233 |   1.541 | 
     | U39          |              | OAI222_X1 | 0.060 | n30        |       SPEF | 15.736 | 0.001 |   1.542 | 
     | U39          | B1 v -> ZN ^ | OAI222_X1 | 0.229 | min[1]     |            |  5.119 | 0.242 |   1.784 | 
     | add_66/U66   |              | NOR2_X1   | 0.229 | min[1]     |       SPEF |  5.119 | 0.000 |   1.784 | 
     | add_66/U66   | A1 ^ -> ZN v | NOR2_X1   | 0.055 | add_66/n43 |            |  4.109 | 0.076 |   1.860 | 
     | add_66/U115  |              | INV_X1    | 0.055 | add_66/n43 |       SPEF |  4.109 | 0.000 |   1.860 | 
     | add_66/U115  | A v -> ZN ^  | INV_X1    | 0.028 | add_66/n52 |            |  1.733 | 0.061 |   1.921 | 
     | add_66/U64   |              | NAND2_X1  | 0.028 | add_66/n52 |       SPEF |  1.733 | 0.000 |   1.921 | 
     | add_66/U64   | A1 ^ -> ZN v | NAND2_X1  | 0.020 | add_66/n8  |            |  2.386 | 0.039 |   1.960 | 
     | add_66/U86   |              | XOR2_X1   | 0.020 | add_66/n8  |       SPEF |  2.386 | 0.000 |   1.960 | 
     | add_66/U86   | A v -> Z v   | XOR2_X1   | 0.036 | sum[1]     |            |  2.644 | 0.184 |   2.144 | 
     | gray_reg[0]  |              | DFFR_X1   | 0.036 | sum[1]     |       SPEF |  2.644 | 0.000 |   2.144 | 
     +------------------------------------------------------------------------------------------------------+ 
Path 9: MET Setup Check with Pin g_int_reg[3]/CK 
Endpoint:   g_int_reg[3]/D (v) checked with  leading edge of 'CLK'
Beginpoint: g[3]           (v) triggered by  leading edge of 'CLK'
Path Groups: {CLK}
Analysis View: rgb_av
Other End Arrival Time          0.000
- Setup                         0.583
+ Phase Shift                   2.500
= Required Time                 1.917
- Arrival Time                  0.800
= Slack Time                    1.116
     Clock Rise Edge                      0.000
     + Input Delay                        0.800
     = Beginpoint Arrival Time            0.800
     +---------------------------------------------------------------------------------------+ 
     |   Instance   |  Arc   |  Cell   |  Slew |  Net |    Arc     |  Load | Delay | Arrival | 
     |              |        |         |       |      | Annotation |       |       |  Time   | 
     |--------------+--------+---------+-------+------+------------+-------+-------+---------| 
     |              | g[3] v |         | 1.000 | g[3] |       SPEF | 3.274 |       |   0.800 | 
     | g_int_reg[3] |        | DFFR_X1 | 1.000 | g[3] |       SPEF | 3.274 | 0.000 |   0.800 | 
     +---------------------------------------------------------------------------------------+ 
Path 10: MET Setup Check with Pin r_int_reg[4]/CK 
Endpoint:   r_int_reg[4]/D (v) checked with  leading edge of 'CLK'
Beginpoint: r[4]           (v) triggered by  leading edge of 'CLK'
Path Groups: {CLK}
Analysis View: rgb_av
Other End Arrival Time          0.000
- Setup                         0.583
+ Phase Shift                   2.500
= Required Time                 1.917
- Arrival Time                  0.800
= Slack Time                    1.116
     Clock Rise Edge                      0.000
     + Input Delay                        0.800
     = Beginpoint Arrival Time            0.800
     +---------------------------------------------------------------------------------------+ 
     |   Instance   |  Arc   |  Cell   |  Slew |  Net |    Arc     |  Load | Delay | Arrival | 
     |              |        |         |       |      | Annotation |       |       |  Time   | 
     |--------------+--------+---------+-------+------+------------+-------+-------+---------| 
     |              | r[4] v |         | 1.000 | r[4] |       SPEF | 2.435 |       |   0.800 | 
     | r_int_reg[4] |        | DFFR_X1 | 1.000 | r[4] |       SPEF | 2.435 | 0.000 |   0.800 | 
     +---------------------------------------------------------------------------------------+ 

