###############################################################
#  Generated by:      Cadence Innovus 18.10-p002_1
#  OS:                Linux x86_64(Host ID ensc-esil-t1.engineering.sfu.ca)
#  Generated on:      Sat Mar 23 14:31:43 2019
#  Design:            rgb2gray
#  Command:           report_timing -net -format {instance arc cell slew net annotation load delay arrival} -max_paths 10 > results/timing/09-finishing.setup.rpt
###############################################################
Path 1: MET Setup Check with Pin gray_reg[4]/CK 
Endpoint:   gray_reg[4]/D  (^) checked with  leading edge of 'CLK'
Beginpoint: g_int_reg[6]/Q (^) triggered by  leading edge of 'CLK'
Path Groups: {CLK}
Analysis View: rgb_av
Other End Arrival Time          0.000
- Setup                         0.098
+ Phase Shift                   2.500
= Required Time                 2.402
- Arrival Time                  2.360
= Slack Time                    0.042
     Clock Rise Edge                 0.000
     + Clock Network Latency (Ideal) 0.000
     = Beginpoint Arrival Time       0.000
     +------------------------------------------------------------------------------------------------------+ 
     |   Instance   |     Arc      |   Cell    |  Slew |    Net     |    Arc     |  Load  | Delay | Arrival | 
     |              |              |           |       |            | Annotation |        |       |  Time   | 
     |--------------+--------------+-----------+-------+------------+------------+--------+-------+---------| 
     | g_int_reg[6] | CK ^         |           | 0.000 | clk        |            | 40.835 |       |   0.000 | 
     | g_int_reg[6] | CK ^ -> Q ^  | DFFR_X1   | 0.154 | g_int[6]   |            | 17.714 | 0.469 |   0.469 | 
     | U33          |              | INV_X1    | 0.154 | g_int[6]   |       SPEF | 17.714 | 0.001 |   0.469 | 
     | U33          | A ^ -> ZN v  | INV_X1    | 0.042 | n60        |            |  4.952 | 0.070 |   0.539 | 
     | U46          |              | NAND2_X1  | 0.042 | n60        |       SPEF |  4.952 | 0.000 |   0.539 | 
     | U46          | A2 v -> ZN ^ | NAND2_X1  | 0.083 | n110       |            |  7.871 | 0.120 |   0.659 | 
     | U78          |              | OAI21_X1  | 0.083 | n110       |       SPEF |  7.871 | 0.000 |   0.659 | 
     | U78          | A ^ -> ZN v  | OAI21_X1  | 0.053 | n114       |            |  5.028 | 0.090 |   0.749 | 
     | U103         |              | OAI33_X1  | 0.053 | n114       |       SPEF |  5.028 | 0.000 |   0.749 | 
     | U103         | B2 v -> ZN ^ | OAI33_X1  | 0.231 | n117       |            |  2.216 | 0.334 |   1.083 | 
     | U104         |              | NOR2_X1   | 0.231 | n117       |       SPEF |  2.216 | 0.000 |   1.083 | 
     | U104         | A1 ^ -> ZN v | NOR2_X1   | 0.050 | N20        |            |  2.082 | 0.054 |   1.137 | 
     | C200         |              | AND2_X1   | 0.050 | N20        |       SPEF |  2.082 | 0.000 |   1.137 | 
     | C200         | A1 v -> ZN v | AND2_X1   | 0.023 | N22        |            |  3.801 | 0.122 |   1.259 | 
     | U54          |              | OR2_X1    | 0.023 | N22        |       SPEF |  3.801 | 0.000 |   1.259 | 
     | U54          | A1 v -> ZN v | OR2_X1    | 0.058 | n30        |            | 14.724 | 0.230 |   1.489 | 
     | U37          |              | OAI222_X1 | 0.058 | n30        |       SPEF | 14.724 | 0.000 |   1.489 | 
     | U37          | B1 v -> ZN ^ | OAI222_X1 | 0.236 | min[2]     |            |  5.528 | 0.249 |   1.738 | 
     | add_66/U100  |              | NAND2_X1  | 0.236 | min[2]     |       SPEF |  5.528 | 0.000 |   1.738 | 
     | add_66/U100  | A2 ^ -> ZN v | NAND2_X1  | 0.073 | add_66/n40 |            |  5.107 | 0.121 |   1.859 | 
     | add_66/U77   |              | OAI21_X1  | 0.073 | add_66/n40 |       SPEF |  5.107 | 0.000 |   1.859 | 
     | add_66/U77   | B2 v -> ZN ^ | OAI21_X1  | 0.096 | add_66/n35 |            |  3.174 | 0.172 |   2.031 | 
     | add_66/U89   |              | AOI21_X2  | 0.096 | add_66/n35 |       SPEF |  3.174 | 0.000 |   2.031 | 
     | add_66/U89   | A ^ -> ZN v  | AOI21_X2  | 0.041 | add_66/n1  |            |  9.467 | 0.071 |   2.102 | 
     | add_66/U113  |              | OAI21_X1  | 0.041 | add_66/n1  |       SPEF |  9.467 | 0.000 |   2.102 | 
     | add_66/U113  | B1 v -> ZN ^ | OAI21_X1  | 0.083 | add_66/n30 |            |  2.424 | 0.121 |   2.223 | 
     | add_66/U95   |              | XNOR2_X1  | 0.083 | add_66/n30 |       SPEF |  2.424 | 0.000 |   2.223 | 
     | add_66/U95   | A ^ -> ZN ^  | XNOR2_X1  | 0.067 | sum[5]     |            |  1.505 | 0.136 |   2.360 | 
     | gray_reg[4]  |              | DFFR_X1   | 0.067 | sum[5]     |       SPEF |  1.505 | 0.000 |   2.360 | 
     +------------------------------------------------------------------------------------------------------+ 
Path 2: MET Setup Check with Pin gray_reg[6]/CK 
Endpoint:   gray_reg[6]/D  (^) checked with  leading edge of 'CLK'
Beginpoint: g_int_reg[6]/Q (^) triggered by  leading edge of 'CLK'
Path Groups: {CLK}
Analysis View: rgb_av
Other End Arrival Time          0.000
- Setup                         0.098
+ Phase Shift                   2.500
= Required Time                 2.402
- Arrival Time                  2.358
= Slack Time                    0.044
     Clock Rise Edge                 0.000
     + Clock Network Latency (Ideal) 0.000
     = Beginpoint Arrival Time       0.000
     +------------------------------------------------------------------------------------------------------+ 
     |   Instance   |     Arc      |   Cell    |  Slew |    Net     |    Arc     |  Load  | Delay | Arrival | 
     |              |              |           |       |            | Annotation |        |       |  Time   | 
     |--------------+--------------+-----------+-------+------------+------------+--------+-------+---------| 
     | g_int_reg[6] | CK ^         |           | 0.000 | clk        |            | 40.835 |       |   0.000 | 
     | g_int_reg[6] | CK ^ -> Q ^  | DFFR_X1   | 0.154 | g_int[6]   |            | 17.714 | 0.469 |   0.469 | 
     | U33          |              | INV_X1    | 0.154 | g_int[6]   |       SPEF | 17.714 | 0.001 |   0.469 | 
     | U33          | A ^ -> ZN v  | INV_X1    | 0.042 | n60        |            |  4.952 | 0.070 |   0.539 | 
     | U46          |              | NAND2_X1  | 0.042 | n60        |       SPEF |  4.952 | 0.000 |   0.539 | 
     | U46          | A2 v -> ZN ^ | NAND2_X1  | 0.083 | n110       |            |  7.871 | 0.120 |   0.659 | 
     | U78          |              | OAI21_X1  | 0.083 | n110       |       SPEF |  7.871 | 0.000 |   0.659 | 
     | U78          | A ^ -> ZN v  | OAI21_X1  | 0.053 | n114       |            |  5.028 | 0.090 |   0.749 | 
     | U103         |              | OAI33_X1  | 0.053 | n114       |       SPEF |  5.028 | 0.000 |   0.749 | 
     | U103         | B2 v -> ZN ^ | OAI33_X1  | 0.231 | n117       |            |  2.216 | 0.334 |   1.083 | 
     | U104         |              | NOR2_X1   | 0.231 | n117       |       SPEF |  2.216 | 0.000 |   1.083 | 
     | U104         | A1 ^ -> ZN v | NOR2_X1   | 0.050 | N20        |            |  2.082 | 0.054 |   1.137 | 
     | C200         |              | AND2_X1   | 0.050 | N20        |       SPEF |  2.082 | 0.000 |   1.137 | 
     | C200         | A1 v -> ZN v | AND2_X1   | 0.023 | N22        |            |  3.801 | 0.122 |   1.259 | 
     | U54          |              | OR2_X1    | 0.023 | N22        |       SPEF |  3.801 | 0.000 |   1.259 | 
     | U54          | A1 v -> ZN v | OR2_X1    | 0.058 | n30        |            | 14.724 | 0.230 |   1.489 | 
     | U37          |              | OAI222_X1 | 0.058 | n30        |       SPEF | 14.724 | 0.000 |   1.489 | 
     | U37          | B1 v -> ZN ^ | OAI222_X1 | 0.236 | min[2]     |            |  5.528 | 0.249 |   1.738 | 
     | add_66/U100  |              | NAND2_X1  | 0.236 | min[2]     |       SPEF |  5.528 | 0.000 |   1.738 | 
     | add_66/U100  | A2 ^ -> ZN v | NAND2_X1  | 0.073 | add_66/n40 |            |  5.107 | 0.121 |   1.859 | 
     | add_66/U77   |              | OAI21_X1  | 0.073 | add_66/n40 |       SPEF |  5.107 | 0.000 |   1.859 | 
     | add_66/U77   | B2 v -> ZN ^ | OAI21_X1  | 0.096 | add_66/n35 |            |  3.174 | 0.172 |   2.031 | 
     | add_66/U89   |              | AOI21_X2  | 0.096 | add_66/n35 |       SPEF |  3.174 | 0.000 |   2.031 | 
     | add_66/U89   | A ^ -> ZN v  | AOI21_X2  | 0.041 | add_66/n1  |            |  9.467 | 0.071 |   2.102 | 
     | add_66/U111  |              | OAI21_X1  | 0.041 | add_66/n1  |       SPEF |  9.467 | 0.000 |   2.102 | 
     | add_66/U111  | B1 v -> ZN ^ | OAI21_X1  | 0.082 | add_66/n16 |            |  2.358 | 0.120 |   2.222 | 
     | add_66/U108  |              | XNOR2_X1  | 0.082 | add_66/n16 |       SPEF |  2.358 | 0.000 |   2.222 | 
     | add_66/U108  | A ^ -> ZN ^  | XNOR2_X1  | 0.068 | sum[7]     |            |  1.485 | 0.136 |   2.358 | 
     | gray_reg[6]  |              | DFFR_X1   | 0.068 | sum[7]     |       SPEF |  1.485 | 0.000 |   2.358 | 
     +------------------------------------------------------------------------------------------------------+ 
Path 3: MET Setup Check with Pin gray_reg[5]/CK 
Endpoint:   gray_reg[5]/D  (^) checked with  leading edge of 'CLK'
Beginpoint: g_int_reg[6]/Q (^) triggered by  leading edge of 'CLK'
Path Groups: {CLK}
Analysis View: rgb_av
Other End Arrival Time          0.000
- Setup                         0.097
+ Phase Shift                   2.500
= Required Time                 2.403
- Arrival Time                  2.359
= Slack Time                    0.044
     Clock Rise Edge                 0.000
     + Clock Network Latency (Ideal) 0.000
     = Beginpoint Arrival Time       0.000
     +------------------------------------------------------------------------------------------------------+ 
     |   Instance   |     Arc      |   Cell    |  Slew |    Net     |    Arc     |  Load  | Delay | Arrival | 
     |              |              |           |       |            | Annotation |        |       |  Time   | 
     |--------------+--------------+-----------+-------+------------+------------+--------+-------+---------| 
     | g_int_reg[6] | CK ^         |           | 0.000 | clk        |            | 40.835 |       |   0.000 | 
     | g_int_reg[6] | CK ^ -> Q ^  | DFFR_X1   | 0.154 | g_int[6]   |            | 17.714 | 0.469 |   0.469 | 
     | U33          |              | INV_X1    | 0.154 | g_int[6]   |       SPEF | 17.714 | 0.001 |   0.469 | 
     | U33          | A ^ -> ZN v  | INV_X1    | 0.042 | n60        |            |  4.952 | 0.070 |   0.539 | 
     | U46          |              | NAND2_X1  | 0.042 | n60        |       SPEF |  4.952 | 0.000 |   0.539 | 
     | U46          | A2 v -> ZN ^ | NAND2_X1  | 0.083 | n110       |            |  7.871 | 0.120 |   0.659 | 
     | U78          |              | OAI21_X1  | 0.083 | n110       |       SPEF |  7.871 | 0.000 |   0.659 | 
     | U78          | A ^ -> ZN v  | OAI21_X1  | 0.053 | n114       |            |  5.028 | 0.090 |   0.749 | 
     | U103         |              | OAI33_X1  | 0.053 | n114       |       SPEF |  5.028 | 0.000 |   0.749 | 
     | U103         | B2 v -> ZN ^ | OAI33_X1  | 0.231 | n117       |            |  2.216 | 0.334 |   1.083 | 
     | U104         |              | NOR2_X1   | 0.231 | n117       |       SPEF |  2.216 | 0.000 |   1.083 | 
     | U104         | A1 ^ -> ZN v | NOR2_X1   | 0.050 | N20        |            |  2.082 | 0.054 |   1.137 | 
     | C200         |              | AND2_X1   | 0.050 | N20        |       SPEF |  2.082 | 0.000 |   1.137 | 
     | C200         | A1 v -> ZN v | AND2_X1   | 0.023 | N22        |            |  3.801 | 0.122 |   1.259 | 
     | U54          |              | OR2_X1    | 0.023 | N22        |       SPEF |  3.801 | 0.000 |   1.259 | 
     | U54          | A1 v -> ZN v | OR2_X1    | 0.058 | n30        |            | 14.724 | 0.230 |   1.489 | 
     | U37          |              | OAI222_X1 | 0.058 | n30        |       SPEF | 14.724 | 0.000 |   1.489 | 
     | U37          | B1 v -> ZN ^ | OAI222_X1 | 0.236 | min[2]     |            |  5.528 | 0.249 |   1.738 | 
     | add_66/U100  |              | NAND2_X1  | 0.236 | min[2]     |       SPEF |  5.528 | 0.000 |   1.738 | 
     | add_66/U100  | A2 ^ -> ZN v | NAND2_X1  | 0.073 | add_66/n40 |            |  5.107 | 0.121 |   1.859 | 
     | add_66/U77   |              | OAI21_X1  | 0.073 | add_66/n40 |       SPEF |  5.107 | 0.000 |   1.859 | 
     | add_66/U77   | B2 v -> ZN ^ | OAI21_X1  | 0.096 | add_66/n35 |            |  3.174 | 0.172 |   2.031 | 
     | add_66/U89   |              | AOI21_X2  | 0.096 | add_66/n35 |       SPEF |  3.174 | 0.000 |   2.031 | 
     | add_66/U89   | A ^ -> ZN v  | AOI21_X2  | 0.041 | add_66/n1  |            |  9.467 | 0.071 |   2.102 | 
     | add_66/U112  |              | OAI21_X1  | 0.041 | add_66/n1  |       SPEF |  9.467 | 0.000 |   2.102 | 
     | add_66/U112  | B1 v -> ZN ^ | OAI21_X1  | 0.084 | add_66/n23 |            |  2.458 | 0.122 |   2.224 | 
     | add_66/U97   |              | XNOR2_X1  | 0.084 | add_66/n23 |       SPEF |  2.458 | 0.000 |   2.224 | 
     | add_66/U97   | A ^ -> ZN ^  | XNOR2_X1  | 0.065 | sum[6]     |            |  1.310 | 0.135 |   2.359 | 
     | gray_reg[5]  |              | DFFR_X1   | 0.065 | sum[6]     |       SPEF |  1.310 | 0.000 |   2.359 | 
     +------------------------------------------------------------------------------------------------------+ 
Path 4: MET Setup Check with Pin gray_reg[3]/CK 
Endpoint:   gray_reg[3]/D  (v) checked with  leading edge of 'CLK'
Beginpoint: g_int_reg[6]/Q (^) triggered by  leading edge of 'CLK'
Path Groups: {CLK}
Analysis View: rgb_av
Other End Arrival Time          0.000
- Setup                         0.169
+ Phase Shift                   2.500
= Required Time                 2.331
- Arrival Time                  2.287
= Slack Time                    0.044
     Clock Rise Edge                 0.000
     + Clock Network Latency (Ideal) 0.000
     = Beginpoint Arrival Time       0.000
     +------------------------------------------------------------------------------------------------------+ 
     |   Instance   |     Arc      |   Cell    |  Slew |    Net     |    Arc     |  Load  | Delay | Arrival | 
     |              |              |           |       |            | Annotation |        |       |  Time   | 
     |--------------+--------------+-----------+-------+------------+------------+--------+-------+---------| 
     | g_int_reg[6] | CK ^         |           | 0.000 | clk        |            | 40.835 |       |   0.000 | 
     | g_int_reg[6] | CK ^ -> Q ^  | DFFR_X1   | 0.154 | g_int[6]   |            | 17.714 | 0.469 |   0.469 | 
     | U33          |              | INV_X1    | 0.154 | g_int[6]   |       SPEF | 17.714 | 0.001 |   0.469 | 
     | U33          | A ^ -> ZN v  | INV_X1    | 0.042 | n60        |            |  4.952 | 0.070 |   0.539 | 
     | U46          |              | NAND2_X1  | 0.042 | n60        |       SPEF |  4.952 | 0.000 |   0.539 | 
     | U46          | A2 v -> ZN ^ | NAND2_X1  | 0.083 | n110       |            |  7.871 | 0.120 |   0.659 | 
     | U78          |              | OAI21_X1  | 0.083 | n110       |       SPEF |  7.871 | 0.000 |   0.659 | 
     | U78          | A ^ -> ZN v  | OAI21_X1  | 0.053 | n114       |            |  5.028 | 0.090 |   0.749 | 
     | U103         |              | OAI33_X1  | 0.053 | n114       |       SPEF |  5.028 | 0.000 |   0.749 | 
     | U103         | B2 v -> ZN ^ | OAI33_X1  | 0.231 | n117       |            |  2.216 | 0.334 |   1.083 | 
     | U104         |              | NOR2_X1   | 0.231 | n117       |       SPEF |  2.216 | 0.000 |   1.083 | 
     | U104         | A1 ^ -> ZN v | NOR2_X1   | 0.050 | N20        |            |  2.082 | 0.054 |   1.137 | 
     | C200         |              | AND2_X1   | 0.050 | N20        |       SPEF |  2.082 | 0.000 |   1.137 | 
     | C200         | A1 v -> ZN v | AND2_X1   | 0.023 | N22        |            |  3.801 | 0.122 |   1.259 | 
     | U54          |              | OR2_X1    | 0.023 | N22        |       SPEF |  3.801 | 0.000 |   1.259 | 
     | U54          | A1 v -> ZN v | OR2_X1    | 0.058 | n30        |            | 14.724 | 0.230 |   1.489 | 
     | U37          |              | OAI222_X1 | 0.058 | n30        |       SPEF | 14.724 | 0.000 |   1.489 | 
     | U37          | B1 v -> ZN ^ | OAI222_X1 | 0.236 | min[2]     |            |  5.528 | 0.249 |   1.738 | 
     | add_66/U100  |              | NAND2_X1  | 0.236 | min[2]     |       SPEF |  5.528 | 0.000 |   1.738 | 
     | add_66/U100  | A2 ^ -> ZN v | NAND2_X1  | 0.073 | add_66/n40 |            |  5.107 | 0.121 |   1.859 | 
     | add_66/U77   |              | OAI21_X1  | 0.073 | add_66/n40 |       SPEF |  5.107 | 0.000 |   1.859 | 
     | add_66/U77   | B2 v -> ZN ^ | OAI21_X1  | 0.096 | add_66/n35 |            |  3.174 | 0.172 |   2.031 | 
     | add_66/U89   |              | AOI21_X2  | 0.096 | add_66/n35 |       SPEF |  3.174 | 0.000 |   2.031 | 
     | add_66/U89   | A ^ -> ZN v  | AOI21_X2  | 0.041 | add_66/n1  |            |  9.467 | 0.071 |   2.102 | 
     | add_66/U110  |              | XOR2_X1   | 0.041 | add_66/n1  |       SPEF |  9.467 | 0.000 |   2.102 | 
     | add_66/U110  | A v -> Z v   | XOR2_X1   | 0.040 | sum[4]     |            |  1.166 | 0.185 |   2.287 | 
     | gray_reg[3]  |              | DFFR_X1   | 0.040 | sum[4]     |       SPEF |  1.166 | 0.000 |   2.287 | 
     +------------------------------------------------------------------------------------------------------+ 
Path 5: MET Setup Check with Pin gray_reg[2]/CK 
Endpoint:   gray_reg[2]/D  (^) checked with  leading edge of 'CLK'
Beginpoint: g_int_reg[6]/Q (^) triggered by  leading edge of 'CLK'
Path Groups: {CLK}
Analysis View: rgb_av
Other End Arrival Time          0.000
- Setup                         0.098
+ Phase Shift                   2.500
= Required Time                 2.402
- Arrival Time                  2.308
= Slack Time                    0.095
     Clock Rise Edge                 0.000
     + Clock Network Latency (Ideal) 0.000
     = Beginpoint Arrival Time       0.000
     +------------------------------------------------------------------------------------------------------+ 
     |   Instance   |     Arc      |   Cell    |  Slew |    Net     |    Arc     |  Load  | Delay | Arrival | 
     |              |              |           |       |            | Annotation |        |       |  Time   | 
     |--------------+--------------+-----------+-------+------------+------------+--------+-------+---------| 
     | g_int_reg[6] | CK ^         |           | 0.000 | clk        |            | 40.835 |       |   0.000 | 
     | g_int_reg[6] | CK ^ -> Q ^  | DFFR_X1   | 0.154 | g_int[6]   |            | 17.714 | 0.469 |   0.469 | 
     | U33          |              | INV_X1    | 0.154 | g_int[6]   |       SPEF | 17.714 | 0.001 |   0.469 | 
     | U33          | A ^ -> ZN v  | INV_X1    | 0.042 | n60        |            |  4.952 | 0.070 |   0.539 | 
     | U46          |              | NAND2_X1  | 0.042 | n60        |       SPEF |  4.952 | 0.000 |   0.539 | 
     | U46          | A2 v -> ZN ^ | NAND2_X1  | 0.083 | n110       |            |  7.871 | 0.120 |   0.659 | 
     | U78          |              | OAI21_X1  | 0.083 | n110       |       SPEF |  7.871 | 0.000 |   0.659 | 
     | U78          | A ^ -> ZN v  | OAI21_X1  | 0.053 | n114       |            |  5.028 | 0.090 |   0.749 | 
     | U103         |              | OAI33_X1  | 0.053 | n114       |       SPEF |  5.028 | 0.000 |   0.749 | 
     | U103         | B2 v -> ZN ^ | OAI33_X1  | 0.231 | n117       |            |  2.216 | 0.334 |   1.083 | 
     | U104         |              | NOR2_X1   | 0.231 | n117       |       SPEF |  2.216 | 0.000 |   1.083 | 
     | U104         | A1 ^ -> ZN v | NOR2_X1   | 0.050 | N20        |            |  2.082 | 0.054 |   1.137 | 
     | C200         |              | AND2_X1   | 0.050 | N20        |       SPEF |  2.082 | 0.000 |   1.137 | 
     | C200         | A1 v -> ZN v | AND2_X1   | 0.023 | N22        |            |  3.801 | 0.122 |   1.259 | 
     | U54          |              | OR2_X1    | 0.023 | N22        |       SPEF |  3.801 | 0.000 |   1.259 | 
     | U54          | A1 v -> ZN v | OR2_X1    | 0.058 | n30        |            | 14.724 | 0.230 |   1.489 | 
     | U15          |              | OAI222_X1 | 0.058 | n30        |       SPEF | 14.724 | 0.000 |   1.489 | 
     | U15          | B1 v -> ZN ^ | OAI222_X1 | 0.166 | min[0]     |            |  1.856 | 0.176 |   1.665 | 
     | add_66/U87   |              | NAND2_X1  | 0.166 | min[0]     |       SPEF |  1.856 | 0.000 |   1.665 | 
     | add_66/U87   | A1 ^ -> ZN v | NAND2_X1  | 0.060 | add_66/n45 |            |  5.535 | 0.107 |   1.772 | 
     | add_66/U96   |              | OAI21_X1  | 0.060 | add_66/n45 |       SPEF |  5.535 | 0.000 |   1.772 | 
     | add_66/U96   | B2 v -> ZN ^ | OAI21_X1  | 0.145 | add_66/n42 |            |  5.903 | 0.219 |   1.992 | 
     | add_66/U78   |              | INV_X1    | 0.145 | add_66/n42 |       SPEF |  5.903 | 0.000 |   1.992 | 
     | add_66/U78   | A ^ -> ZN v  | INV_X1    | 0.038 | add_66/n41 |            |  4.054 | 0.062 |   2.054 | 
     | add_66/U98   |              | OAI21_X1  | 0.038 | add_66/n41 |       SPEF |  4.054 | 0.000 |   2.054 | 
     | add_66/U98   | B1 v -> ZN ^ | OAI21_X1  | 0.082 | add_66/n38 |            |  2.361 | 0.118 |   2.172 | 
     | add_66/U75   |              | XNOR2_X1  | 0.082 | add_66/n38 |       SPEF |  2.361 | 0.000 |   2.172 | 
     | add_66/U75   | A ^ -> ZN ^  | XNOR2_X1  | 0.067 | sum[3]     |            |  1.417 | 0.135 |   2.308 | 
     | gray_reg[2]  |              | DFFR_X1   | 0.067 | sum[3]     |       SPEF |  1.417 | 0.000 |   2.308 | 
     +------------------------------------------------------------------------------------------------------+ 
Path 6: MET Setup Check with Pin gray_reg[1]/CK 
Endpoint:   gray_reg[1]/D  (v) checked with  leading edge of 'CLK'
Beginpoint: g_int_reg[6]/Q (^) triggered by  leading edge of 'CLK'
Path Groups: {CLK}
Analysis View: rgb_av
Other End Arrival Time          0.000
- Setup                         0.164
+ Phase Shift                   2.500
= Required Time                 2.336
- Arrival Time                  2.239
= Slack Time                    0.096
     Clock Rise Edge                 0.000
     + Clock Network Latency (Ideal) 0.000
     = Beginpoint Arrival Time       0.000
     +------------------------------------------------------------------------------------------------------+ 
     |   Instance   |     Arc      |   Cell    |  Slew |    Net     |    Arc     |  Load  | Delay | Arrival | 
     |              |              |           |       |            | Annotation |        |       |  Time   | 
     |--------------+--------------+-----------+-------+------------+------------+--------+-------+---------| 
     | g_int_reg[6] | CK ^         |           | 0.000 | clk        |            | 40.835 |       |   0.000 | 
     | g_int_reg[6] | CK ^ -> Q ^  | DFFR_X1   | 0.154 | g_int[6]   |            | 17.714 | 0.469 |   0.469 | 
     | U33          |              | INV_X1    | 0.154 | g_int[6]   |       SPEF | 17.714 | 0.001 |   0.469 | 
     | U33          | A ^ -> ZN v  | INV_X1    | 0.042 | n60        |            |  4.952 | 0.070 |   0.539 | 
     | U46          |              | NAND2_X1  | 0.042 | n60        |       SPEF |  4.952 | 0.000 |   0.539 | 
     | U46          | A2 v -> ZN ^ | NAND2_X1  | 0.083 | n110       |            |  7.871 | 0.120 |   0.659 | 
     | U78          |              | OAI21_X1  | 0.083 | n110       |       SPEF |  7.871 | 0.000 |   0.659 | 
     | U78          | A ^ -> ZN v  | OAI21_X1  | 0.053 | n114       |            |  5.028 | 0.090 |   0.749 | 
     | U103         |              | OAI33_X1  | 0.053 | n114       |       SPEF |  5.028 | 0.000 |   0.749 | 
     | U103         | B2 v -> ZN ^ | OAI33_X1  | 0.231 | n117       |            |  2.216 | 0.334 |   1.083 | 
     | U104         |              | NOR2_X1   | 0.231 | n117       |       SPEF |  2.216 | 0.000 |   1.083 | 
     | U104         | A1 ^ -> ZN v | NOR2_X1   | 0.050 | N20        |            |  2.082 | 0.054 |   1.137 | 
     | C200         |              | AND2_X1   | 0.050 | N20        |       SPEF |  2.082 | 0.000 |   1.137 | 
     | C200         | A1 v -> ZN v | AND2_X1   | 0.023 | N22        |            |  3.801 | 0.122 |   1.259 | 
     | U54          |              | OR2_X1    | 0.023 | N22        |       SPEF |  3.801 | 0.000 |   1.259 | 
     | U54          | A1 v -> ZN v | OR2_X1    | 0.058 | n30        |            | 14.724 | 0.230 |   1.489 | 
     | U15          |              | OAI222_X1 | 0.058 | n30        |       SPEF | 14.724 | 0.000 |   1.489 | 
     | U15          | B1 v -> ZN ^ | OAI222_X1 | 0.166 | min[0]     |            |  1.856 | 0.176 |   1.665 | 
     | add_66/U87   |              | NAND2_X1  | 0.166 | min[0]     |       SPEF |  1.856 | 0.000 |   1.665 | 
     | add_66/U87   | A1 ^ -> ZN v | NAND2_X1  | 0.060 | add_66/n45 |            |  5.535 | 0.107 |   1.772 | 
     | add_66/U96   |              | OAI21_X1  | 0.060 | add_66/n45 |       SPEF |  5.535 | 0.000 |   1.772 | 
     | add_66/U96   | B2 v -> ZN ^ | OAI21_X1  | 0.145 | add_66/n42 |            |  5.903 | 0.219 |   1.992 | 
     | add_66/U78   |              | INV_X1    | 0.145 | add_66/n42 |       SPEF |  5.903 | 0.000 |   1.992 | 
     | add_66/U78   | A ^ -> ZN v  | INV_X1    | 0.038 | add_66/n41 |            |  4.054 | 0.062 |   2.054 | 
     | add_66/U79   |              | XOR2_X1   | 0.038 | add_66/n41 |       SPEF |  4.054 | 0.000 |   2.054 | 
     | add_66/U79   | A v -> Z v   | XOR2_X1   | 0.032 | sum[2]     |            |  1.439 | 0.185 |   2.239 | 
     | gray_reg[1]  |              | DFFR_X1   | 0.032 | sum[2]     |       SPEF |  1.439 | 0.000 |   2.239 | 
     +------------------------------------------------------------------------------------------------------+ 
Path 7: MET Setup Check with Pin gray_reg[7]/CK 
Endpoint:   gray_reg[7]/D  (v) checked with  leading edge of 'CLK'
Beginpoint: r_int_reg[6]/Q (^) triggered by  leading edge of 'CLK'
Path Groups: {CLK}
Analysis View: rgb_av
Other End Arrival Time          0.000
- Setup                         0.169
+ Phase Shift                   2.500
= Required Time                 2.331
- Arrival Time                  2.141
= Slack Time                    0.191
     Clock Rise Edge                 0.000
     + Clock Network Latency (Ideal) 0.000
     = Beginpoint Arrival Time       0.000
     +------------------------------------------------------------------------------------------------------+ 
     |   Instance   |     Arc      |   Cell    |  Slew |    Net     |    Arc     |  Load  | Delay | Arrival | 
     |              |              |           |       |            | Annotation |        |       |  Time   | 
     |--------------+--------------+-----------+-------+------------+------------+--------+-------+---------| 
     | r_int_reg[6] | CK ^         |           | 0.000 | clk        |            | 40.835 |       |   0.000 | 
     | r_int_reg[6] | CK ^ -> Q ^  | DFFR_X1   | 0.135 | r_int[6]   |            | 15.333 | 0.449 |   0.449 | 
     | U156         |              | INV_X1    | 0.135 | r_int[6]   |       SPEF | 15.333 | 0.001 |   0.450 | 
     | U156         | A ^ -> ZN v  | INV_X1    | 0.038 | n187       |            |  4.873 | 0.066 |   0.516 | 
     | U179         |              | OAI21_X1  | 0.038 | n187       |       SPEF |  4.873 | 0.000 |   0.516 | 
     | U179         | B2 v -> ZN ^ | OAI21_X1  | 0.141 | n213       |            |  5.671 | 0.204 |   0.720 | 
     | U180         |              | INV_X1    | 0.141 | n213       |       SPEF |  5.671 | 0.000 |   0.720 | 
     | U180         | A ^ -> ZN v  | INV_X1    | 0.040 | n206       |            |  5.143 | 0.069 |   0.789 | 
     | U203         |              | NAND4_X1  | 0.040 | n206       |       SPEF |  5.143 | 0.000 |   0.789 | 
     | U203         | A1 v -> ZN ^ | NAND4_X1  | 0.051 | n208       |            |  1.886 | 0.070 |   0.859 | 
     | U204         |              | OAI211_X1 | 0.051 | n208       |       SPEF |  1.886 | 0.000 |   0.859 | 
     | U204         | A ^ -> ZN v  | OAI211_X1 | 0.059 | n217       |            |  1.626 | 0.080 |   0.939 | 
     | U207         |              | NOR2_X1   | 0.059 | n217       |       SPEF |  1.626 | 0.000 |   0.939 | 
     | U207         | A2 v -> ZN ^ | NOR2_X1   | 0.074 | N24        |            |  2.574 | 0.140 |   1.080 | 
     | C203         |              | AND2_X1   | 0.074 | N24        |       SPEF |  2.574 | 0.000 |   1.080 | 
     | C203         | A1 ^ -> ZN ^ | AND2_X1   | 0.047 | N26        |            |  4.317 | 0.137 |   1.216 | 
     | U54          |              | OR2_X1    | 0.047 | N26        |       SPEF |  4.317 | 0.000 |   1.217 | 
     | U54          | A2 ^ -> ZN ^ | OR2_X1    | 0.141 | n30        |            | 16.242 | 0.207 |   1.423 | 
     | U36          |              | OAI222_X1 | 0.141 | n30        |       SPEF | 16.242 | 0.000 |   1.423 | 
     | U36          | B1 ^ -> ZN v | OAI222_X1 | 0.055 | min[3]     |            |  3.274 | 0.145 |   1.569 | 
     | add_66/U82   |              | NOR2_X1   | 0.055 | min[3]     |       SPEF |  3.274 | 0.000 |   1.569 | 
     | add_66/U82   | A2 v -> ZN ^ | NOR2_X1   | 0.131 | add_66/n36 |            |  5.774 | 0.202 |   1.771 | 
     | add_66/U77   |              | OAI21_X1  | 0.131 | add_66/n36 |       SPEF |  5.774 | 0.000 |   1.771 | 
     | add_66/U77   | B1 ^ -> ZN v | OAI21_X1  | 0.045 | add_66/n35 |            |  2.976 | 0.080 |   1.851 | 
     | add_66/U89   |              | AOI21_X2  | 0.045 | add_66/n35 |       SPEF |  2.976 | 0.000 |   1.851 | 
     | add_66/U89   | A v -> ZN ^  | AOI21_X2  | 0.144 | add_66/n1  |            | 10.361 | 0.225 |   2.076 | 
     | add_66/U109  |              | OAI21_X1  | 0.144 | add_66/n1  |       SPEF | 10.361 | 0.000 |   2.076 | 
     | add_66/U109  | B1 ^ -> ZN v | OAI21_X1  | 0.041 | sum[8]     |            |  1.279 | 0.064 |   2.141 | 
     | gray_reg[7]  |              | DFFR_X1   | 0.041 | sum[8]     |       SPEF |  1.279 | 0.000 |   2.141 | 
     +------------------------------------------------------------------------------------------------------+ 
Path 8: MET Setup Check with Pin gray_reg[0]/CK 
Endpoint:   gray_reg[0]/D  (v) checked with  leading edge of 'CLK'
Beginpoint: g_int_reg[6]/Q (^) triggered by  leading edge of 'CLK'
Path Groups: {CLK}
Analysis View: rgb_av
Other End Arrival Time          0.000
- Setup                         0.166
+ Phase Shift                   2.500
= Required Time                 2.334
- Arrival Time                  2.067
= Slack Time                    0.267
     Clock Rise Edge                 0.000
     + Clock Network Latency (Ideal) 0.000
     = Beginpoint Arrival Time       0.000
     +------------------------------------------------------------------------------------------------------+ 
     |   Instance   |     Arc      |   Cell    |  Slew |    Net     |    Arc     |  Load  | Delay | Arrival | 
     |              |              |           |       |            | Annotation |        |       |  Time   | 
     |--------------+--------------+-----------+-------+------------+------------+--------+-------+---------| 
     | g_int_reg[6] | CK ^         |           | 0.000 | clk        |            | 40.835 |       |   0.000 | 
     | g_int_reg[6] | CK ^ -> Q ^  | DFFR_X1   | 0.154 | g_int[6]   |            | 17.714 | 0.469 |   0.469 | 
     | U33          |              | INV_X1    | 0.154 | g_int[6]   |       SPEF | 17.714 | 0.001 |   0.469 | 
     | U33          | A ^ -> ZN v  | INV_X1    | 0.042 | n60        |            |  4.952 | 0.070 |   0.539 | 
     | U46          |              | NAND2_X1  | 0.042 | n60        |       SPEF |  4.952 | 0.000 |   0.539 | 
     | U46          | A2 v -> ZN ^ | NAND2_X1  | 0.083 | n110       |            |  7.871 | 0.120 |   0.659 | 
     | U78          |              | OAI21_X1  | 0.083 | n110       |       SPEF |  7.871 | 0.000 |   0.659 | 
     | U78          | A ^ -> ZN v  | OAI21_X1  | 0.053 | n114       |            |  5.028 | 0.090 |   0.749 | 
     | U103         |              | OAI33_X1  | 0.053 | n114       |       SPEF |  5.028 | 0.000 |   0.749 | 
     | U103         | B2 v -> ZN ^ | OAI33_X1  | 0.231 | n117       |            |  2.216 | 0.334 |   1.083 | 
     | U104         |              | NOR2_X1   | 0.231 | n117       |       SPEF |  2.216 | 0.000 |   1.083 | 
     | U104         | A1 ^ -> ZN v | NOR2_X1   | 0.050 | N20        |            |  2.082 | 0.054 |   1.137 | 
     | C200         |              | AND2_X1   | 0.050 | N20        |       SPEF |  2.082 | 0.000 |   1.137 | 
     | C200         | A1 v -> ZN v | AND2_X1   | 0.023 | N22        |            |  3.801 | 0.122 |   1.259 | 
     | U54          |              | OR2_X1    | 0.023 | N22        |       SPEF |  3.801 | 0.000 |   1.259 | 
     | U54          | A1 v -> ZN v | OR2_X1    | 0.058 | n30        |            | 14.724 | 0.230 |   1.489 | 
     | U39          |              | OAI222_X1 | 0.058 | n30        |       SPEF | 14.724 | 0.000 |   1.489 | 
     | U39          | B1 v -> ZN ^ | OAI222_X1 | 0.218 | min[1]     |            |  4.534 | 0.229 |   1.718 | 
     | add_66/U66   |              | NOR2_X1   | 0.218 | min[1]     |       SPEF |  4.534 | 0.000 |   1.718 | 
     | add_66/U66   | A1 ^ -> ZN v | NOR2_X1   | 0.052 | add_66/n43 |            |  3.537 | 0.069 |   1.788 | 
     | add_66/U115  |              | INV_X1    | 0.052 | add_66/n43 |       SPEF |  3.537 | 0.000 |   1.788 | 
     | add_66/U115  | A v -> ZN ^  | INV_X1    | 0.027 | add_66/n52 |            |  1.720 | 0.059 |   1.847 | 
     | add_66/U64   |              | NAND2_X1  | 0.027 | add_66/n52 |       SPEF |  1.720 | 0.000 |   1.847 | 
     | add_66/U64   | A1 ^ -> ZN v | NAND2_X1  | 0.019 | add_66/n8  |            |  2.331 | 0.038 |   1.885 | 
     | add_66/U86   |              | XOR2_X1   | 0.019 | add_66/n8  |       SPEF |  2.331 | 0.000 |   1.885 | 
     | add_66/U86   | A v -> Z v   | XOR2_X1   | 0.035 | sum[1]     |            |  2.307 | 0.182 |   2.067 | 
     | gray_reg[0]  |              | DFFR_X1   | 0.035 | sum[1]     |       SPEF |  2.307 | 0.000 |   2.067 | 
     +------------------------------------------------------------------------------------------------------+ 
Path 9: MET Setup Check with Pin r_int_reg[5]/CK 
Endpoint:   r_int_reg[5]/D (v) checked with  leading edge of 'CLK'
Beginpoint: r[5]           (v) triggered by  leading edge of 'CLK'
Path Groups: {CLK}
Analysis View: rgb_av
Other End Arrival Time          0.000
- Setup                         0.583
+ Phase Shift                   2.500
= Required Time                 1.917
- Arrival Time                  0.800
= Slack Time                    1.116
     Clock Rise Edge                      0.000
     + Input Delay                        0.800
     = Beginpoint Arrival Time            0.800
     +---------------------------------------------------------------------------------------+ 
     |   Instance   |  Arc   |  Cell   |  Slew |  Net |    Arc     |  Load | Delay | Arrival | 
     |              |        |         |       |      | Annotation |       |       |  Time   | 
     |--------------+--------+---------+-------+------+------------+-------+-------+---------| 
     |              | r[5] v |         | 1.000 | r[5] |       SPEF | 3.644 |       |   0.800 | 
     | r_int_reg[5] |        | DFFR_X1 | 1.000 | r[5] |       SPEF | 3.644 | 0.000 |   0.800 | 
     +---------------------------------------------------------------------------------------+ 
Path 10: MET Setup Check with Pin g_int_reg[3]/CK 
Endpoint:   g_int_reg[3]/D (v) checked with  leading edge of 'CLK'
Beginpoint: g[3]           (v) triggered by  leading edge of 'CLK'
Path Groups: {CLK}
Analysis View: rgb_av
Other End Arrival Time          0.000
- Setup                         0.583
+ Phase Shift                   2.500
= Required Time                 1.917
- Arrival Time                  0.800
= Slack Time                    1.116
     Clock Rise Edge                      0.000
     + Input Delay                        0.800
     = Beginpoint Arrival Time            0.800
     +---------------------------------------------------------------------------------------+ 
     |   Instance   |  Arc   |  Cell   |  Slew |  Net |    Arc     |  Load | Delay | Arrival | 
     |              |        |         |       |      | Annotation |       |       |  Time   | 
     |--------------+--------+---------+-------+------+------------+-------+-------+---------| 
     |              | g[3] v |         | 1.000 | g[3] |       SPEF | 2.816 |       |   0.800 | 
     | g_int_reg[3] |        | DFFR_X1 | 1.000 | g[3] |       SPEF | 2.816 | 0.000 |   0.800 | 
     +---------------------------------------------------------------------------------------+ 

